CHGNet v0.3.0 initialized with 412,525 parameters
CHGNet will run on cuda
Processing target data... 
Reading from file: _disordered_cifs/CoFe.vasp

Branch: stropt
Reading from file: CoFe/stropt/CoFe_virtual_22_stropt.vasp
Bonding matrix distance:  0.0  Unaverageness:  0.0
Reading from file: CoFe/stropt/CoFe_virtual_54_stropt.vasp
Bonding matrix distance:  0.0  Unaverageness:  0.0
Reading from file: CoFe/stropt/CoFe_virtual_88_stropt.vasp
Bonding matrix distance:  0.0  Unaverageness:  0.0
Reading from file: CoFe/stropt/CoFe_virtual_97_stropt.vasp
Bonding matrix distance:  0.0  Unaverageness:  0.0
Reading from file: CoFe/stropt/CoFe_virtual_87_stropt.vasp
Bonding matrix distance:  0.0  Unaverageness:  0.0
Reading from file: CoFe/stropt/CoFe_virtual_63_stropt.vasp
Bonding matrix distance:  0.0  Unaverageness:  0.0
Reading from file: CoFe/stropt/CoFe_virtual_16_stropt.vasp
Bonding matrix distance:  0.0  Unaverageness:  0.0
Reading from file: CoFe/stropt/CoFe_virtual_29_stropt.vasp
Bonding matrix distance:  0.0  Unaverageness:  0.0
Reading from file: CoFe/stropt/CoFe_virtual_90_stropt.vasp
Bonding matrix distance:  0.0  Unaverageness:  0.0
Reading from file: CoFe/stropt/CoFe_virtual_74_stropt.vasp
Bonding matrix distance:  0.0  Unaverageness:  0.0
Reading from file: CoFe/stropt/CoFe_virtual_79_stropt.vasp
Bonding matrix distance:  0.0  Unaverageness:  0.0
Reading from file: CoFe/stropt/CoFe_virtual_80_stropt.vasp
Bonding matrix distance:  0.0  Unaverageness:  0.0
Reading from file: CoFe/stropt/CoFe_virtual_34_stropt.vasp
Bonding matrix distance:  0.0  Unaverageness:  0.0
Reading from file: CoFe/stropt/CoFe_virtual_38_stropt.vasp
Bonding matrix distance:  0.0  Unaverageness:  0.0
Reading from file: CoFe/stropt/CoFe_virtual_24_stropt.vasp
Bonding matrix distance:  0.0  Unaverageness:  0.0
Reading from file: CoFe/stropt/CoFe_virtual_72_stropt.vasp
Bonding matrix distance:  0.0  Unaverageness:  0.0
Reading from file: CoFe/stropt/CoFe_virtual_9_stropt.vasp
Bonding matrix distance:  0.0  Unaverageness:  0.0
Reading from file: CoFe/stropt/CoFe_virtual_48_stropt.vasp
Bonding matrix distance:  0.0  Unaverageness:  0.0
Reading from file: CoFe/stropt/CoFe_virtual_6_stropt.vasp
Bonding matrix distance:  0.0  Unaverageness:  0.0
Reading from file: CoFe/stropt/CoFe_virtual_35_stropt.vasp
Bonding matrix distance:  0.0  Unaverageness:  0.0
Reading from file: CoFe/stropt/CoFe_virtual_81_stropt.vasp
Bonding matrix distance:  0.0  Unaverageness:  0.0
Reading from file: CoFe/stropt/CoFe_virtual_53_stropt.vasp
Bonding matrix distance:  0.0  Unaverageness:  0.0
Reading from file: CoFe/stropt/CoFe_virtual_94_stropt.vasp
Bonding matrix distance:  0.0  Unaverageness:  0.0
Reading from file: CoFe/stropt/CoFe_virtual_3_stropt.vasp
Bonding matrix distance:  0.0  Unaverageness:  0.0
Reading from file: CoFe/stropt/CoFe_virtual_69_stropt.vasp
Bonding matrix distance:  0.0  Unaverageness:  0.0
Reading from file: CoFe/stropt/CoFe_virtual_44_stropt.vasp
Bonding matrix distance:  0.0  Unaverageness:  0.0
Reading from file: CoFe/stropt/CoFe_virtual_37_stropt.vasp
Bonding matrix distance:  0.0  Unaverageness:  0.0
Reading from file: CoFe/stropt/CoFe_virtual_57_stropt.vasp
Bonding matrix distance:  0.0  Unaverageness:  0.0
Reading from file: CoFe/stropt/CoFe_virtual_10_stropt.vasp
Bonding matrix distance:  0.0  Unaverageness:  0.0
Reading from file: CoFe/stropt/CoFe_virtual_27_stropt.vasp
Bonding matrix distance:  0.0  Unaverageness:  0.0
Reading from file: CoFe/stropt/CoFe_virtual_7_stropt.vasp
Bonding matrix distance:  0.0  Unaverageness:  0.0
Reading from file: CoFe/stropt/CoFe_virtual_14_stropt.vasp
Bonding matrix distance:  0.0  Unaverageness:  0.0
Reading from file: CoFe/stropt/CoFe_virtual_65_stropt.vasp
Bonding matrix distance:  0.0  Unaverageness:  0.0
Reading from file: CoFe/stropt/CoFe_virtual_83_stropt.vasp
Bonding matrix distance:  0.0  Unaverageness:  0.0
Reading from file: CoFe/stropt/CoFe_virtual_30_stropt.vasp
Bonding matrix distance:  0.0  Unaverageness:  0.0
Reading from file: CoFe/stropt/CoFe_virtual_59_stropt.vasp
Bonding matrix distance:  0.0  Unaverageness:  0.0
Reading from file: CoFe/stropt/CoFe_virtual_19_stropt.vasp
Bonding matrix distance:  0.0  Unaverageness:  0.0
Reading from file: CoFe/stropt/CoFe_virtual_40_stropt.vasp
Bonding matrix distance:  0.0  Unaverageness:  0.0
Reading from file: CoFe/stropt/CoFe_virtual_67_stropt.vasp
Bonding matrix distance:  0.0  Unaverageness:  0.0
Reading from file: CoFe/stropt/CoFe_virtual_15_stropt.vasp
Bonding matrix distance:  0.0  Unaverageness:  0.0
Reading from file: CoFe/stropt/CoFe_virtual_92_stropt.vasp
Bonding matrix distance:  0.0  Unaverageness:  0.0
Reading from file: CoFe/stropt/CoFe_virtual_55_stropt.vasp
Bonding matrix distance:  0.0  Unaverageness:  0.0
Reading from file: CoFe/stropt/CoFe_virtual_46_stropt.vasp
Bonding matrix distance:  0.0  Unaverageness:  0.0
Reading from file: CoFe/stropt/CoFe_virtual_96_stropt.vasp
Bonding matrix distance:  0.0  Unaverageness:  0.0
Reading from file: CoFe/stropt/CoFe_virtual_4_stropt.vasp
Bonding matrix distance:  0.0  Unaverageness:  0.0
Reading from file: CoFe/stropt/CoFe_virtual_76_stropt.vasp
Bonding matrix distance:  0.0  Unaverageness:  0.0
Reading from file: CoFe/stropt/CoFe_virtual_93_stropt.vasp
Bonding matrix distance:  0.0  Unaverageness:  0.0
Reading from file: CoFe/stropt/CoFe_virtual_52_stropt.vasp
Bonding matrix distance:  0.0  Unaverageness:  0.0
Reading from file: CoFe/stropt/CoFe_virtual_49_stropt.vasp
Bonding matrix distance:  0.0  Unaverageness:  0.0
Reading from file: CoFe/stropt/CoFe_virtual_50_stropt.vasp
Bonding matrix distance:  0.0  Unaverageness:  0.0
Reading from file: CoFe/stropt/CoFe_virtual_89_stropt.vasp
Bonding matrix distance:  0.0  Unaverageness:  0.0
Reading from file: CoFe/stropt/CoFe_virtual_95_stropt.vasp
Bonding matrix distance:  0.0  Unaverageness:  0.0
Reading from file: CoFe/stropt/CoFe_virtual_20_stropt.vasp
Bonding matrix distance:  0.0  Unaverageness:  0.0
Reading from file: CoFe/stropt/CoFe_virtual_41_stropt.vasp
Bonding matrix distance:  0.0  Unaverageness:  0.0
Reading from file: CoFe/stropt/CoFe_virtual_77_stropt.vasp
Bonding matrix distance:  0.0  Unaverageness:  0.0
Reading from file: CoFe/stropt/CoFe_virtual_23_stropt.vasp
Bonding matrix distance:  0.0  Unaverageness:  0.0
Reading from file: CoFe/stropt/CoFe_virtual_32_stropt.vasp
Bonding matrix distance:  0.0  Unaverageness:  0.0
Reading from file: CoFe/stropt/CoFe_virtual_18_stropt.vasp
Bonding matrix distance:  0.0  Unaverageness:  0.0
Reading from file: CoFe/stropt/CoFe_virtual_98_stropt.vasp
Bonding matrix distance:  0.0  Unaverageness:  0.0
Reading from file: CoFe/stropt/CoFe_virtual_31_stropt.vasp
Bonding matrix distance:  0.0  Unaverageness:  0.0
Reading from file: CoFe/stropt/CoFe_virtual_66_stropt.vasp
Bonding matrix distance:  0.0  Unaverageness:  0.0
Reading from file: CoFe/stropt/CoFe_virtual_75_stropt.vasp
Bonding matrix distance:  0.0  Unaverageness:  0.0
Reading from file: CoFe/stropt/CoFe_virtual_68_stropt.vasp
Bonding matrix distance:  0.0  Unaverageness:  0.0
Reading from file: CoFe/stropt/CoFe_virtual_73_stropt.vasp
Bonding matrix distance:  0.0  Unaverageness:  0.0
Reading from file: CoFe/stropt/CoFe_virtual_47_stropt.vasp
Bonding matrix distance:  0.0  Unaverageness:  0.0
Reading from file: CoFe/stropt/CoFe_virtual_21_stropt.vasp
Bonding matrix distance:  0.0  Unaverageness:  0.0
Reading from file: CoFe/stropt/CoFe_virtual_39_stropt.vasp
Bonding matrix distance:  0.0  Unaverageness:  0.0
Reading from file: CoFe/stropt/CoFe_virtual_28_stropt.vasp
Bonding matrix distance:  0.0  Unaverageness:  0.0
Reading from file: CoFe/stropt/CoFe_virtual_85_stropt.vasp
Bonding matrix distance:  0.0  Unaverageness:  0.0
Reading from file: CoFe/stropt/CoFe_virtual_56_stropt.vasp
Bonding matrix distance:  0.0  Unaverageness:  0.0
Reading from file: CoFe/stropt/CoFe_virtual_8_stropt.vasp
Bonding matrix distance:  0.0  Unaverageness:  0.0
Reading from file: CoFe/stropt/CoFe_virtual_0_stropt.vasp
Bonding matrix distance:  0.0  Unaverageness:  0.0
Reading from file: CoFe/stropt/CoFe_virtual_71_stropt.vasp
Bonding matrix distance:  0.0  Unaverageness:  0.0
Reading from file: CoFe/stropt/CoFe_virtual_64_stropt.vasp
Bonding matrix distance:  0.0  Unaverageness:  0.0
Reading from file: CoFe/stropt/CoFe_virtual_43_stropt.vasp
Bonding matrix distance:  0.0  Unaverageness:  0.0
Reading from file: CoFe/stropt/CoFe_virtual_2_stropt.vasp
Bonding matrix distance:  0.0  Unaverageness:  0.0
Reading from file: CoFe/stropt/CoFe_virtual_5_stropt.vasp
Bonding matrix distance:  0.0  Unaverageness:  0.0
Reading from file: CoFe/stropt/CoFe_virtual_58_stropt.vasp
Bonding matrix distance:  0.0  Unaverageness:  0.0
Reading from file: CoFe/stropt/CoFe_virtual_11_stropt.vasp
Bonding matrix distance:  0.0  Unaverageness:  0.0
Reading from file: CoFe/stropt/CoFe_virtual_1_stropt.vasp
Bonding matrix distance:  0.0  Unaverageness:  0.0
Reading from file: CoFe/stropt/CoFe_virtual_26_stropt.vasp
Bonding matrix distance:  0.0  Unaverageness:  0.0
Reading from file: CoFe/stropt/CoFe_virtual_84_stropt.vasp
Bonding matrix distance:  0.0  Unaverageness:  0.0
Reading from file: CoFe/stropt/CoFe_virtual_91_stropt.vasp
Bonding matrix distance:  0.0  Unaverageness:  0.0
Reading from file: CoFe/stropt/CoFe_virtual_70_stropt.vasp
Bonding matrix distance:  0.0  Unaverageness:  0.0
Reading from file: CoFe/stropt/CoFe_virtual_82_stropt.vasp
Bonding matrix distance:  0.0  Unaverageness:  0.0
Reading from file: CoFe/stropt/CoFe_virtual_33_stropt.vasp
Bonding matrix distance:  0.0  Unaverageness:  0.0
Reading from file: CoFe/stropt/CoFe_virtual_60_stropt.vasp
Bonding matrix distance:  0.0  Unaverageness:  0.0
Reading from file: CoFe/stropt/CoFe_virtual_36_stropt.vasp
Bonding matrix distance:  0.0  Unaverageness:  0.0
Reading from file: CoFe/stropt/CoFe_virtual_99_stropt.vasp
Bonding matrix distance:  0.0  Unaverageness:  0.0
Reading from file: CoFe/stropt/CoFe_virtual_45_stropt.vasp
Bonding matrix distance:  0.0  Unaverageness:  0.0
Reading from file: CoFe/stropt/CoFe_virtual_78_stropt.vasp
Bonding matrix distance:  0.0  Unaverageness:  0.0
Reading from file: CoFe/stropt/CoFe_virtual_25_stropt.vasp
Bonding matrix distance:  0.0  Unaverageness:  0.0
Reading from file: CoFe/stropt/CoFe_virtual_13_stropt.vasp
Bonding matrix distance:  0.0  Unaverageness:  0.0
Reading from file: CoFe/stropt/CoFe_virtual_61_stropt.vasp
Bonding matrix distance:  0.0  Unaverageness:  0.0
Reading from file: CoFe/stropt/CoFe_virtual_86_stropt.vasp
Bonding matrix distance:  0.0  Unaverageness:  0.0
Reading from file: CoFe/stropt/CoFe_virtual_51_stropt.vasp
Bonding matrix distance:  0.0  Unaverageness:  0.0
Reading from file: CoFe/stropt/CoFe_virtual_62_stropt.vasp
Bonding matrix distance:  0.0  Unaverageness:  0.0
Reading from file: CoFe/stropt/CoFe_virtual_17_stropt.vasp
Bonding matrix distance:  0.0  Unaverageness:  0.0
Reading from file: CoFe/stropt/CoFe_virtual_42_stropt.vasp
Bonding matrix distance:  0.0  Unaverageness:  0.0
Reading from file: CoFe/stropt/CoFe_virtual_12_stropt.vasp
Bonding matrix distance:  0.0  Unaverageness:  0.0
Summary of results written to VirtualLibrary.csv

Branch: no_stropt
Reading from file: CoFe/no_stropt/CoFe_virtual_94.vasp
Bonding matrix distance:  0.0  Unaverageness:  0.0
Reading from file: CoFe/no_stropt/CoFe_virtual_19.vasp
Bonding matrix distance:  0.0  Unaverageness:  0.0
Reading from file: CoFe/no_stropt/CoFe_virtual_74.vasp
Bonding matrix distance:  0.0  Unaverageness:  0.0
Reading from file: CoFe/no_stropt/CoFe_virtual_52.vasp
Bonding matrix distance:  0.0  Unaverageness:  0.0
Reading from file: CoFe/no_stropt/CoFe_virtual_1.vasp
Bonding matrix distance:  0.0  Unaverageness:  0.0
Reading from file: CoFe/no_stropt/CoFe_virtual_75.vasp
Bonding matrix distance:  0.0  Unaverageness:  0.0
Reading from file: CoFe/no_stropt/CoFe_virtual_25.vasp
Bonding matrix distance:  0.0  Unaverageness:  0.0
Reading from file: CoFe/no_stropt/CoFe_virtual_95.vasp
Bonding matrix distance:  0.0  Unaverageness:  0.0
Reading from file: CoFe/no_stropt/CoFe_virtual_30.vasp
Bonding matrix distance:  0.0  Unaverageness:  0.0
Reading from file: CoFe/no_stropt/CoFe_virtual_49.vasp
Bonding matrix distance:  0.0  Unaverageness:  0.0
Reading from file: CoFe/no_stropt/CoFe_virtual_6.vasp
Bonding matrix distance:  0.0  Unaverageness:  0.0
Reading from file: CoFe/no_stropt/CoFe_virtual_2.vasp
Bonding matrix distance:  0.0  Unaverageness:  0.0
Reading from file: CoFe/no_stropt/CoFe_virtual_84.vasp
Bonding matrix distance:  0.0  Unaverageness:  0.0
Reading from file: CoFe/no_stropt/CoFe_virtual_53.vasp
Bonding matrix distance:  0.0  Unaverageness:  0.0
Reading from file: CoFe/no_stropt/CoFe_virtual_73.vasp
Bonding matrix distance:  0.0  Unaverageness:  0.0
Reading from file: CoFe/no_stropt/CoFe_virtual_57.vasp
Bonding matrix distance:  0.0  Unaverageness:  0.0
Reading from file: CoFe/no_stropt/CoFe_virtual_87.vasp
Bonding matrix distance:  0.0  Unaverageness:  0.0
Reading from file: CoFe/no_stropt/CoFe_virtual_71.vasp
Bonding matrix distance:  0.0  Unaverageness:  0.0
Reading from file: CoFe/no_stropt/CoFe_virtual_18.vasp
Bonding matrix distance:  0.0  Unaverageness:  0.0
Reading from file: CoFe/no_stropt/CoFe_virtual_9.vasp
Bonding matrix distance:  0.0  Unaverageness:  0.0
Reading from file: CoFe/no_stropt/CoFe_virtual_32.vasp
Bonding matrix distance:  0.0  Unaverageness:  0.0
Reading from file: CoFe/no_stropt/CoFe_virtual_22.vasp
Bonding matrix distance:  0.0  Unaverageness:  0.0
Reading from file: CoFe/no_stropt/CoFe_virtual_36.vasp
Bonding matrix distance:  0.0  Unaverageness:  0.0
Reading from file: CoFe/no_stropt/CoFe_virtual_78.vasp
Bonding matrix distance:  0.0  Unaverageness:  0.0
Reading from file: CoFe/no_stropt/CoFe_virtual_31.vasp
Bonding matrix distance:  0.0  Unaverageness:  0.0
Reading from file: CoFe/no_stropt/CoFe_virtual_21.vasp
Bonding matrix distance:  0.0  Unaverageness:  0.0
Reading from file: CoFe/no_stropt/CoFe_virtual_46.vasp
Bonding matrix distance:  0.0  Unaverageness:  0.0
Reading from file: CoFe/no_stropt/CoFe_virtual_89.vasp
Bonding matrix distance:  0.0  Unaverageness:  0.0
Reading from file: CoFe/no_stropt/CoFe_virtual_97.vasp
Bonding matrix distance:  0.0  Unaverageness:  0.0
Reading from file: CoFe/no_stropt/CoFe_virtual_15.vasp
Bonding matrix distance:  0.0  Unaverageness:  0.0
Reading from file: CoFe/no_stropt/CoFe_virtual_45.vasp
Bonding matrix distance:  0.0  Unaverageness:  0.0
Reading from file: CoFe/no_stropt/CoFe_virtual_63.vasp
Bonding matrix distance:  0.0  Unaverageness:  0.0
Reading from file: CoFe/no_stropt/CoFe_virtual_76.vasp
Bonding matrix distance:  0.0  Unaverageness:  0.0
Reading from file: CoFe/no_stropt/CoFe_virtual_66.vasp
Bonding matrix distance:  0.0  Unaverageness:  0.0
Reading from file: CoFe/no_stropt/CoFe_virtual_69.vasp
Bonding matrix distance:  0.0  Unaverageness:  0.0
Reading from file: CoFe/no_stropt/CoFe_virtual_60.vasp
Bonding matrix distance:  0.0  Unaverageness:  0.0
Reading from file: CoFe/no_stropt/CoFe_virtual_81.vasp
Bonding matrix distance:  0.0  Unaverageness:  0.0
Reading from file: CoFe/no_stropt/CoFe_virtual_86.vasp
Bonding matrix distance:  0.0  Unaverageness:  0.0
Reading from file: CoFe/no_stropt/CoFe_virtual_34.vasp
Bonding matrix distance:  0.0  Unaverageness:  0.0
Reading from file: CoFe/no_stropt/CoFe_virtual_58.vasp
Bonding matrix distance:  0.0  Unaverageness:  0.0
Reading from file: CoFe/no_stropt/CoFe_virtual_41.vasp
Bonding matrix distance:  0.0  Unaverageness:  0.0
Reading from file: CoFe/no_stropt/CoFe_virtual_65.vasp
Bonding matrix distance:  0.0  Unaverageness:  0.0
Reading from file: CoFe/no_stropt/CoFe_virtual_79.vasp
Bonding matrix distance:  0.0  Unaverageness:  0.0
Reading from file: CoFe/no_stropt/CoFe_virtual_93.vasp
Bonding matrix distance:  0.0  Unaverageness:  0.0
Reading from file: CoFe/no_stropt/CoFe_virtual_85.vasp
Bonding matrix distance:  0.0  Unaverageness:  0.0
Reading from file: CoFe/no_stropt/CoFe_virtual_44.vasp
Bonding matrix distance:  0.0  Unaverageness:  0.0
Reading from file: CoFe/no_stropt/CoFe_virtual_23.vasp
Bonding matrix distance:  0.0  Unaverageness:  0.0
Reading from file: CoFe/no_stropt/CoFe_virtual_64.vasp
Bonding matrix distance:  0.0  Unaverageness:  0.0
Reading from file: CoFe/no_stropt/CoFe_virtual_10.vasp
Bonding matrix distance:  0.0  Unaverageness:  0.0
Reading from file: CoFe/no_stropt/CoFe_virtual_37.vasp
Bonding matrix distance:  0.0  Unaverageness:  0.0
Reading from file: CoFe/no_stropt/CoFe_virtual_8.vasp
Bonding matrix distance:  0.0  Unaverageness:  0.0
Reading from file: CoFe/no_stropt/CoFe_virtual_90.vasp
Bonding matrix distance:  0.0  Unaverageness:  0.0
Reading from file: CoFe/no_stropt/CoFe_virtual_11.vasp
Bonding matrix distance:  0.0  Unaverageness:  0.0
Reading from file: CoFe/no_stropt/CoFe_virtual_77.vasp
Bonding matrix distance:  0.0  Unaverageness:  0.0
Reading from file: CoFe/no_stropt/CoFe_virtual_67.vasp
Bonding matrix distance:  0.0  Unaverageness:  0.0
Reading from file: CoFe/no_stropt/CoFe_virtual_33.vasp
Bonding matrix distance:  0.0  Unaverageness:  0.0
Reading from file: CoFe/no_stropt/CoFe_virtual_48.vasp
Bonding matrix distance:  0.0  Unaverageness:  0.0
Reading from file: CoFe/no_stropt/CoFe_virtual_99.vasp
Bonding matrix distance:  0.0  Unaverageness:  0.0
Reading from file: CoFe/no_stropt/CoFe_virtual_20.vasp
Bonding matrix distance:  0.0  Unaverageness:  0.0
Reading from file: CoFe/no_stropt/CoFe_virtual_61.vasp
Bonding matrix distance:  0.0  Unaverageness:  0.0
Reading from file: CoFe/no_stropt/CoFe_virtual_50.vasp
Bonding matrix distance:  0.0  Unaverageness:  0.0
Reading from file: CoFe/no_stropt/CoFe_virtual_39.vasp
Bonding matrix distance:  0.0  Unaverageness:  0.0
Reading from file: CoFe/no_stropt/CoFe_virtual_3.vasp
Bonding matrix distance:  0.0  Unaverageness:  0.0
Reading from file: CoFe/no_stropt/CoFe_virtual_5.vasp
Bonding matrix distance:  0.0  Unaverageness:  0.0
Reading from file: CoFe/no_stropt/CoFe_virtual_51.vasp
Bonding matrix distance:  0.0  Unaverageness:  0.0
Reading from file: CoFe/no_stropt/CoFe_virtual_59.vasp
Bonding matrix distance:  0.0  Unaverageness:  0.0
Reading from file: CoFe/no_stropt/CoFe_virtual_55.vasp
Bonding matrix distance:  0.0  Unaverageness:  0.0
Reading from file: CoFe/no_stropt/CoFe_virtual_35.vasp
Bonding matrix distance:  0.0  Unaverageness:  0.0
Reading from file: CoFe/no_stropt/CoFe_virtual_56.vasp
Bonding matrix distance:  0.0  Unaverageness:  0.0
Reading from file: CoFe/no_stropt/CoFe_virtual_27.vasp
Bonding matrix distance:  0.0  Unaverageness:  0.0
Reading from file: CoFe/no_stropt/CoFe_virtual_68.vasp
Bonding matrix distance:  0.0  Unaverageness:  0.0
Reading from file: CoFe/no_stropt/CoFe_virtual_29.vasp
Bonding matrix distance:  0.0  Unaverageness:  0.0
Reading from file: CoFe/no_stropt/CoFe_virtual_80.vasp
Bonding matrix distance:  0.0  Unaverageness:  0.0
Reading from file: CoFe/no_stropt/CoFe_virtual_96.vasp
Bonding matrix distance:  0.0  Unaverageness:  0.0
Reading from file: CoFe/no_stropt/CoFe_virtual_38.vasp
Bonding matrix distance:  0.0  Unaverageness:  0.0
Reading from file: CoFe/no_stropt/CoFe_virtual_43.vasp
Bonding matrix distance:  0.0  Unaverageness:  0.0
Reading from file: CoFe/no_stropt/CoFe_virtual_47.vasp
Bonding matrix distance:  0.0  Unaverageness:  0.0
Reading from file: CoFe/no_stropt/CoFe_virtual_14.vasp
Bonding matrix distance:  0.0  Unaverageness:  0.0
Reading from file: CoFe/no_stropt/CoFe_virtual_91.vasp
Bonding matrix distance:  0.0  Unaverageness:  0.0
Reading from file: CoFe/no_stropt/CoFe_virtual_40.vasp
Bonding matrix distance:  0.0  Unaverageness:  0.0
Reading from file: CoFe/no_stropt/CoFe_virtual_92.vasp
Bonding matrix distance:  0.0  Unaverageness:  0.0
Reading from file: CoFe/no_stropt/CoFe_virtual_98.vasp
Bonding matrix distance:  0.0  Unaverageness:  0.0
Reading from file: CoFe/no_stropt/CoFe_virtual_17.vasp
Bonding matrix distance:  0.0  Unaverageness:  0.0
Reading from file: CoFe/no_stropt/CoFe_virtual_28.vasp
Bonding matrix distance:  0.0  Unaverageness:  0.0
Reading from file: CoFe/no_stropt/CoFe_virtual_16.vasp
Bonding matrix distance:  0.0  Unaverageness:  0.0
Reading from file: CoFe/no_stropt/CoFe_virtual_12.vasp
Bonding matrix distance:  0.0  Unaverageness:  0.0
Reading from file: CoFe/no_stropt/CoFe_virtual_83.vasp
Bonding matrix distance:  0.0  Unaverageness:  0.0
Reading from file: CoFe/no_stropt/CoFe_virtual_4.vasp
Bonding matrix distance:  0.0  Unaverageness:  0.0
Reading from file: CoFe/no_stropt/CoFe_virtual_82.vasp
Bonding matrix distance:  0.0  Unaverageness:  0.0
Reading from file: CoFe/no_stropt/CoFe_virtual_72.vasp
Bonding matrix distance:  0.0  Unaverageness:  0.0
Reading from file: CoFe/no_stropt/CoFe_virtual_7.vasp
Bonding matrix distance:  0.0  Unaverageness:  0.0
Reading from file: CoFe/no_stropt/CoFe_virtual_62.vasp
Bonding matrix distance:  0.0  Unaverageness:  0.0
Reading from file: CoFe/no_stropt/CoFe_virtual_26.vasp
Bonding matrix distance:  0.0  Unaverageness:  0.0
Reading from file: CoFe/no_stropt/CoFe_virtual_88.vasp
Bonding matrix distance:  0.0  Unaverageness:  0.0
Reading from file: CoFe/no_stropt/CoFe_virtual_24.vasp
Bonding matrix distance:  0.0  Unaverageness:  0.0
Reading from file: CoFe/no_stropt/CoFe_virtual_0.vasp
Bonding matrix distance:  0.0  Unaverageness:  0.0
Reading from file: CoFe/no_stropt/CoFe_virtual_42.vasp
Bonding matrix distance:  0.0  Unaverageness:  0.0
Reading from file: CoFe/no_stropt/CoFe_virtual_70.vasp
Bonding matrix distance:  0.0  Unaverageness:  0.0
Reading from file: CoFe/no_stropt/CoFe_virtual_54.vasp
Bonding matrix distance:  0.0  Unaverageness:  0.0
Reading from file: CoFe/no_stropt/CoFe_virtual_13.vasp
Bonding matrix distance:  0.0  Unaverageness:  0.0
Summary of results written to VirtualLibrary.csv
