CHGNet v0.3.0 initialized with 412,525 parameters
CHGNet will run on cuda
HEA_virtual_450_stropt
Processed: HEA/stropt/HEA_virtual_450_stropt.cif
HEA_virtual_323_stropt
Processed: HEA/stropt/HEA_virtual_323_stropt.cif
HEA_virtual_178_stropt
Processed: HEA/stropt/HEA_virtual_178_stropt.cif
HEA_virtual_528_stropt
Processed: HEA/stropt/HEA_virtual_528_stropt.cif
HEA_virtual_233_stropt
Processed: HEA/stropt/HEA_virtual_233_stropt.cif
HEA_virtual_561_stropt
Processed: HEA/stropt/HEA_virtual_561_stropt.cif
HEA_virtual_445_stropt
Processed: HEA/stropt/HEA_virtual_445_stropt.cif
HEA_virtual_232_stropt
Processed: HEA/stropt/HEA_virtual_232_stropt.cif
HEA_virtual_340_stropt
Processed: HEA/stropt/HEA_virtual_340_stropt.cif
HEA_virtual_52_stropt
Processed: HEA/stropt/HEA_virtual_52_stropt.cif
HEA_virtual_35_stropt
Processed: HEA/stropt/HEA_virtual_35_stropt.cif
HEA_virtual_696_stropt
Processed: HEA/stropt/HEA_virtual_696_stropt.cif
HEA_virtual_0_stropt
Processed: HEA/stropt/HEA_virtual_0_stropt.cif
HEA_virtual_509_stropt
Processed: HEA/stropt/HEA_virtual_509_stropt.cif
HEA_virtual_470_stropt
Processed: HEA/stropt/HEA_virtual_470_stropt.cif
HEA_virtual_324_stropt
Processed: HEA/stropt/HEA_virtual_324_stropt.cif
HEA_virtual_100_stropt
Processed: HEA/stropt/HEA_virtual_100_stropt.cif
HEA_virtual_26_stropt
Processed: HEA/stropt/HEA_virtual_26_stropt.cif
HEA_virtual_465_stropt
Processed: HEA/stropt/HEA_virtual_465_stropt.cif
HEA_virtual_627_stropt
Processed: HEA/stropt/HEA_virtual_627_stropt.cif
HEA_virtual_331_stropt
Processed: HEA/stropt/HEA_virtual_331_stropt.cif
HEA_virtual_394_stropt
Processed: HEA/stropt/HEA_virtual_394_stropt.cif
HEA_virtual_563_stropt
Processed: HEA/stropt/HEA_virtual_563_stropt.cif
HEA_virtual_501_stropt
Processed: HEA/stropt/HEA_virtual_501_stropt.cif
HEA_virtual_593_stropt
Processed: HEA/stropt/HEA_virtual_593_stropt.cif
HEA_virtual_112_stropt
Processed: HEA/stropt/HEA_virtual_112_stropt.cif
HEA_virtual_251_stropt
Processed: HEA/stropt/HEA_virtual_251_stropt.cif
HEA_virtual_399_stropt
Processed: HEA/stropt/HEA_virtual_399_stropt.cif
HEA_virtual_92_stropt
Processed: HEA/stropt/HEA_virtual_92_stropt.cif
HEA_virtual_297_stropt
Processed: HEA/stropt/HEA_virtual_297_stropt.cif
HEA_virtual_586_stropt
Processed: HEA/stropt/HEA_virtual_586_stropt.cif
HEA_virtual_160_stropt
Processed: HEA/stropt/HEA_virtual_160_stropt.cif
HEA_virtual_421_stropt
Processed: HEA/stropt/HEA_virtual_421_stropt.cif
HEA_virtual_647_stropt
Processed: HEA/stropt/HEA_virtual_647_stropt.cif
HEA_virtual_443_stropt
Processed: HEA/stropt/HEA_virtual_443_stropt.cif
HEA_virtual_67_stropt
Processed: HEA/stropt/HEA_virtual_67_stropt.cif
HEA_virtual_22_stropt
Processed: HEA/stropt/HEA_virtual_22_stropt.cif
HEA_virtual_17_stropt
Processed: HEA/stropt/HEA_virtual_17_stropt.cif
HEA_virtual_614_stropt
Processed: HEA/stropt/HEA_virtual_614_stropt.cif
HEA_virtual_196_stropt
Processed: HEA/stropt/HEA_virtual_196_stropt.cif
HEA_virtual_612_stropt
Processed: HEA/stropt/HEA_virtual_612_stropt.cif
HEA_virtual_487_stropt
Processed: HEA/stropt/HEA_virtual_487_stropt.cif
HEA_virtual_581_stropt
Processed: HEA/stropt/HEA_virtual_581_stropt.cif
HEA_virtual_524_stropt
Processed: HEA/stropt/HEA_virtual_524_stropt.cif
HEA_virtual_464_stropt
Processed: HEA/stropt/HEA_virtual_464_stropt.cif
HEA_virtual_621_stropt
Processed: HEA/stropt/HEA_virtual_621_stropt.cif
HEA_virtual_683_stropt
Processed: HEA/stropt/HEA_virtual_683_stropt.cif
HEA_virtual_680_stropt
Processed: HEA/stropt/HEA_virtual_680_stropt.cif
HEA_virtual_532_stropt
Processed: HEA/stropt/HEA_virtual_532_stropt.cif
HEA_virtual_284_stropt
Processed: HEA/stropt/HEA_virtual_284_stropt.cif
HEA_virtual_47_stropt
Processed: HEA/stropt/HEA_virtual_47_stropt.cif
HEA_virtual_488_stropt
Processed: HEA/stropt/HEA_virtual_488_stropt.cif
HEA_virtual_623_stropt
Processed: HEA/stropt/HEA_virtual_623_stropt.cif
HEA_virtual_320_stropt
Processed: HEA/stropt/HEA_virtual_320_stropt.cif
HEA_virtual_332_stropt
Processed: HEA/stropt/HEA_virtual_332_stropt.cif
HEA_virtual_120_stropt
Processed: HEA/stropt/HEA_virtual_120_stropt.cif
HEA_virtual_327_stropt
Processed: HEA/stropt/HEA_virtual_327_stropt.cif
HEA_virtual_496_stropt
Processed: HEA/stropt/HEA_virtual_496_stropt.cif
HEA_virtual_72_stropt
Processed: HEA/stropt/HEA_virtual_72_stropt.cif
HEA_virtual_648_stropt
Processed: HEA/stropt/HEA_virtual_648_stropt.cif
HEA_virtual_374_stropt
Processed: HEA/stropt/HEA_virtual_374_stropt.cif
HEA_virtual_518_stropt
Processed: HEA/stropt/HEA_virtual_518_stropt.cif
HEA_virtual_538_stropt
Processed: HEA/stropt/HEA_virtual_538_stropt.cif
HEA_virtual_226_stropt
Processed: HEA/stropt/HEA_virtual_226_stropt.cif
HEA_virtual_207_stropt
Processed: HEA/stropt/HEA_virtual_207_stropt.cif
HEA_virtual_690_stropt
Processed: HEA/stropt/HEA_virtual_690_stropt.cif
HEA_virtual_242_stropt
Processed: HEA/stropt/HEA_virtual_242_stropt.cif
HEA_virtual_685_stropt
Processed: HEA/stropt/HEA_virtual_685_stropt.cif
HEA_virtual_144_stropt
Processed: HEA/stropt/HEA_virtual_144_stropt.cif
HEA_virtual_525_stropt
Processed: HEA/stropt/HEA_virtual_525_stropt.cif
HEA_virtual_335_stropt
Processed: HEA/stropt/HEA_virtual_335_stropt.cif
HEA_virtual_240_stropt
Processed: HEA/stropt/HEA_virtual_240_stropt.cif
HEA_virtual_436_stropt
Processed: HEA/stropt/HEA_virtual_436_stropt.cif
HEA_virtual_638_stropt
Processed: HEA/stropt/HEA_virtual_638_stropt.cif
HEA_virtual_541_stropt
Processed: HEA/stropt/HEA_virtual_541_stropt.cif
HEA_virtual_426_stropt
Processed: HEA/stropt/HEA_virtual_426_stropt.cif
HEA_virtual_342_stropt
Processed: HEA/stropt/HEA_virtual_342_stropt.cif
HEA_virtual_7_stropt
Processed: HEA/stropt/HEA_virtual_7_stropt.cif
HEA_virtual_558_stropt
Processed: HEA/stropt/HEA_virtual_558_stropt.cif
HEA_virtual_666_stropt
Processed: HEA/stropt/HEA_virtual_666_stropt.cif
HEA_virtual_578_stropt
Processed: HEA/stropt/HEA_virtual_578_stropt.cif
HEA_virtual_135_stropt
Processed: HEA/stropt/HEA_virtual_135_stropt.cif
HEA_virtual_234_stropt
Processed: HEA/stropt/HEA_virtual_234_stropt.cif
HEA_virtual_591_stropt
Processed: HEA/stropt/HEA_virtual_591_stropt.cif
HEA_virtual_243_stropt
Processed: HEA/stropt/HEA_virtual_243_stropt.cif
HEA_virtual_480_stropt
Processed: HEA/stropt/HEA_virtual_480_stropt.cif
HEA_virtual_483_stropt
Processed: HEA/stropt/HEA_virtual_483_stropt.cif
HEA_virtual_150_stropt
Processed: HEA/stropt/HEA_virtual_150_stropt.cif
HEA_virtual_64_stropt
Processed: HEA/stropt/HEA_virtual_64_stropt.cif
HEA_virtual_503_stropt
Processed: HEA/stropt/HEA_virtual_503_stropt.cif
HEA_virtual_328_stropt
Processed: HEA/stropt/HEA_virtual_328_stropt.cif
HEA_virtual_404_stropt
Processed: HEA/stropt/HEA_virtual_404_stropt.cif
HEA_virtual_32_stropt
Processed: HEA/stropt/HEA_virtual_32_stropt.cif
HEA_virtual_236_stropt
Processed: HEA/stropt/HEA_virtual_236_stropt.cif
HEA_virtual_643_stropt
Processed: HEA/stropt/HEA_virtual_643_stropt.cif
HEA_virtual_14_stropt
Processed: HEA/stropt/HEA_virtual_14_stropt.cif
HEA_virtual_389_stropt
Processed: HEA/stropt/HEA_virtual_389_stropt.cif
HEA_virtual_579_stropt
Processed: HEA/stropt/HEA_virtual_579_stropt.cif
HEA_virtual_142_stropt
Processed: HEA/stropt/HEA_virtual_142_stropt.cif
HEA_virtual_229_stropt
Processed: HEA/stropt/HEA_virtual_229_stropt.cif
HEA_virtual_622_stropt
Processed: HEA/stropt/HEA_virtual_622_stropt.cif
HEA_virtual_672_stropt
Processed: HEA/stropt/HEA_virtual_672_stropt.cif
HEA_virtual_505_stropt
Processed: HEA/stropt/HEA_virtual_505_stropt.cif
HEA_virtual_619_stropt
Processed: HEA/stropt/HEA_virtual_619_stropt.cif
HEA_virtual_235_stropt
Processed: HEA/stropt/HEA_virtual_235_stropt.cif
HEA_virtual_154_stropt
Processed: HEA/stropt/HEA_virtual_154_stropt.cif
HEA_virtual_263_stropt
Processed: HEA/stropt/HEA_virtual_263_stropt.cif
HEA_virtual_372_stropt
Processed: HEA/stropt/HEA_virtual_372_stropt.cif
HEA_virtual_2_stropt
Processed: HEA/stropt/HEA_virtual_2_stropt.cif
HEA_virtual_296_stropt
Processed: HEA/stropt/HEA_virtual_296_stropt.cif
HEA_virtual_125_stropt
Processed: HEA/stropt/HEA_virtual_125_stropt.cif
HEA_virtual_217_stropt
Processed: HEA/stropt/HEA_virtual_217_stropt.cif
HEA_virtual_121_stropt
Processed: HEA/stropt/HEA_virtual_121_stropt.cif
HEA_virtual_377_stropt
Processed: HEA/stropt/HEA_virtual_377_stropt.cif
HEA_virtual_373_stropt
Processed: HEA/stropt/HEA_virtual_373_stropt.cif
HEA_virtual_69_stropt
Processed: HEA/stropt/HEA_virtual_69_stropt.cif
HEA_virtual_175_stropt
Processed: HEA/stropt/HEA_virtual_175_stropt.cif
HEA_virtual_113_stropt
Processed: HEA/stropt/HEA_virtual_113_stropt.cif
HEA_virtual_23_stropt
Processed: HEA/stropt/HEA_virtual_23_stropt.cif
HEA_virtual_285_stropt
Processed: HEA/stropt/HEA_virtual_285_stropt.cif
HEA_virtual_138_stropt
Processed: HEA/stropt/HEA_virtual_138_stropt.cif
HEA_virtual_136_stropt
Processed: HEA/stropt/HEA_virtual_136_stropt.cif
HEA_virtual_633_stropt
Processed: HEA/stropt/HEA_virtual_633_stropt.cif
HEA_virtual_499_stropt
Processed: HEA/stropt/HEA_virtual_499_stropt.cif
HEA_virtual_642_stropt
Processed: HEA/stropt/HEA_virtual_642_stropt.cif
HEA_virtual_664_stropt
Processed: HEA/stropt/HEA_virtual_664_stropt.cif
HEA_virtual_492_stropt
Processed: HEA/stropt/HEA_virtual_492_stropt.cif
HEA_virtual_460_stropt
Processed: HEA/stropt/HEA_virtual_460_stropt.cif
HEA_virtual_341_stropt
Processed: HEA/stropt/HEA_virtual_341_stropt.cif
HEA_virtual_554_stropt
Processed: HEA/stropt/HEA_virtual_554_stropt.cif
HEA_virtual_222_stropt
Processed: HEA/stropt/HEA_virtual_222_stropt.cif
HEA_virtual_108_stropt
Processed: HEA/stropt/HEA_virtual_108_stropt.cif
HEA_virtual_198_stropt
Processed: HEA/stropt/HEA_virtual_198_stropt.cif
HEA_virtual_472_stropt
Processed: HEA/stropt/HEA_virtual_472_stropt.cif
HEA_virtual_181_stropt
Processed: HEA/stropt/HEA_virtual_181_stropt.cif
HEA_virtual_588_stropt
Processed: HEA/stropt/HEA_virtual_588_stropt.cif
HEA_virtual_361_stropt
Processed: HEA/stropt/HEA_virtual_361_stropt.cif
HEA_virtual_60_stropt
Processed: HEA/stropt/HEA_virtual_60_stropt.cif
HEA_virtual_574_stropt
Processed: HEA/stropt/HEA_virtual_574_stropt.cif
HEA_virtual_523_stropt
Processed: HEA/stropt/HEA_virtual_523_stropt.cif
HEA_virtual_639_stropt
Processed: HEA/stropt/HEA_virtual_639_stropt.cif
HEA_virtual_599_stropt
Processed: HEA/stropt/HEA_virtual_599_stropt.cif
HEA_virtual_6_stropt
Processed: HEA/stropt/HEA_virtual_6_stropt.cif
HEA_virtual_179_stropt
Processed: HEA/stropt/HEA_virtual_179_stropt.cif
HEA_virtual_576_stropt
Processed: HEA/stropt/HEA_virtual_576_stropt.cif
HEA_virtual_118_stropt
Processed: HEA/stropt/HEA_virtual_118_stropt.cif
HEA_virtual_486_stropt
Processed: HEA/stropt/HEA_virtual_486_stropt.cif
HEA_virtual_485_stropt
Processed: HEA/stropt/HEA_virtual_485_stropt.cif
HEA_virtual_230_stropt
Processed: HEA/stropt/HEA_virtual_230_stropt.cif
HEA_virtual_164_stropt
Processed: HEA/stropt/HEA_virtual_164_stropt.cif
HEA_virtual_173_stropt
Processed: HEA/stropt/HEA_virtual_173_stropt.cif
HEA_virtual_283_stropt
Processed: HEA/stropt/HEA_virtual_283_stropt.cif
HEA_virtual_409_stropt
Processed: HEA/stropt/HEA_virtual_409_stropt.cif
HEA_virtual_517_stropt
Processed: HEA/stropt/HEA_virtual_517_stropt.cif
HEA_virtual_462_stropt
Processed: HEA/stropt/HEA_virtual_462_stropt.cif
HEA_virtual_49_stropt
Processed: HEA/stropt/HEA_virtual_49_stropt.cif
HEA_virtual_365_stropt
Processed: HEA/stropt/HEA_virtual_365_stropt.cif
HEA_virtual_264_stropt
Processed: HEA/stropt/HEA_virtual_264_stropt.cif
HEA_virtual_245_stropt
Processed: HEA/stropt/HEA_virtual_245_stropt.cif
HEA_virtual_608_stropt
Processed: HEA/stropt/HEA_virtual_608_stropt.cif
HEA_virtual_71_stropt
Processed: HEA/stropt/HEA_virtual_71_stropt.cif
HEA_virtual_201_stropt
Processed: HEA/stropt/HEA_virtual_201_stropt.cif
HEA_virtual_30_stropt
Processed: HEA/stropt/HEA_virtual_30_stropt.cif
HEA_virtual_205_stropt
Processed: HEA/stropt/HEA_virtual_205_stropt.cif
HEA_virtual_526_stropt
Processed: HEA/stropt/HEA_virtual_526_stropt.cif
HEA_virtual_224_stropt
Processed: HEA/stropt/HEA_virtual_224_stropt.cif
HEA_virtual_300_stropt
Processed: HEA/stropt/HEA_virtual_300_stropt.cif
HEA_virtual_166_stropt
Processed: HEA/stropt/HEA_virtual_166_stropt.cif
HEA_virtual_1_stropt
Processed: HEA/stropt/HEA_virtual_1_stropt.cif
HEA_virtual_346_stropt
Processed: HEA/stropt/HEA_virtual_346_stropt.cif
HEA_virtual_39_stropt
Processed: HEA/stropt/HEA_virtual_39_stropt.cif
HEA_virtual_316_stropt
Processed: HEA/stropt/HEA_virtual_316_stropt.cif
HEA_virtual_559_stropt
Processed: HEA/stropt/HEA_virtual_559_stropt.cif
HEA_virtual_555_stropt
Processed: HEA/stropt/HEA_virtual_555_stropt.cif
HEA_virtual_531_stropt
Processed: HEA/stropt/HEA_virtual_531_stropt.cif
HEA_virtual_159_stropt
Processed: HEA/stropt/HEA_virtual_159_stropt.cif
HEA_virtual_609_stropt
Processed: HEA/stropt/HEA_virtual_609_stropt.cif
HEA_virtual_84_stropt
Processed: HEA/stropt/HEA_virtual_84_stropt.cif
HEA_virtual_174_stropt
Processed: HEA/stropt/HEA_virtual_174_stropt.cif
HEA_virtual_292_stropt
Processed: HEA/stropt/HEA_virtual_292_stropt.cif
HEA_virtual_127_stropt
Processed: HEA/stropt/HEA_virtual_127_stropt.cif
HEA_virtual_594_stropt
Processed: HEA/stropt/HEA_virtual_594_stropt.cif
HEA_virtual_542_stropt
Processed: HEA/stropt/HEA_virtual_542_stropt.cif
HEA_virtual_194_stropt
Processed: HEA/stropt/HEA_virtual_194_stropt.cif
HEA_virtual_116_stropt
Processed: HEA/stropt/HEA_virtual_116_stropt.cif
HEA_virtual_569_stropt
Processed: HEA/stropt/HEA_virtual_569_stropt.cif
HEA_virtual_475_stropt
Processed: HEA/stropt/HEA_virtual_475_stropt.cif
HEA_virtual_562_stropt
Processed: HEA/stropt/HEA_virtual_562_stropt.cif
HEA_virtual_699_stropt
Processed: HEA/stropt/HEA_virtual_699_stropt.cif
HEA_virtual_613_stropt
Processed: HEA/stropt/HEA_virtual_613_stropt.cif
HEA_virtual_692_stropt
Processed: HEA/stropt/HEA_virtual_692_stropt.cif
HEA_virtual_12_stropt
Processed: HEA/stropt/HEA_virtual_12_stropt.cif
HEA_virtual_169_stropt
Processed: HEA/stropt/HEA_virtual_169_stropt.cif
HEA_virtual_560_stropt
Processed: HEA/stropt/HEA_virtual_560_stropt.cif
HEA_virtual_649_stropt
Processed: HEA/stropt/HEA_virtual_649_stropt.cif
HEA_virtual_295_stropt
Processed: HEA/stropt/HEA_virtual_295_stropt.cif
HEA_virtual_697_stropt
Processed: HEA/stropt/HEA_virtual_697_stropt.cif
HEA_virtual_516_stropt
Processed: HEA/stropt/HEA_virtual_516_stropt.cif
HEA_virtual_141_stropt
Processed: HEA/stropt/HEA_virtual_141_stropt.cif
HEA_virtual_506_stropt
Processed: HEA/stropt/HEA_virtual_506_stropt.cif
HEA_virtual_132_stropt
Processed: HEA/stropt/HEA_virtual_132_stropt.cif
HEA_virtual_628_stropt
Processed: HEA/stropt/HEA_virtual_628_stropt.cif
HEA_virtual_440_stropt
Processed: HEA/stropt/HEA_virtual_440_stropt.cif
HEA_virtual_381_stropt
Processed: HEA/stropt/HEA_virtual_381_stropt.cif
HEA_virtual_218_stropt
Processed: HEA/stropt/HEA_virtual_218_stropt.cif
HEA_virtual_611_stropt
Processed: HEA/stropt/HEA_virtual_611_stropt.cif
HEA_virtual_311_stropt
Processed: HEA/stropt/HEA_virtual_311_stropt.cif
HEA_virtual_157_stropt
Processed: HEA/stropt/HEA_virtual_157_stropt.cif
HEA_virtual_367_stropt
Processed: HEA/stropt/HEA_virtual_367_stropt.cif
HEA_virtual_527_stropt
Processed: HEA/stropt/HEA_virtual_527_stropt.cif
HEA_virtual_353_stropt
Processed: HEA/stropt/HEA_virtual_353_stropt.cif
HEA_virtual_79_stropt
Processed: HEA/stropt/HEA_virtual_79_stropt.cif
HEA_virtual_73_stropt
Processed: HEA/stropt/HEA_virtual_73_stropt.cif
HEA_virtual_200_stropt
Processed: HEA/stropt/HEA_virtual_200_stropt.cif
HEA_virtual_27_stropt
Processed: HEA/stropt/HEA_virtual_27_stropt.cif
HEA_virtual_392_stropt
Processed: HEA/stropt/HEA_virtual_392_stropt.cif
HEA_virtual_338_stropt
Processed: HEA/stropt/HEA_virtual_338_stropt.cif
HEA_virtual_659_stropt
Processed: HEA/stropt/HEA_virtual_659_stropt.cif
HEA_virtual_403_stropt
Processed: HEA/stropt/HEA_virtual_403_stropt.cif
HEA_virtual_520_stropt
Processed: HEA/stropt/HEA_virtual_520_stropt.cif
HEA_virtual_356_stropt
Processed: HEA/stropt/HEA_virtual_356_stropt.cif
HEA_virtual_122_stropt
Processed: HEA/stropt/HEA_virtual_122_stropt.cif
HEA_virtual_419_stropt
Processed: HEA/stropt/HEA_virtual_419_stropt.cif
HEA_virtual_273_stropt
Processed: HEA/stropt/HEA_virtual_273_stropt.cif
HEA_virtual_110_stropt
Processed: HEA/stropt/HEA_virtual_110_stropt.cif
HEA_virtual_408_stropt
Processed: HEA/stropt/HEA_virtual_408_stropt.cif
HEA_virtual_21_stropt
Processed: HEA/stropt/HEA_virtual_21_stropt.cif
HEA_virtual_187_stropt
Processed: HEA/stropt/HEA_virtual_187_stropt.cif
HEA_virtual_407_stropt
Processed: HEA/stropt/HEA_virtual_407_stropt.cif
HEA_virtual_482_stropt
Processed: HEA/stropt/HEA_virtual_482_stropt.cif
HEA_virtual_577_stropt
Processed: HEA/stropt/HEA_virtual_577_stropt.cif
HEA_virtual_420_stropt
Processed: HEA/stropt/HEA_virtual_420_stropt.cif
HEA_virtual_435_stropt
Processed: HEA/stropt/HEA_virtual_435_stropt.cif
HEA_virtual_567_stropt
Processed: HEA/stropt/HEA_virtual_567_stropt.cif
HEA_virtual_250_stropt
Processed: HEA/stropt/HEA_virtual_250_stropt.cif
HEA_virtual_262_stropt
Processed: HEA/stropt/HEA_virtual_262_stropt.cif
HEA_virtual_326_stropt
Processed: HEA/stropt/HEA_virtual_326_stropt.cif
HEA_virtual_267_stropt
Processed: HEA/stropt/HEA_virtual_267_stropt.cif
HEA_virtual_98_stropt
Processed: HEA/stropt/HEA_virtual_98_stropt.cif
HEA_virtual_88_stropt
Processed: HEA/stropt/HEA_virtual_88_stropt.cif
HEA_virtual_508_stropt
Processed: HEA/stropt/HEA_virtual_508_stropt.cif
HEA_virtual_168_stropt
Processed: HEA/stropt/HEA_virtual_168_stropt.cif
HEA_virtual_535_stropt
Processed: HEA/stropt/HEA_virtual_535_stropt.cif
HEA_virtual_543_stropt
Processed: HEA/stropt/HEA_virtual_543_stropt.cif
HEA_virtual_430_stropt
Processed: HEA/stropt/HEA_virtual_430_stropt.cif
HEA_virtual_693_stropt
Processed: HEA/stropt/HEA_virtual_693_stropt.cif
HEA_virtual_673_stropt
Processed: HEA/stropt/HEA_virtual_673_stropt.cif
HEA_virtual_143_stropt
Processed: HEA/stropt/HEA_virtual_143_stropt.cif
HEA_virtual_500_stropt
Processed: HEA/stropt/HEA_virtual_500_stropt.cif
HEA_virtual_184_stropt
Processed: HEA/stropt/HEA_virtual_184_stropt.cif
HEA_virtual_669_stropt
Processed: HEA/stropt/HEA_virtual_669_stropt.cif
HEA_virtual_476_stropt
Processed: HEA/stropt/HEA_virtual_476_stropt.cif
HEA_virtual_16_stropt
Processed: HEA/stropt/HEA_virtual_16_stropt.cif
HEA_virtual_438_stropt
Processed: HEA/stropt/HEA_virtual_438_stropt.cif
HEA_virtual_43_stropt
Processed: HEA/stropt/HEA_virtual_43_stropt.cif
HEA_virtual_223_stropt
Processed: HEA/stropt/HEA_virtual_223_stropt.cif
HEA_virtual_46_stropt
Processed: HEA/stropt/HEA_virtual_46_stropt.cif
HEA_virtual_457_stropt
Processed: HEA/stropt/HEA_virtual_457_stropt.cif
HEA_virtual_94_stropt
Processed: HEA/stropt/HEA_virtual_94_stropt.cif
HEA_virtual_355_stropt
Processed: HEA/stropt/HEA_virtual_355_stropt.cif
HEA_virtual_398_stropt
Processed: HEA/stropt/HEA_virtual_398_stropt.cif
HEA_virtual_498_stropt
Processed: HEA/stropt/HEA_virtual_498_stropt.cif
HEA_virtual_33_stropt
Processed: HEA/stropt/HEA_virtual_33_stropt.cif
HEA_virtual_491_stropt
Processed: HEA/stropt/HEA_virtual_491_stropt.cif
HEA_virtual_272_stropt
Processed: HEA/stropt/HEA_virtual_272_stropt.cif
HEA_virtual_199_stropt
Processed: HEA/stropt/HEA_virtual_199_stropt.cif
HEA_virtual_279_stropt
Processed: HEA/stropt/HEA_virtual_279_stropt.cif
HEA_virtual_302_stropt
Processed: HEA/stropt/HEA_virtual_302_stropt.cif
HEA_virtual_180_stropt
Processed: HEA/stropt/HEA_virtual_180_stropt.cif
HEA_virtual_370_stropt
Processed: HEA/stropt/HEA_virtual_370_stropt.cif
HEA_virtual_239_stropt
Processed: HEA/stropt/HEA_virtual_239_stropt.cif
HEA_virtual_288_stropt
Processed: HEA/stropt/HEA_virtual_288_stropt.cif
HEA_virtual_156_stropt
Processed: HEA/stropt/HEA_virtual_156_stropt.cif
HEA_virtual_635_stropt
Processed: HEA/stropt/HEA_virtual_635_stropt.cif
HEA_virtual_455_stropt
Processed: HEA/stropt/HEA_virtual_455_stropt.cif
HEA_virtual_37_stropt
Processed: HEA/stropt/HEA_virtual_37_stropt.cif
HEA_virtual_629_stropt
Processed: HEA/stropt/HEA_virtual_629_stropt.cif
HEA_virtual_277_stropt
Processed: HEA/stropt/HEA_virtual_277_stropt.cif
HEA_virtual_411_stropt
Processed: HEA/stropt/HEA_virtual_411_stropt.cif
HEA_virtual_44_stropt
Processed: HEA/stropt/HEA_virtual_44_stropt.cif
HEA_virtual_446_stropt
Processed: HEA/stropt/HEA_virtual_446_stropt.cif
HEA_virtual_216_stropt
Processed: HEA/stropt/HEA_virtual_216_stropt.cif
HEA_virtual_552_stropt
Processed: HEA/stropt/HEA_virtual_552_stropt.cif
HEA_virtual_280_stropt
Processed: HEA/stropt/HEA_virtual_280_stropt.cif
HEA_virtual_131_stropt
Processed: HEA/stropt/HEA_virtual_131_stropt.cif
HEA_virtual_686_stropt
Processed: HEA/stropt/HEA_virtual_686_stropt.cif
HEA_virtual_248_stropt
Processed: HEA/stropt/HEA_virtual_248_stropt.cif
HEA_virtual_220_stropt
Processed: HEA/stropt/HEA_virtual_220_stropt.cif
HEA_virtual_536_stropt
Processed: HEA/stropt/HEA_virtual_536_stropt.cif
HEA_virtual_467_stropt
Processed: HEA/stropt/HEA_virtual_467_stropt.cif
HEA_virtual_369_stropt
Processed: HEA/stropt/HEA_virtual_369_stropt.cif
HEA_virtual_616_stropt
Processed: HEA/stropt/HEA_virtual_616_stropt.cif
HEA_virtual_414_stropt
Processed: HEA/stropt/HEA_virtual_414_stropt.cif
HEA_virtual_584_stropt
Processed: HEA/stropt/HEA_virtual_584_stropt.cif
HEA_virtual_219_stropt
Processed: HEA/stropt/HEA_virtual_219_stropt.cif
HEA_virtual_254_stropt
Processed: HEA/stropt/HEA_virtual_254_stropt.cif
HEA_virtual_437_stropt
Processed: HEA/stropt/HEA_virtual_437_stropt.cif
HEA_virtual_352_stropt
Processed: HEA/stropt/HEA_virtual_352_stropt.cif
HEA_virtual_626_stropt
Processed: HEA/stropt/HEA_virtual_626_stropt.cif
HEA_virtual_167_stropt
Processed: HEA/stropt/HEA_virtual_167_stropt.cif
HEA_virtual_630_stropt
Processed: HEA/stropt/HEA_virtual_630_stropt.cif
HEA_virtual_473_stropt
Processed: HEA/stropt/HEA_virtual_473_stropt.cif
HEA_virtual_429_stropt
Processed: HEA/stropt/HEA_virtual_429_stropt.cif
HEA_virtual_290_stropt
Processed: HEA/stropt/HEA_virtual_290_stropt.cif
HEA_virtual_183_stropt
Processed: HEA/stropt/HEA_virtual_183_stropt.cif
HEA_virtual_87_stropt
Processed: HEA/stropt/HEA_virtual_87_stropt.cif
HEA_virtual_25_stropt
Processed: HEA/stropt/HEA_virtual_25_stropt.cif
HEA_virtual_322_stropt
Processed: HEA/stropt/HEA_virtual_322_stropt.cif
HEA_virtual_530_stropt
Processed: HEA/stropt/HEA_virtual_530_stropt.cif
HEA_virtual_195_stropt
Processed: HEA/stropt/HEA_virtual_195_stropt.cif
HEA_virtual_203_stropt
Processed: HEA/stropt/HEA_virtual_203_stropt.cif
HEA_virtual_572_stropt
Processed: HEA/stropt/HEA_virtual_572_stropt.cif
HEA_virtual_202_stropt
Processed: HEA/stropt/HEA_virtual_202_stropt.cif
HEA_virtual_101_stropt
Processed: HEA/stropt/HEA_virtual_101_stropt.cif
HEA_virtual_266_stropt
Processed: HEA/stropt/HEA_virtual_266_stropt.cif
HEA_virtual_481_stropt
Processed: HEA/stropt/HEA_virtual_481_stropt.cif
HEA_virtual_204_stropt
Processed: HEA/stropt/HEA_virtual_204_stropt.cif
HEA_virtual_97_stropt
Processed: HEA/stropt/HEA_virtual_97_stropt.cif
HEA_virtual_494_stropt
Processed: HEA/stropt/HEA_virtual_494_stropt.cif
HEA_virtual_163_stropt
Processed: HEA/stropt/HEA_virtual_163_stropt.cif
HEA_virtual_655_stropt
Processed: HEA/stropt/HEA_virtual_655_stropt.cif
HEA_virtual_548_stropt
Processed: HEA/stropt/HEA_virtual_548_stropt.cif
HEA_virtual_441_stropt
Processed: HEA/stropt/HEA_virtual_441_stropt.cif
HEA_virtual_42_stropt
Processed: HEA/stropt/HEA_virtual_42_stropt.cif
HEA_virtual_667_stropt
Processed: HEA/stropt/HEA_virtual_667_stropt.cif
HEA_virtual_617_stropt
Processed: HEA/stropt/HEA_virtual_617_stropt.cif
HEA_virtual_129_stropt
Processed: HEA/stropt/HEA_virtual_129_stropt.cif
HEA_virtual_51_stropt
Processed: HEA/stropt/HEA_virtual_51_stropt.cif
HEA_virtual_96_stropt
Processed: HEA/stropt/HEA_virtual_96_stropt.cif
HEA_virtual_605_stropt
Processed: HEA/stropt/HEA_virtual_605_stropt.cif
HEA_virtual_384_stropt
Processed: HEA/stropt/HEA_virtual_384_stropt.cif
HEA_virtual_601_stropt
Processed: HEA/stropt/HEA_virtual_601_stropt.cif
HEA_virtual_119_stropt
Processed: HEA/stropt/HEA_virtual_119_stropt.cif
HEA_virtual_547_stropt
Processed: HEA/stropt/HEA_virtual_547_stropt.cif
HEA_virtual_564_stropt
Processed: HEA/stropt/HEA_virtual_564_stropt.cif
HEA_virtual_259_stropt
Processed: HEA/stropt/HEA_virtual_259_stropt.cif
HEA_virtual_309_stropt
Processed: HEA/stropt/HEA_virtual_309_stropt.cif
HEA_virtual_582_stropt
Processed: HEA/stropt/HEA_virtual_582_stropt.cif
HEA_virtual_321_stropt
Processed: HEA/stropt/HEA_virtual_321_stropt.cif
HEA_virtual_379_stropt
Processed: HEA/stropt/HEA_virtual_379_stropt.cif
HEA_virtual_694_stropt
Processed: HEA/stropt/HEA_virtual_694_stropt.cif
HEA_virtual_636_stropt
Processed: HEA/stropt/HEA_virtual_636_stropt.cif
HEA_virtual_4_stropt
Processed: HEA/stropt/HEA_virtual_4_stropt.cif
HEA_virtual_109_stropt
Processed: HEA/stropt/HEA_virtual_109_stropt.cif
HEA_virtual_660_stropt
Processed: HEA/stropt/HEA_virtual_660_stropt.cif
HEA_virtual_600_stropt
Processed: HEA/stropt/HEA_virtual_600_stropt.cif
HEA_virtual_358_stropt
Processed: HEA/stropt/HEA_virtual_358_stropt.cif
HEA_virtual_385_stropt
Processed: HEA/stropt/HEA_virtual_385_stropt.cif
HEA_virtual_688_stropt
Processed: HEA/stropt/HEA_virtual_688_stropt.cif
HEA_virtual_468_stropt
Processed: HEA/stropt/HEA_virtual_468_stropt.cif
HEA_virtual_147_stropt
Processed: HEA/stropt/HEA_virtual_147_stropt.cif
HEA_virtual_388_stropt
Processed: HEA/stropt/HEA_virtual_388_stropt.cif
HEA_virtual_410_stropt
Processed: HEA/stropt/HEA_virtual_410_stropt.cif
HEA_virtual_456_stropt
Processed: HEA/stropt/HEA_virtual_456_stropt.cif
HEA_virtual_546_stropt
Processed: HEA/stropt/HEA_virtual_546_stropt.cif
HEA_virtual_231_stropt
Processed: HEA/stropt/HEA_virtual_231_stropt.cif
HEA_virtual_670_stropt
Processed: HEA/stropt/HEA_virtual_670_stropt.cif
HEA_virtual_566_stropt
Processed: HEA/stropt/HEA_virtual_566_stropt.cif
HEA_virtual_691_stropt
Processed: HEA/stropt/HEA_virtual_691_stropt.cif
HEA_virtual_197_stropt
Processed: HEA/stropt/HEA_virtual_197_stropt.cif
HEA_virtual_62_stropt
Processed: HEA/stropt/HEA_virtual_62_stropt.cif
HEA_virtual_668_stropt
Processed: HEA/stropt/HEA_virtual_668_stropt.cif
HEA_virtual_31_stropt
Processed: HEA/stropt/HEA_virtual_31_stropt.cif
HEA_virtual_583_stropt
Processed: HEA/stropt/HEA_virtual_583_stropt.cif
HEA_virtual_646_stropt
Processed: HEA/stropt/HEA_virtual_646_stropt.cif
HEA_virtual_390_stropt
Processed: HEA/stropt/HEA_virtual_390_stropt.cif
HEA_virtual_238_stropt
Processed: HEA/stropt/HEA_virtual_238_stropt.cif
HEA_virtual_70_stropt
Processed: HEA/stropt/HEA_virtual_70_stropt.cif
HEA_virtual_502_stropt
Processed: HEA/stropt/HEA_virtual_502_stropt.cif
HEA_virtual_9_stropt
Processed: HEA/stropt/HEA_virtual_9_stropt.cif
HEA_virtual_303_stropt
Processed: HEA/stropt/HEA_virtual_303_stropt.cif
HEA_virtual_291_stropt
Processed: HEA/stropt/HEA_virtual_291_stropt.cif
HEA_virtual_162_stropt
Processed: HEA/stropt/HEA_virtual_162_stropt.cif
HEA_virtual_347_stropt
Processed: HEA/stropt/HEA_virtual_347_stropt.cif
HEA_virtual_360_stropt
Processed: HEA/stropt/HEA_virtual_360_stropt.cif
HEA_virtual_170_stropt
Processed: HEA/stropt/HEA_virtual_170_stropt.cif
HEA_virtual_38_stropt
Processed: HEA/stropt/HEA_virtual_38_stropt.cif
HEA_virtual_130_stropt
Processed: HEA/stropt/HEA_virtual_130_stropt.cif
HEA_virtual_359_stropt
Processed: HEA/stropt/HEA_virtual_359_stropt.cif
HEA_virtual_128_stropt
Processed: HEA/stropt/HEA_virtual_128_stropt.cif
HEA_virtual_433_stropt
Processed: HEA/stropt/HEA_virtual_433_stropt.cif
HEA_virtual_191_stropt
Processed: HEA/stropt/HEA_virtual_191_stropt.cif
HEA_virtual_192_stropt
Processed: HEA/stropt/HEA_virtual_192_stropt.cif
HEA_virtual_151_stropt
Processed: HEA/stropt/HEA_virtual_151_stropt.cif
HEA_virtual_318_stropt
Processed: HEA/stropt/HEA_virtual_318_stropt.cif
HEA_virtual_317_stropt
Processed: HEA/stropt/HEA_virtual_317_stropt.cif
HEA_virtual_56_stropt
Processed: HEA/stropt/HEA_virtual_56_stropt.cif
HEA_virtual_286_stropt
Processed: HEA/stropt/HEA_virtual_286_stropt.cif
HEA_virtual_587_stropt
Processed: HEA/stropt/HEA_virtual_587_stropt.cif
HEA_virtual_663_stropt
Processed: HEA/stropt/HEA_virtual_663_stropt.cif
HEA_virtual_634_stropt
Processed: HEA/stropt/HEA_virtual_634_stropt.cif
HEA_virtual_575_stropt
Processed: HEA/stropt/HEA_virtual_575_stropt.cif
HEA_virtual_256_stropt
Processed: HEA/stropt/HEA_virtual_256_stropt.cif
HEA_virtual_158_stropt
Processed: HEA/stropt/HEA_virtual_158_stropt.cif
HEA_virtual_225_stropt
Processed: HEA/stropt/HEA_virtual_225_stropt.cif
HEA_virtual_678_stropt
Processed: HEA/stropt/HEA_virtual_678_stropt.cif
HEA_virtual_393_stropt
Processed: HEA/stropt/HEA_virtual_393_stropt.cif
HEA_virtual_687_stropt
Processed: HEA/stropt/HEA_virtual_687_stropt.cif
HEA_virtual_362_stropt
Processed: HEA/stropt/HEA_virtual_362_stropt.cif
HEA_virtual_24_stropt
Processed: HEA/stropt/HEA_virtual_24_stropt.cif
HEA_virtual_461_stropt
Processed: HEA/stropt/HEA_virtual_461_stropt.cif
HEA_virtual_48_stropt
Processed: HEA/stropt/HEA_virtual_48_stropt.cif
HEA_virtual_484_stropt
Processed: HEA/stropt/HEA_virtual_484_stropt.cif
HEA_virtual_152_stropt
Processed: HEA/stropt/HEA_virtual_152_stropt.cif
HEA_virtual_658_stropt
Processed: HEA/stropt/HEA_virtual_658_stropt.cif
HEA_virtual_210_stropt
Processed: HEA/stropt/HEA_virtual_210_stropt.cif
HEA_virtual_253_stropt
Processed: HEA/stropt/HEA_virtual_253_stropt.cif
HEA_virtual_293_stropt
Processed: HEA/stropt/HEA_virtual_293_stropt.cif
HEA_virtual_371_stropt
Processed: HEA/stropt/HEA_virtual_371_stropt.cif
HEA_virtual_319_stropt
Processed: HEA/stropt/HEA_virtual_319_stropt.cif
HEA_virtual_349_stropt
Processed: HEA/stropt/HEA_virtual_349_stropt.cif
HEA_virtual_478_stropt
Processed: HEA/stropt/HEA_virtual_478_stropt.cif
HEA_virtual_81_stropt
Processed: HEA/stropt/HEA_virtual_81_stropt.cif
HEA_virtual_133_stropt
Processed: HEA/stropt/HEA_virtual_133_stropt.cif
HEA_virtual_5_stropt
Processed: HEA/stropt/HEA_virtual_5_stropt.cif
HEA_virtual_287_stropt
Processed: HEA/stropt/HEA_virtual_287_stropt.cif
HEA_virtual_477_stropt
Processed: HEA/stropt/HEA_virtual_477_stropt.cif
HEA_virtual_415_stropt
Processed: HEA/stropt/HEA_virtual_415_stropt.cif
HEA_virtual_585_stropt
Processed: HEA/stropt/HEA_virtual_585_stropt.cif
HEA_virtual_615_stropt
Processed: HEA/stropt/HEA_virtual_615_stropt.cif
HEA_virtual_215_stropt
Processed: HEA/stropt/HEA_virtual_215_stropt.cif
HEA_virtual_75_stropt
Processed: HEA/stropt/HEA_virtual_75_stropt.cif
HEA_virtual_307_stropt
Processed: HEA/stropt/HEA_virtual_307_stropt.cif
HEA_virtual_274_stropt
Processed: HEA/stropt/HEA_virtual_274_stropt.cif
HEA_virtual_345_stropt
Processed: HEA/stropt/HEA_virtual_345_stropt.cif
HEA_virtual_91_stropt
Processed: HEA/stropt/HEA_virtual_91_stropt.cif
HEA_virtual_8_stropt
Processed: HEA/stropt/HEA_virtual_8_stropt.cif
HEA_virtual_640_stropt
Processed: HEA/stropt/HEA_virtual_640_stropt.cif
HEA_virtual_221_stropt
Processed: HEA/stropt/HEA_virtual_221_stropt.cif
HEA_virtual_82_stropt
Processed: HEA/stropt/HEA_virtual_82_stropt.cif
HEA_virtual_102_stropt
Processed: HEA/stropt/HEA_virtual_102_stropt.cif
HEA_virtual_490_stropt
Processed: HEA/stropt/HEA_virtual_490_stropt.cif
HEA_virtual_270_stropt
Processed: HEA/stropt/HEA_virtual_270_stropt.cif
HEA_virtual_65_stropt
Processed: HEA/stropt/HEA_virtual_65_stropt.cif
HEA_virtual_452_stropt
Processed: HEA/stropt/HEA_virtual_452_stropt.cif
HEA_virtual_571_stropt
Processed: HEA/stropt/HEA_virtual_571_stropt.cif
HEA_virtual_282_stropt
Processed: HEA/stropt/HEA_virtual_282_stropt.cif
HEA_virtual_422_stropt
Processed: HEA/stropt/HEA_virtual_422_stropt.cif
HEA_virtual_432_stropt
Processed: HEA/stropt/HEA_virtual_432_stropt.cif
HEA_virtual_333_stropt
Processed: HEA/stropt/HEA_virtual_333_stropt.cif
HEA_virtual_396_stropt
Processed: HEA/stropt/HEA_virtual_396_stropt.cif
HEA_virtual_590_stropt
Processed: HEA/stropt/HEA_virtual_590_stropt.cif
HEA_virtual_418_stropt
Processed: HEA/stropt/HEA_virtual_418_stropt.cif
HEA_virtual_209_stropt
Processed: HEA/stropt/HEA_virtual_209_stropt.cif
HEA_virtual_434_stropt
Processed: HEA/stropt/HEA_virtual_434_stropt.cif
HEA_virtual_521_stropt
Processed: HEA/stropt/HEA_virtual_521_stropt.cif
HEA_virtual_504_stropt
Processed: HEA/stropt/HEA_virtual_504_stropt.cif
HEA_virtual_89_stropt
Processed: HEA/stropt/HEA_virtual_89_stropt.cif
HEA_virtual_589_stropt
Processed: HEA/stropt/HEA_virtual_589_stropt.cif
HEA_virtual_689_stropt
Processed: HEA/stropt/HEA_virtual_689_stropt.cif
HEA_virtual_529_stropt
Processed: HEA/stropt/HEA_virtual_529_stropt.cif
HEA_virtual_406_stropt
Processed: HEA/stropt/HEA_virtual_406_stropt.cif
HEA_virtual_312_stropt
Processed: HEA/stropt/HEA_virtual_312_stropt.cif
HEA_virtual_176_stropt
Processed: HEA/stropt/HEA_virtual_176_stropt.cif
HEA_virtual_463_stropt
Processed: HEA/stropt/HEA_virtual_463_stropt.cif
HEA_virtual_366_stropt
Processed: HEA/stropt/HEA_virtual_366_stropt.cif
HEA_virtual_57_stropt
Processed: HEA/stropt/HEA_virtual_57_stropt.cif
HEA_virtual_265_stropt
Processed: HEA/stropt/HEA_virtual_265_stropt.cif
HEA_virtual_439_stropt
Processed: HEA/stropt/HEA_virtual_439_stropt.cif
HEA_virtual_115_stropt
Processed: HEA/stropt/HEA_virtual_115_stropt.cif
HEA_virtual_19_stropt
Processed: HEA/stropt/HEA_virtual_19_stropt.cif
HEA_virtual_165_stropt
Processed: HEA/stropt/HEA_virtual_165_stropt.cif
HEA_virtual_603_stropt
Processed: HEA/stropt/HEA_virtual_603_stropt.cif
HEA_virtual_299_stropt
Processed: HEA/stropt/HEA_virtual_299_stropt.cif
HEA_virtual_137_stropt
Processed: HEA/stropt/HEA_virtual_137_stropt.cif
HEA_virtual_653_stropt
Processed: HEA/stropt/HEA_virtual_653_stropt.cif
HEA_virtual_34_stropt
Processed: HEA/stropt/HEA_virtual_34_stropt.cif
HEA_virtual_427_stropt
Processed: HEA/stropt/HEA_virtual_427_stropt.cif
HEA_virtual_237_stropt
Processed: HEA/stropt/HEA_virtual_237_stropt.cif
HEA_virtual_519_stropt
Processed: HEA/stropt/HEA_virtual_519_stropt.cif
HEA_virtual_401_stropt
Processed: HEA/stropt/HEA_virtual_401_stropt.cif
HEA_virtual_66_stropt
Processed: HEA/stropt/HEA_virtual_66_stropt.cif
HEA_virtual_329_stropt
Processed: HEA/stropt/HEA_virtual_329_stropt.cif
HEA_virtual_11_stropt
Processed: HEA/stropt/HEA_virtual_11_stropt.cif
HEA_virtual_447_stropt
Processed: HEA/stropt/HEA_virtual_447_stropt.cif
HEA_virtual_268_stropt
Processed: HEA/stropt/HEA_virtual_268_stropt.cif
HEA_virtual_281_stropt
Processed: HEA/stropt/HEA_virtual_281_stropt.cif
HEA_virtual_662_stropt
Processed: HEA/stropt/HEA_virtual_662_stropt.cif
HEA_virtual_674_stropt
Processed: HEA/stropt/HEA_virtual_674_stropt.cif
HEA_virtual_315_stropt
Processed: HEA/stropt/HEA_virtual_315_stropt.cif
HEA_virtual_676_stropt
Processed: HEA/stropt/HEA_virtual_676_stropt.cif
HEA_virtual_607_stropt
Processed: HEA/stropt/HEA_virtual_607_stropt.cif
HEA_virtual_417_stropt
Processed: HEA/stropt/HEA_virtual_417_stropt.cif
HEA_virtual_15_stropt
Processed: HEA/stropt/HEA_virtual_15_stropt.cif
HEA_virtual_54_stropt
Processed: HEA/stropt/HEA_virtual_54_stropt.cif
HEA_virtual_624_stropt
Processed: HEA/stropt/HEA_virtual_624_stropt.cif
HEA_virtual_10_stropt
Processed: HEA/stropt/HEA_virtual_10_stropt.cif
HEA_virtual_148_stropt
Processed: HEA/stropt/HEA_virtual_148_stropt.cif
HEA_virtual_177_stropt
Processed: HEA/stropt/HEA_virtual_177_stropt.cif
HEA_virtual_227_stropt
Processed: HEA/stropt/HEA_virtual_227_stropt.cif
HEA_virtual_449_stropt
Processed: HEA/stropt/HEA_virtual_449_stropt.cif
HEA_virtual_306_stropt
Processed: HEA/stropt/HEA_virtual_306_stropt.cif
HEA_virtual_595_stropt
Processed: HEA/stropt/HEA_virtual_595_stropt.cif
HEA_virtual_513_stropt
Processed: HEA/stropt/HEA_virtual_513_stropt.cif
HEA_virtual_428_stropt
Processed: HEA/stropt/HEA_virtual_428_stropt.cif
HEA_virtual_459_stropt
Processed: HEA/stropt/HEA_virtual_459_stropt.cif
HEA_virtual_123_stropt
Processed: HEA/stropt/HEA_virtual_123_stropt.cif
HEA_virtual_632_stropt
Processed: HEA/stropt/HEA_virtual_632_stropt.cif
HEA_virtual_386_stropt
Processed: HEA/stropt/HEA_virtual_386_stropt.cif
HEA_virtual_310_stropt
Processed: HEA/stropt/HEA_virtual_310_stropt.cif
HEA_virtual_495_stropt
Processed: HEA/stropt/HEA_virtual_495_stropt.cif
HEA_virtual_364_stropt
Processed: HEA/stropt/HEA_virtual_364_stropt.cif
HEA_virtual_657_stropt
Processed: HEA/stropt/HEA_virtual_657_stropt.cif
HEA_virtual_533_stropt
Processed: HEA/stropt/HEA_virtual_533_stropt.cif
HEA_virtual_36_stropt
Processed: HEA/stropt/HEA_virtual_36_stropt.cif
HEA_virtual_620_stropt
Processed: HEA/stropt/HEA_virtual_620_stropt.cif
HEA_virtual_357_stropt
Processed: HEA/stropt/HEA_virtual_357_stropt.cif
HEA_virtual_378_stropt
Processed: HEA/stropt/HEA_virtual_378_stropt.cif
HEA_virtual_74_stropt
Processed: HEA/stropt/HEA_virtual_74_stropt.cif
HEA_virtual_604_stropt
Processed: HEA/stropt/HEA_virtual_604_stropt.cif
HEA_virtual_493_stropt
Processed: HEA/stropt/HEA_virtual_493_stropt.cif
HEA_virtual_671_stropt
Processed: HEA/stropt/HEA_virtual_671_stropt.cif
HEA_virtual_387_stropt
Processed: HEA/stropt/HEA_virtual_387_stropt.cif
HEA_virtual_249_stropt
Processed: HEA/stropt/HEA_virtual_249_stropt.cif
HEA_virtual_545_stropt
Processed: HEA/stropt/HEA_virtual_545_stropt.cif
HEA_virtual_13_stropt
Processed: HEA/stropt/HEA_virtual_13_stropt.cif
HEA_virtual_376_stropt
Processed: HEA/stropt/HEA_virtual_376_stropt.cif
HEA_virtual_382_stropt
Processed: HEA/stropt/HEA_virtual_382_stropt.cif
HEA_virtual_104_stropt
Processed: HEA/stropt/HEA_virtual_104_stropt.cif
HEA_virtual_28_stropt
Processed: HEA/stropt/HEA_virtual_28_stropt.cif
HEA_virtual_171_stropt
Processed: HEA/stropt/HEA_virtual_171_stropt.cif
HEA_virtual_186_stropt
Processed: HEA/stropt/HEA_virtual_186_stropt.cif
HEA_virtual_261_stropt
Processed: HEA/stropt/HEA_virtual_261_stropt.cif
HEA_virtual_695_stropt
Processed: HEA/stropt/HEA_virtual_695_stropt.cif
HEA_virtual_580_stropt
Processed: HEA/stropt/HEA_virtual_580_stropt.cif
HEA_virtual_106_stropt
Processed: HEA/stropt/HEA_virtual_106_stropt.cif
HEA_virtual_212_stropt
Processed: HEA/stropt/HEA_virtual_212_stropt.cif
HEA_virtual_3_stropt
Processed: HEA/stropt/HEA_virtual_3_stropt.cif
HEA_virtual_213_stropt
Processed: HEA/stropt/HEA_virtual_213_stropt.cif
HEA_virtual_661_stropt
Processed: HEA/stropt/HEA_virtual_661_stropt.cif
HEA_virtual_511_stropt
Processed: HEA/stropt/HEA_virtual_511_stropt.cif
HEA_virtual_644_stropt
Processed: HEA/stropt/HEA_virtual_644_stropt.cif
HEA_virtual_289_stropt
Processed: HEA/stropt/HEA_virtual_289_stropt.cif
HEA_virtual_395_stropt
Processed: HEA/stropt/HEA_virtual_395_stropt.cif
HEA_virtual_336_stropt
Processed: HEA/stropt/HEA_virtual_336_stropt.cif
HEA_virtual_654_stropt
Processed: HEA/stropt/HEA_virtual_654_stropt.cif
HEA_virtual_257_stropt
Processed: HEA/stropt/HEA_virtual_257_stropt.cif
HEA_virtual_188_stropt
Processed: HEA/stropt/HEA_virtual_188_stropt.cif
HEA_virtual_596_stropt
Processed: HEA/stropt/HEA_virtual_596_stropt.cif
HEA_virtual_78_stropt
Processed: HEA/stropt/HEA_virtual_78_stropt.cif
HEA_virtual_40_stropt
Processed: HEA/stropt/HEA_virtual_40_stropt.cif
HEA_virtual_80_stropt
Processed: HEA/stropt/HEA_virtual_80_stropt.cif
HEA_virtual_424_stropt
Processed: HEA/stropt/HEA_virtual_424_stropt.cif
HEA_virtual_598_stropt
Processed: HEA/stropt/HEA_virtual_598_stropt.cif
HEA_virtual_20_stropt
Processed: HEA/stropt/HEA_virtual_20_stropt.cif
HEA_virtual_625_stropt
Processed: HEA/stropt/HEA_virtual_625_stropt.cif
HEA_virtual_383_stropt
Processed: HEA/stropt/HEA_virtual_383_stropt.cif
HEA_virtual_350_stropt
Processed: HEA/stropt/HEA_virtual_350_stropt.cif
HEA_virtual_512_stropt
Processed: HEA/stropt/HEA_virtual_512_stropt.cif
HEA_virtual_539_stropt
Processed: HEA/stropt/HEA_virtual_539_stropt.cif
HEA_virtual_208_stropt
Processed: HEA/stropt/HEA_virtual_208_stropt.cif
HEA_virtual_41_stropt
Processed: HEA/stropt/HEA_virtual_41_stropt.cif
HEA_virtual_99_stropt
Processed: HEA/stropt/HEA_virtual_99_stropt.cif
HEA_virtual_544_stropt
Processed: HEA/stropt/HEA_virtual_544_stropt.cif
HEA_virtual_375_stropt
Processed: HEA/stropt/HEA_virtual_375_stropt.cif
HEA_virtual_105_stropt
Processed: HEA/stropt/HEA_virtual_105_stropt.cif
HEA_virtual_458_stropt
Processed: HEA/stropt/HEA_virtual_458_stropt.cif
HEA_virtual_343_stropt
Processed: HEA/stropt/HEA_virtual_343_stropt.cif
HEA_virtual_53_stropt
Processed: HEA/stropt/HEA_virtual_53_stropt.cif
HEA_virtual_469_stropt
Processed: HEA/stropt/HEA_virtual_469_stropt.cif
HEA_virtual_510_stropt
Processed: HEA/stropt/HEA_virtual_510_stropt.cif
HEA_virtual_247_stropt
Processed: HEA/stropt/HEA_virtual_247_stropt.cif
HEA_virtual_652_stropt
Processed: HEA/stropt/HEA_virtual_652_stropt.cif
HEA_virtual_602_stropt
Processed: HEA/stropt/HEA_virtual_602_stropt.cif
HEA_virtual_313_stropt
Processed: HEA/stropt/HEA_virtual_313_stropt.cif
HEA_virtual_301_stropt
Processed: HEA/stropt/HEA_virtual_301_stropt.cif
HEA_virtual_537_stropt
Processed: HEA/stropt/HEA_virtual_537_stropt.cif
HEA_virtual_645_stropt
Processed: HEA/stropt/HEA_virtual_645_stropt.cif
HEA_virtual_400_stropt
Processed: HEA/stropt/HEA_virtual_400_stropt.cif
HEA_virtual_391_stropt
Processed: HEA/stropt/HEA_virtual_391_stropt.cif
HEA_virtual_255_stropt
Processed: HEA/stropt/HEA_virtual_255_stropt.cif
HEA_virtual_258_stropt
Processed: HEA/stropt/HEA_virtual_258_stropt.cif
HEA_virtual_83_stropt
Processed: HEA/stropt/HEA_virtual_83_stropt.cif
HEA_virtual_451_stropt
Processed: HEA/stropt/HEA_virtual_451_stropt.cif
HEA_virtual_241_stropt
Processed: HEA/stropt/HEA_virtual_241_stropt.cif
HEA_virtual_453_stropt
Processed: HEA/stropt/HEA_virtual_453_stropt.cif
HEA_virtual_412_stropt
Processed: HEA/stropt/HEA_virtual_412_stropt.cif
HEA_virtual_423_stropt
Processed: HEA/stropt/HEA_virtual_423_stropt.cif
HEA_virtual_55_stropt
Processed: HEA/stropt/HEA_virtual_55_stropt.cif
HEA_virtual_278_stropt
Processed: HEA/stropt/HEA_virtual_278_stropt.cif
HEA_virtual_454_stropt
Processed: HEA/stropt/HEA_virtual_454_stropt.cif
HEA_virtual_550_stropt
Processed: HEA/stropt/HEA_virtual_550_stropt.cif
HEA_virtual_650_stropt
Processed: HEA/stropt/HEA_virtual_650_stropt.cif
HEA_virtual_126_stropt
Processed: HEA/stropt/HEA_virtual_126_stropt.cif
HEA_virtual_308_stropt
Processed: HEA/stropt/HEA_virtual_308_stropt.cif
HEA_virtual_149_stropt
Processed: HEA/stropt/HEA_virtual_149_stropt.cif
HEA_virtual_549_stropt
Processed: HEA/stropt/HEA_virtual_549_stropt.cif
HEA_virtual_114_stropt
Processed: HEA/stropt/HEA_virtual_114_stropt.cif
HEA_virtual_641_stropt
Processed: HEA/stropt/HEA_virtual_641_stropt.cif
HEA_virtual_466_stropt
Processed: HEA/stropt/HEA_virtual_466_stropt.cif
HEA_virtual_140_stropt
Processed: HEA/stropt/HEA_virtual_140_stropt.cif
HEA_virtual_269_stropt
Processed: HEA/stropt/HEA_virtual_269_stropt.cif
HEA_virtual_570_stropt
Processed: HEA/stropt/HEA_virtual_570_stropt.cif
HEA_virtual_330_stropt
Processed: HEA/stropt/HEA_virtual_330_stropt.cif
HEA_virtual_610_stropt
Processed: HEA/stropt/HEA_virtual_610_stropt.cif
HEA_virtual_18_stropt
Processed: HEA/stropt/HEA_virtual_18_stropt.cif
HEA_virtual_76_stropt
Processed: HEA/stropt/HEA_virtual_76_stropt.cif
HEA_virtual_675_stropt
Processed: HEA/stropt/HEA_virtual_675_stropt.cif
HEA_virtual_474_stropt
Processed: HEA/stropt/HEA_virtual_474_stropt.cif
HEA_virtual_397_stropt
Processed: HEA/stropt/HEA_virtual_397_stropt.cif
HEA_virtual_363_stropt
Processed: HEA/stropt/HEA_virtual_363_stropt.cif
HEA_virtual_339_stropt
Processed: HEA/stropt/HEA_virtual_339_stropt.cif
HEA_virtual_556_stropt
Processed: HEA/stropt/HEA_virtual_556_stropt.cif
HEA_virtual_522_stropt
Processed: HEA/stropt/HEA_virtual_522_stropt.cif
HEA_virtual_63_stropt
Processed: HEA/stropt/HEA_virtual_63_stropt.cif
HEA_virtual_228_stropt
Processed: HEA/stropt/HEA_virtual_228_stropt.cif
HEA_virtual_380_stropt
Processed: HEA/stropt/HEA_virtual_380_stropt.cif
HEA_virtual_354_stropt
Processed: HEA/stropt/HEA_virtual_354_stropt.cif
HEA_virtual_489_stropt
Processed: HEA/stropt/HEA_virtual_489_stropt.cif
HEA_virtual_405_stropt
Processed: HEA/stropt/HEA_virtual_405_stropt.cif
HEA_virtual_58_stropt
Processed: HEA/stropt/HEA_virtual_58_stropt.cif
HEA_virtual_592_stropt
Processed: HEA/stropt/HEA_virtual_592_stropt.cif
HEA_virtual_77_stropt
Processed: HEA/stropt/HEA_virtual_77_stropt.cif
HEA_virtual_59_stropt
Processed: HEA/stropt/HEA_virtual_59_stropt.cif
HEA_virtual_61_stropt
Processed: HEA/stropt/HEA_virtual_61_stropt.cif
HEA_virtual_155_stropt
Processed: HEA/stropt/HEA_virtual_155_stropt.cif
HEA_virtual_553_stropt
Processed: HEA/stropt/HEA_virtual_553_stropt.cif
HEA_virtual_684_stropt
Processed: HEA/stropt/HEA_virtual_684_stropt.cif
HEA_virtual_431_stropt
Processed: HEA/stropt/HEA_virtual_431_stropt.cif
HEA_virtual_565_stropt
Processed: HEA/stropt/HEA_virtual_565_stropt.cif
HEA_virtual_698_stropt
Processed: HEA/stropt/HEA_virtual_698_stropt.cif
HEA_virtual_260_stropt
Processed: HEA/stropt/HEA_virtual_260_stropt.cif
HEA_virtual_90_stropt
Processed: HEA/stropt/HEA_virtual_90_stropt.cif
HEA_virtual_337_stropt
Processed: HEA/stropt/HEA_virtual_337_stropt.cif
HEA_virtual_294_stropt
Processed: HEA/stropt/HEA_virtual_294_stropt.cif
HEA_virtual_252_stropt
Processed: HEA/stropt/HEA_virtual_252_stropt.cif
HEA_virtual_479_stropt
Processed: HEA/stropt/HEA_virtual_479_stropt.cif
HEA_virtual_85_stropt
Processed: HEA/stropt/HEA_virtual_85_stropt.cif
HEA_virtual_124_stropt
Processed: HEA/stropt/HEA_virtual_124_stropt.cif
HEA_virtual_146_stropt
Processed: HEA/stropt/HEA_virtual_146_stropt.cif
HEA_virtual_304_stropt
Processed: HEA/stropt/HEA_virtual_304_stropt.cif
HEA_virtual_677_stropt
Processed: HEA/stropt/HEA_virtual_677_stropt.cif
HEA_virtual_368_stropt
Processed: HEA/stropt/HEA_virtual_368_stropt.cif
HEA_virtual_442_stropt
Processed: HEA/stropt/HEA_virtual_442_stropt.cif
HEA_virtual_471_stropt
Processed: HEA/stropt/HEA_virtual_471_stropt.cif
HEA_virtual_153_stropt
Processed: HEA/stropt/HEA_virtual_153_stropt.cif
HEA_virtual_606_stropt
Processed: HEA/stropt/HEA_virtual_606_stropt.cif
HEA_virtual_557_stropt
Processed: HEA/stropt/HEA_virtual_557_stropt.cif
HEA_virtual_551_stropt
Processed: HEA/stropt/HEA_virtual_551_stropt.cif
HEA_virtual_246_stropt
Processed: HEA/stropt/HEA_virtual_246_stropt.cif
HEA_virtual_637_stropt
Processed: HEA/stropt/HEA_virtual_637_stropt.cif
HEA_virtual_507_stropt
Processed: HEA/stropt/HEA_virtual_507_stropt.cif
HEA_virtual_103_stropt
Processed: HEA/stropt/HEA_virtual_103_stropt.cif
HEA_virtual_573_stropt
Processed: HEA/stropt/HEA_virtual_573_stropt.cif
HEA_virtual_665_stropt
Processed: HEA/stropt/HEA_virtual_665_stropt.cif
HEA_virtual_325_stropt
Processed: HEA/stropt/HEA_virtual_325_stropt.cif
HEA_virtual_206_stropt
Processed: HEA/stropt/HEA_virtual_206_stropt.cif
HEA_virtual_497_stropt
Processed: HEA/stropt/HEA_virtual_497_stropt.cif
HEA_virtual_50_stropt
Processed: HEA/stropt/HEA_virtual_50_stropt.cif
HEA_virtual_534_stropt
Processed: HEA/stropt/HEA_virtual_534_stropt.cif
HEA_virtual_189_stropt
Processed: HEA/stropt/HEA_virtual_189_stropt.cif
HEA_virtual_651_stropt
Processed: HEA/stropt/HEA_virtual_651_stropt.cif
HEA_virtual_656_stropt
Processed: HEA/stropt/HEA_virtual_656_stropt.cif
HEA_virtual_344_stropt
Processed: HEA/stropt/HEA_virtual_344_stropt.cif
HEA_virtual_444_stropt
Processed: HEA/stropt/HEA_virtual_444_stropt.cif
HEA_virtual_107_stropt
Processed: HEA/stropt/HEA_virtual_107_stropt.cif
HEA_virtual_68_stropt
Processed: HEA/stropt/HEA_virtual_68_stropt.cif
HEA_virtual_314_stropt
Processed: HEA/stropt/HEA_virtual_314_stropt.cif
HEA_virtual_540_stropt
Processed: HEA/stropt/HEA_virtual_540_stropt.cif
HEA_virtual_185_stropt
Processed: HEA/stropt/HEA_virtual_185_stropt.cif
HEA_virtual_681_stropt
Processed: HEA/stropt/HEA_virtual_681_stropt.cif
HEA_virtual_413_stropt
Processed: HEA/stropt/HEA_virtual_413_stropt.cif
HEA_virtual_348_stropt
Processed: HEA/stropt/HEA_virtual_348_stropt.cif
HEA_virtual_29_stropt
Processed: HEA/stropt/HEA_virtual_29_stropt.cif
HEA_virtual_618_stropt
Processed: HEA/stropt/HEA_virtual_618_stropt.cif
HEA_virtual_682_stropt
Processed: HEA/stropt/HEA_virtual_682_stropt.cif
HEA_virtual_679_stropt
Processed: HEA/stropt/HEA_virtual_679_stropt.cif
HEA_virtual_93_stropt
Processed: HEA/stropt/HEA_virtual_93_stropt.cif
HEA_virtual_244_stropt
Processed: HEA/stropt/HEA_virtual_244_stropt.cif
HEA_virtual_515_stropt
Processed: HEA/stropt/HEA_virtual_515_stropt.cif
HEA_virtual_182_stropt
Processed: HEA/stropt/HEA_virtual_182_stropt.cif
HEA_virtual_275_stropt
Processed: HEA/stropt/HEA_virtual_275_stropt.cif
HEA_virtual_214_stropt
Processed: HEA/stropt/HEA_virtual_214_stropt.cif
HEA_virtual_425_stropt
Processed: HEA/stropt/HEA_virtual_425_stropt.cif
HEA_virtual_86_stropt
Processed: HEA/stropt/HEA_virtual_86_stropt.cif
HEA_virtual_514_stropt
Processed: HEA/stropt/HEA_virtual_514_stropt.cif
HEA_virtual_139_stropt
Processed: HEA/stropt/HEA_virtual_139_stropt.cif
HEA_virtual_95_stropt
Processed: HEA/stropt/HEA_virtual_95_stropt.cif
HEA_virtual_117_stropt
Processed: HEA/stropt/HEA_virtual_117_stropt.cif
HEA_virtual_193_stropt
Processed: HEA/stropt/HEA_virtual_193_stropt.cif
HEA_virtual_448_stropt
Processed: HEA/stropt/HEA_virtual_448_stropt.cif
HEA_virtual_111_stropt
Processed: HEA/stropt/HEA_virtual_111_stropt.cif
HEA_virtual_172_stropt
Processed: HEA/stropt/HEA_virtual_172_stropt.cif
HEA_virtual_305_stropt
Processed: HEA/stropt/HEA_virtual_305_stropt.cif
HEA_virtual_161_stropt
Processed: HEA/stropt/HEA_virtual_161_stropt.cif
HEA_virtual_145_stropt
Processed: HEA/stropt/HEA_virtual_145_stropt.cif
HEA_virtual_416_stropt
Processed: HEA/stropt/HEA_virtual_416_stropt.cif
HEA_virtual_334_stropt
Processed: HEA/stropt/HEA_virtual_334_stropt.cif
HEA_virtual_351_stropt
Processed: HEA/stropt/HEA_virtual_351_stropt.cif
HEA_virtual_298_stropt
Processed: HEA/stropt/HEA_virtual_298_stropt.cif
HEA_virtual_134_stropt
Processed: HEA/stropt/HEA_virtual_134_stropt.cif
HEA_virtual_45_stropt
Processed: HEA/stropt/HEA_virtual_45_stropt.cif
HEA_virtual_402_stropt
Processed: HEA/stropt/HEA_virtual_402_stropt.cif
HEA_virtual_631_stropt
Processed: HEA/stropt/HEA_virtual_631_stropt.cif
HEA_virtual_190_stropt
Processed: HEA/stropt/HEA_virtual_190_stropt.cif
HEA_virtual_568_stropt
Processed: HEA/stropt/HEA_virtual_568_stropt.cif
HEA_virtual_211_stropt
Processed: HEA/stropt/HEA_virtual_211_stropt.cif
HEA_virtual_276_stropt
Processed: HEA/stropt/HEA_virtual_276_stropt.cif
HEA_virtual_597_stropt
Processed: HEA/stropt/HEA_virtual_597_stropt.cif
HEA_virtual_271_stropt
Processed: HEA/stropt/HEA_virtual_271_stropt.cif
Results saved to HEA/virtual_properties.csv
