CHGNet v0.3.0 initialized with 412,525 parameters
CHGNet will run on cuda
CoFe_virtual_22_stropt
Processed: CoFe/stropt/CoFe_virtual_22_stropt.cif
CoFe_virtual_54_stropt
Processed: CoFe/stropt/CoFe_virtual_54_stropt.cif
CoFe_virtual_88_stropt
Processed: CoFe/stropt/CoFe_virtual_88_stropt.cif
CoFe_virtual_97_stropt
Processed: CoFe/stropt/CoFe_virtual_97_stropt.cif
CoFe_virtual_87_stropt
Processed: CoFe/stropt/CoFe_virtual_87_stropt.cif
CoFe_virtual_63_stropt
Processed: CoFe/stropt/CoFe_virtual_63_stropt.cif
CoFe_virtual_16_stropt
Processed: CoFe/stropt/CoFe_virtual_16_stropt.cif
CoFe_virtual_29_stropt
Processed: CoFe/stropt/CoFe_virtual_29_stropt.cif
CoFe_virtual_90_stropt
Processed: CoFe/stropt/CoFe_virtual_90_stropt.cif
CoFe_virtual_74_stropt
Processed: CoFe/stropt/CoFe_virtual_74_stropt.cif
CoFe_virtual_79_stropt
Processed: CoFe/stropt/CoFe_virtual_79_stropt.cif
CoFe_virtual_80_stropt
Processed: CoFe/stropt/CoFe_virtual_80_stropt.cif
CoFe_virtual_34_stropt
Processed: CoFe/stropt/CoFe_virtual_34_stropt.cif
CoFe_virtual_38_stropt
Processed: CoFe/stropt/CoFe_virtual_38_stropt.cif
CoFe_virtual_24_stropt
Processed: CoFe/stropt/CoFe_virtual_24_stropt.cif
CoFe_virtual_72_stropt
Processed: CoFe/stropt/CoFe_virtual_72_stropt.cif
CoFe_virtual_9_stropt
Processed: CoFe/stropt/CoFe_virtual_9_stropt.cif
CoFe_virtual_48_stropt
Processed: CoFe/stropt/CoFe_virtual_48_stropt.cif
CoFe_virtual_6_stropt
Processed: CoFe/stropt/CoFe_virtual_6_stropt.cif
CoFe_virtual_35_stropt
Processed: CoFe/stropt/CoFe_virtual_35_stropt.cif
CoFe_virtual_81_stropt
Processed: CoFe/stropt/CoFe_virtual_81_stropt.cif
CoFe_virtual_53_stropt
Processed: CoFe/stropt/CoFe_virtual_53_stropt.cif
CoFe_virtual_94_stropt
Processed: CoFe/stropt/CoFe_virtual_94_stropt.cif
CoFe_virtual_3_stropt
Processed: CoFe/stropt/CoFe_virtual_3_stropt.cif
CoFe_virtual_69_stropt
Processed: CoFe/stropt/CoFe_virtual_69_stropt.cif
CoFe_virtual_44_stropt
Processed: CoFe/stropt/CoFe_virtual_44_stropt.cif
CoFe_virtual_37_stropt
Processed: CoFe/stropt/CoFe_virtual_37_stropt.cif
CoFe_virtual_57_stropt
Processed: CoFe/stropt/CoFe_virtual_57_stropt.cif
CoFe_virtual_10_stropt
Processed: CoFe/stropt/CoFe_virtual_10_stropt.cif
CoFe_virtual_27_stropt
Processed: CoFe/stropt/CoFe_virtual_27_stropt.cif
CoFe_virtual_7_stropt
Processed: CoFe/stropt/CoFe_virtual_7_stropt.cif
CoFe_virtual_14_stropt
Processed: CoFe/stropt/CoFe_virtual_14_stropt.cif
CoFe_virtual_65_stropt
Processed: CoFe/stropt/CoFe_virtual_65_stropt.cif
CoFe_virtual_83_stropt
Processed: CoFe/stropt/CoFe_virtual_83_stropt.cif
CoFe_virtual_30_stropt
Processed: CoFe/stropt/CoFe_virtual_30_stropt.cif
CoFe_virtual_59_stropt
Processed: CoFe/stropt/CoFe_virtual_59_stropt.cif
CoFe_virtual_19_stropt
Processed: CoFe/stropt/CoFe_virtual_19_stropt.cif
CoFe_virtual_40_stropt
Processed: CoFe/stropt/CoFe_virtual_40_stropt.cif
CoFe_virtual_67_stropt
Processed: CoFe/stropt/CoFe_virtual_67_stropt.cif
CoFe_virtual_15_stropt
Processed: CoFe/stropt/CoFe_virtual_15_stropt.cif
CoFe_virtual_92_stropt
Processed: CoFe/stropt/CoFe_virtual_92_stropt.cif
CoFe_virtual_55_stropt
Processed: CoFe/stropt/CoFe_virtual_55_stropt.cif
CoFe_virtual_46_stropt
Processed: CoFe/stropt/CoFe_virtual_46_stropt.cif
CoFe_virtual_96_stropt
Processed: CoFe/stropt/CoFe_virtual_96_stropt.cif
CoFe_virtual_4_stropt
Processed: CoFe/stropt/CoFe_virtual_4_stropt.cif
CoFe_virtual_76_stropt
Processed: CoFe/stropt/CoFe_virtual_76_stropt.cif
CoFe_virtual_93_stropt
Processed: CoFe/stropt/CoFe_virtual_93_stropt.cif
CoFe_virtual_52_stropt
Processed: CoFe/stropt/CoFe_virtual_52_stropt.cif
CoFe_virtual_49_stropt
Processed: CoFe/stropt/CoFe_virtual_49_stropt.cif
CoFe_virtual_50_stropt
Processed: CoFe/stropt/CoFe_virtual_50_stropt.cif
CoFe_virtual_89_stropt
Processed: CoFe/stropt/CoFe_virtual_89_stropt.cif
CoFe_virtual_95_stropt
Processed: CoFe/stropt/CoFe_virtual_95_stropt.cif
CoFe_virtual_20_stropt
Processed: CoFe/stropt/CoFe_virtual_20_stropt.cif
CoFe_virtual_41_stropt
Processed: CoFe/stropt/CoFe_virtual_41_stropt.cif
CoFe_virtual_77_stropt
Processed: CoFe/stropt/CoFe_virtual_77_stropt.cif
CoFe_virtual_23_stropt
Processed: CoFe/stropt/CoFe_virtual_23_stropt.cif
CoFe_virtual_32_stropt
Processed: CoFe/stropt/CoFe_virtual_32_stropt.cif
CoFe_virtual_18_stropt
Processed: CoFe/stropt/CoFe_virtual_18_stropt.cif
CoFe_virtual_98_stropt
Processed: CoFe/stropt/CoFe_virtual_98_stropt.cif
CoFe_virtual_31_stropt
Processed: CoFe/stropt/CoFe_virtual_31_stropt.cif
CoFe_virtual_66_stropt
Processed: CoFe/stropt/CoFe_virtual_66_stropt.cif
CoFe_virtual_75_stropt
Processed: CoFe/stropt/CoFe_virtual_75_stropt.cif
CoFe_virtual_68_stropt
Processed: CoFe/stropt/CoFe_virtual_68_stropt.cif
CoFe_virtual_73_stropt
Processed: CoFe/stropt/CoFe_virtual_73_stropt.cif
CoFe_virtual_47_stropt
Processed: CoFe/stropt/CoFe_virtual_47_stropt.cif
CoFe_virtual_21_stropt
Processed: CoFe/stropt/CoFe_virtual_21_stropt.cif
CoFe_virtual_39_stropt
Processed: CoFe/stropt/CoFe_virtual_39_stropt.cif
CoFe_virtual_28_stropt
Processed: CoFe/stropt/CoFe_virtual_28_stropt.cif
CoFe_virtual_85_stropt
Processed: CoFe/stropt/CoFe_virtual_85_stropt.cif
CoFe_virtual_56_stropt
Processed: CoFe/stropt/CoFe_virtual_56_stropt.cif
CoFe_virtual_8_stropt
Processed: CoFe/stropt/CoFe_virtual_8_stropt.cif
CoFe_virtual_0_stropt
Processed: CoFe/stropt/CoFe_virtual_0_stropt.cif
CoFe_virtual_71_stropt
Processed: CoFe/stropt/CoFe_virtual_71_stropt.cif
CoFe_virtual_64_stropt
Processed: CoFe/stropt/CoFe_virtual_64_stropt.cif
CoFe_virtual_43_stropt
Processed: CoFe/stropt/CoFe_virtual_43_stropt.cif
CoFe_virtual_2_stropt
Processed: CoFe/stropt/CoFe_virtual_2_stropt.cif
CoFe_virtual_5_stropt
Processed: CoFe/stropt/CoFe_virtual_5_stropt.cif
CoFe_virtual_58_stropt
Processed: CoFe/stropt/CoFe_virtual_58_stropt.cif
CoFe_virtual_11_stropt
Processed: CoFe/stropt/CoFe_virtual_11_stropt.cif
CoFe_virtual_1_stropt
Processed: CoFe/stropt/CoFe_virtual_1_stropt.cif
CoFe_virtual_26_stropt
Processed: CoFe/stropt/CoFe_virtual_26_stropt.cif
CoFe_virtual_84_stropt
Processed: CoFe/stropt/CoFe_virtual_84_stropt.cif
CoFe_virtual_91_stropt
Processed: CoFe/stropt/CoFe_virtual_91_stropt.cif
CoFe_virtual_70_stropt
Processed: CoFe/stropt/CoFe_virtual_70_stropt.cif
CoFe_virtual_82_stropt
Processed: CoFe/stropt/CoFe_virtual_82_stropt.cif
CoFe_virtual_33_stropt
Processed: CoFe/stropt/CoFe_virtual_33_stropt.cif
CoFe_virtual_60_stropt
Processed: CoFe/stropt/CoFe_virtual_60_stropt.cif
CoFe_virtual_36_stropt
Processed: CoFe/stropt/CoFe_virtual_36_stropt.cif
CoFe_virtual_99_stropt
Processed: CoFe/stropt/CoFe_virtual_99_stropt.cif
CoFe_virtual_45_stropt
Processed: CoFe/stropt/CoFe_virtual_45_stropt.cif
CoFe_virtual_78_stropt
Processed: CoFe/stropt/CoFe_virtual_78_stropt.cif
CoFe_virtual_25_stropt
Processed: CoFe/stropt/CoFe_virtual_25_stropt.cif
CoFe_virtual_13_stropt
Processed: CoFe/stropt/CoFe_virtual_13_stropt.cif
CoFe_virtual_61_stropt
Processed: CoFe/stropt/CoFe_virtual_61_stropt.cif
CoFe_virtual_86_stropt
Processed: CoFe/stropt/CoFe_virtual_86_stropt.cif
CoFe_virtual_51_stropt
Processed: CoFe/stropt/CoFe_virtual_51_stropt.cif
CoFe_virtual_62_stropt
Processed: CoFe/stropt/CoFe_virtual_62_stropt.cif
CoFe_virtual_17_stropt
Processed: CoFe/stropt/CoFe_virtual_17_stropt.cif
CoFe_virtual_42_stropt
Processed: CoFe/stropt/CoFe_virtual_42_stropt.cif
CoFe_virtual_12_stropt
Processed: CoFe/stropt/CoFe_virtual_12_stropt.cif
Results saved to CoFe/virtual_properties.csv
