CHGNet v0.3.0 initialized with 412,525 parameters
CHGNet will run on cuda
LT-CuTiTe_virtual_256_stropt
Processed: LT-CuTiTe/stropt/LT-CuTiTe_virtual_256_stropt.cif
LT-CuTiTe_virtual_170_stropt
Processed: LT-CuTiTe/stropt/LT-CuTiTe_virtual_170_stropt.cif
LT-CuTiTe_virtual_201_stropt
Processed: LT-CuTiTe/stropt/LT-CuTiTe_virtual_201_stropt.cif
LT-CuTiTe_virtual_257_stropt
Processed: LT-CuTiTe/stropt/LT-CuTiTe_virtual_257_stropt.cif
LT-CuTiTe_virtual_196_stropt
Processed: LT-CuTiTe/stropt/LT-CuTiTe_virtual_196_stropt.cif
LT-CuTiTe_virtual_290_stropt
Processed: LT-CuTiTe/stropt/LT-CuTiTe_virtual_290_stropt.cif
LT-CuTiTe_virtual_88_stropt
Processed: LT-CuTiTe/stropt/LT-CuTiTe_virtual_88_stropt.cif
LT-CuTiTe_virtual_2_stropt
Processed: LT-CuTiTe/stropt/LT-CuTiTe_virtual_2_stropt.cif
LT-CuTiTe_virtual_181_stropt
Processed: LT-CuTiTe/stropt/LT-CuTiTe_virtual_181_stropt.cif
LT-CuTiTe_virtual_34_stropt
Processed: LT-CuTiTe/stropt/LT-CuTiTe_virtual_34_stropt.cif
LT-CuTiTe_virtual_107_stropt
Processed: LT-CuTiTe/stropt/LT-CuTiTe_virtual_107_stropt.cif
LT-CuTiTe_virtual_191_stropt
Processed: LT-CuTiTe/stropt/LT-CuTiTe_virtual_191_stropt.cif
LT-CuTiTe_virtual_384_stropt
Processed: LT-CuTiTe/stropt/LT-CuTiTe_virtual_384_stropt.cif
LT-CuTiTe_virtual_233_stropt
Processed: LT-CuTiTe/stropt/LT-CuTiTe_virtual_233_stropt.cif
LT-CuTiTe_virtual_265_stropt
Processed: LT-CuTiTe/stropt/LT-CuTiTe_virtual_265_stropt.cif
LT-CuTiTe_virtual_184_stropt
Processed: LT-CuTiTe/stropt/LT-CuTiTe_virtual_184_stropt.cif
LT-CuTiTe_virtual_295_stropt
Processed: LT-CuTiTe/stropt/LT-CuTiTe_virtual_295_stropt.cif
LT-CuTiTe_virtual_190_stropt
Processed: LT-CuTiTe/stropt/LT-CuTiTe_virtual_190_stropt.cif
LT-CuTiTe_virtual_69_stropt
Processed: LT-CuTiTe/stropt/LT-CuTiTe_virtual_69_stropt.cif
LT-CuTiTe_virtual_139_stropt
Processed: LT-CuTiTe/stropt/LT-CuTiTe_virtual_139_stropt.cif
LT-CuTiTe_virtual_223_stropt
Processed: LT-CuTiTe/stropt/LT-CuTiTe_virtual_223_stropt.cif
LT-CuTiTe_virtual_274_stropt
Processed: LT-CuTiTe/stropt/LT-CuTiTe_virtual_274_stropt.cif
LT-CuTiTe_virtual_194_stropt
Processed: LT-CuTiTe/stropt/LT-CuTiTe_virtual_194_stropt.cif
LT-CuTiTe_virtual_397_stropt
Processed: LT-CuTiTe/stropt/LT-CuTiTe_virtual_397_stropt.cif
LT-CuTiTe_virtual_73_stropt
Processed: LT-CuTiTe/stropt/LT-CuTiTe_virtual_73_stropt.cif
LT-CuTiTe_virtual_6_stropt
Processed: LT-CuTiTe/stropt/LT-CuTiTe_virtual_6_stropt.cif
LT-CuTiTe_virtual_371_stropt
Processed: LT-CuTiTe/stropt/LT-CuTiTe_virtual_371_stropt.cif
LT-CuTiTe_virtual_40_stropt
Processed: LT-CuTiTe/stropt/LT-CuTiTe_virtual_40_stropt.cif
LT-CuTiTe_virtual_8_stropt
Processed: LT-CuTiTe/stropt/LT-CuTiTe_virtual_8_stropt.cif
LT-CuTiTe_virtual_234_stropt
Processed: LT-CuTiTe/stropt/LT-CuTiTe_virtual_234_stropt.cif
LT-CuTiTe_virtual_241_stropt
Processed: LT-CuTiTe/stropt/LT-CuTiTe_virtual_241_stropt.cif
LT-CuTiTe_virtual_148_stropt
Processed: LT-CuTiTe/stropt/LT-CuTiTe_virtual_148_stropt.cif
LT-CuTiTe_virtual_94_stropt
Processed: LT-CuTiTe/stropt/LT-CuTiTe_virtual_94_stropt.cif
LT-CuTiTe_virtual_376_stropt
Processed: LT-CuTiTe/stropt/LT-CuTiTe_virtual_376_stropt.cif
LT-CuTiTe_virtual_349_stropt
Processed: LT-CuTiTe/stropt/LT-CuTiTe_virtual_349_stropt.cif
LT-CuTiTe_virtual_18_stropt
Processed: LT-CuTiTe/stropt/LT-CuTiTe_virtual_18_stropt.cif
LT-CuTiTe_virtual_394_stropt
Processed: LT-CuTiTe/stropt/LT-CuTiTe_virtual_394_stropt.cif
LT-CuTiTe_virtual_217_stropt
Processed: LT-CuTiTe/stropt/LT-CuTiTe_virtual_217_stropt.cif
LT-CuTiTe_virtual_146_stropt
Processed: LT-CuTiTe/stropt/LT-CuTiTe_virtual_146_stropt.cif
LT-CuTiTe_virtual_90_stropt
Processed: LT-CuTiTe/stropt/LT-CuTiTe_virtual_90_stropt.cif
LT-CuTiTe_virtual_279_stropt
Processed: LT-CuTiTe/stropt/LT-CuTiTe_virtual_279_stropt.cif
LT-CuTiTe_virtual_133_stropt
Processed: LT-CuTiTe/stropt/LT-CuTiTe_virtual_133_stropt.cif
LT-CuTiTe_virtual_346_stropt
Processed: LT-CuTiTe/stropt/LT-CuTiTe_virtual_346_stropt.cif
LT-CuTiTe_virtual_263_stropt
Processed: LT-CuTiTe/stropt/LT-CuTiTe_virtual_263_stropt.cif
LT-CuTiTe_virtual_99_stropt
Processed: LT-CuTiTe/stropt/LT-CuTiTe_virtual_99_stropt.cif
LT-CuTiTe_virtual_334_stropt
Processed: LT-CuTiTe/stropt/LT-CuTiTe_virtual_334_stropt.cif
LT-CuTiTe_virtual_289_stropt
Processed: LT-CuTiTe/stropt/LT-CuTiTe_virtual_289_stropt.cif
LT-CuTiTe_virtual_130_stropt
Processed: LT-CuTiTe/stropt/LT-CuTiTe_virtual_130_stropt.cif
LT-CuTiTe_virtual_65_stropt
Processed: LT-CuTiTe/stropt/LT-CuTiTe_virtual_65_stropt.cif
LT-CuTiTe_virtual_32_stropt
Processed: LT-CuTiTe/stropt/LT-CuTiTe_virtual_32_stropt.cif
LT-CuTiTe_virtual_66_stropt
Processed: LT-CuTiTe/stropt/LT-CuTiTe_virtual_66_stropt.cif
LT-CuTiTe_virtual_333_stropt
Processed: LT-CuTiTe/stropt/LT-CuTiTe_virtual_333_stropt.cif
LT-CuTiTe_virtual_244_stropt
Processed: LT-CuTiTe/stropt/LT-CuTiTe_virtual_244_stropt.cif
LT-CuTiTe_virtual_320_stropt
Processed: LT-CuTiTe/stropt/LT-CuTiTe_virtual_320_stropt.cif
LT-CuTiTe_virtual_305_stropt
Processed: LT-CuTiTe/stropt/LT-CuTiTe_virtual_305_stropt.cif
LT-CuTiTe_virtual_14_stropt
Processed: LT-CuTiTe/stropt/LT-CuTiTe_virtual_14_stropt.cif
LT-CuTiTe_virtual_153_stropt
Processed: LT-CuTiTe/stropt/LT-CuTiTe_virtual_153_stropt.cif
LT-CuTiTe_virtual_239_stropt
Processed: LT-CuTiTe/stropt/LT-CuTiTe_virtual_239_stropt.cif
LT-CuTiTe_virtual_59_stropt
Processed: LT-CuTiTe/stropt/LT-CuTiTe_virtual_59_stropt.cif
LT-CuTiTe_virtual_220_stropt
Processed: LT-CuTiTe/stropt/LT-CuTiTe_virtual_220_stropt.cif
LT-CuTiTe_virtual_140_stropt
Processed: LT-CuTiTe/stropt/LT-CuTiTe_virtual_140_stropt.cif
LT-CuTiTe_virtual_348_stropt
Processed: LT-CuTiTe/stropt/LT-CuTiTe_virtual_348_stropt.cif
LT-CuTiTe_virtual_236_stropt
Processed: LT-CuTiTe/stropt/LT-CuTiTe_virtual_236_stropt.cif
LT-CuTiTe_virtual_206_stropt
Processed: LT-CuTiTe/stropt/LT-CuTiTe_virtual_206_stropt.cif
LT-CuTiTe_virtual_95_stropt
Processed: LT-CuTiTe/stropt/LT-CuTiTe_virtual_95_stropt.cif
LT-CuTiTe_virtual_221_stropt
Processed: LT-CuTiTe/stropt/LT-CuTiTe_virtual_221_stropt.cif
LT-CuTiTe_virtual_182_stropt
Processed: LT-CuTiTe/stropt/LT-CuTiTe_virtual_182_stropt.cif
LT-CuTiTe_virtual_259_stropt
Processed: LT-CuTiTe/stropt/LT-CuTiTe_virtual_259_stropt.cif
LT-CuTiTe_virtual_344_stropt
Processed: LT-CuTiTe/stropt/LT-CuTiTe_virtual_344_stropt.cif
LT-CuTiTe_virtual_281_stropt
Processed: LT-CuTiTe/stropt/LT-CuTiTe_virtual_281_stropt.cif
LT-CuTiTe_virtual_42_stropt
Processed: LT-CuTiTe/stropt/LT-CuTiTe_virtual_42_stropt.cif
LT-CuTiTe_virtual_399_stropt
Processed: LT-CuTiTe/stropt/LT-CuTiTe_virtual_399_stropt.cif
LT-CuTiTe_virtual_84_stropt
Processed: LT-CuTiTe/stropt/LT-CuTiTe_virtual_84_stropt.cif
LT-CuTiTe_virtual_228_stropt
Processed: LT-CuTiTe/stropt/LT-CuTiTe_virtual_228_stropt.cif
LT-CuTiTe_virtual_79_stropt
Processed: LT-CuTiTe/stropt/LT-CuTiTe_virtual_79_stropt.cif
LT-CuTiTe_virtual_225_stropt
Processed: LT-CuTiTe/stropt/LT-CuTiTe_virtual_225_stropt.cif
LT-CuTiTe_virtual_284_stropt
Processed: LT-CuTiTe/stropt/LT-CuTiTe_virtual_284_stropt.cif
LT-CuTiTe_virtual_389_stropt
Processed: LT-CuTiTe/stropt/LT-CuTiTe_virtual_389_stropt.cif
LT-CuTiTe_virtual_385_stropt
Processed: LT-CuTiTe/stropt/LT-CuTiTe_virtual_385_stropt.cif
LT-CuTiTe_virtual_316_stropt
Processed: LT-CuTiTe/stropt/LT-CuTiTe_virtual_316_stropt.cif
LT-CuTiTe_virtual_104_stropt
Processed: LT-CuTiTe/stropt/LT-CuTiTe_virtual_104_stropt.cif
LT-CuTiTe_virtual_340_stropt
Processed: LT-CuTiTe/stropt/LT-CuTiTe_virtual_340_stropt.cif
LT-CuTiTe_virtual_114_stropt
Processed: LT-CuTiTe/stropt/LT-CuTiTe_virtual_114_stropt.cif
LT-CuTiTe_virtual_12_stropt
Processed: LT-CuTiTe/stropt/LT-CuTiTe_virtual_12_stropt.cif
LT-CuTiTe_virtual_193_stropt
Processed: LT-CuTiTe/stropt/LT-CuTiTe_virtual_193_stropt.cif
LT-CuTiTe_virtual_118_stropt
Processed: LT-CuTiTe/stropt/LT-CuTiTe_virtual_118_stropt.cif
LT-CuTiTe_virtual_271_stropt
Processed: LT-CuTiTe/stropt/LT-CuTiTe_virtual_271_stropt.cif
LT-CuTiTe_virtual_80_stropt
Processed: LT-CuTiTe/stropt/LT-CuTiTe_virtual_80_stropt.cif
LT-CuTiTe_virtual_311_stropt
Processed: LT-CuTiTe/stropt/LT-CuTiTe_virtual_311_stropt.cif
LT-CuTiTe_virtual_331_stropt
Processed: LT-CuTiTe/stropt/LT-CuTiTe_virtual_331_stropt.cif
LT-CuTiTe_virtual_292_stropt
Processed: LT-CuTiTe/stropt/LT-CuTiTe_virtual_292_stropt.cif
LT-CuTiTe_virtual_213_stropt
Processed: LT-CuTiTe/stropt/LT-CuTiTe_virtual_213_stropt.cif
LT-CuTiTe_virtual_312_stropt
Processed: LT-CuTiTe/stropt/LT-CuTiTe_virtual_312_stropt.cif
LT-CuTiTe_virtual_205_stropt
Processed: LT-CuTiTe/stropt/LT-CuTiTe_virtual_205_stropt.cif
LT-CuTiTe_virtual_195_stropt
Processed: LT-CuTiTe/stropt/LT-CuTiTe_virtual_195_stropt.cif
LT-CuTiTe_virtual_124_stropt
Processed: LT-CuTiTe/stropt/LT-CuTiTe_virtual_124_stropt.cif
LT-CuTiTe_virtual_366_stropt
Processed: LT-CuTiTe/stropt/LT-CuTiTe_virtual_366_stropt.cif
LT-CuTiTe_virtual_13_stropt
Processed: LT-CuTiTe/stropt/LT-CuTiTe_virtual_13_stropt.cif
LT-CuTiTe_virtual_306_stropt
Processed: LT-CuTiTe/stropt/LT-CuTiTe_virtual_306_stropt.cif
LT-CuTiTe_virtual_166_stropt
Processed: LT-CuTiTe/stropt/LT-CuTiTe_virtual_166_stropt.cif
LT-CuTiTe_virtual_178_stropt
Processed: LT-CuTiTe/stropt/LT-CuTiTe_virtual_178_stropt.cif
LT-CuTiTe_virtual_269_stropt
Processed: LT-CuTiTe/stropt/LT-CuTiTe_virtual_269_stropt.cif
LT-CuTiTe_virtual_128_stropt
Processed: LT-CuTiTe/stropt/LT-CuTiTe_virtual_128_stropt.cif
LT-CuTiTe_virtual_56_stropt
Processed: LT-CuTiTe/stropt/LT-CuTiTe_virtual_56_stropt.cif
LT-CuTiTe_virtual_135_stropt
Processed: LT-CuTiTe/stropt/LT-CuTiTe_virtual_135_stropt.cif
LT-CuTiTe_virtual_383_stropt
Processed: LT-CuTiTe/stropt/LT-CuTiTe_virtual_383_stropt.cif
LT-CuTiTe_virtual_31_stropt
Processed: LT-CuTiTe/stropt/LT-CuTiTe_virtual_31_stropt.cif
LT-CuTiTe_virtual_303_stropt
Processed: LT-CuTiTe/stropt/LT-CuTiTe_virtual_303_stropt.cif
LT-CuTiTe_virtual_15_stropt
Processed: LT-CuTiTe/stropt/LT-CuTiTe_virtual_15_stropt.cif
LT-CuTiTe_virtual_299_stropt
Processed: LT-CuTiTe/stropt/LT-CuTiTe_virtual_299_stropt.cif
LT-CuTiTe_virtual_211_stropt
Processed: LT-CuTiTe/stropt/LT-CuTiTe_virtual_211_stropt.cif
LT-CuTiTe_virtual_356_stropt
Processed: LT-CuTiTe/stropt/LT-CuTiTe_virtual_356_stropt.cif
LT-CuTiTe_virtual_123_stropt
Processed: LT-CuTiTe/stropt/LT-CuTiTe_virtual_123_stropt.cif
LT-CuTiTe_virtual_227_stropt
Processed: LT-CuTiTe/stropt/LT-CuTiTe_virtual_227_stropt.cif
LT-CuTiTe_virtual_324_stropt
Processed: LT-CuTiTe/stropt/LT-CuTiTe_virtual_324_stropt.cif
LT-CuTiTe_virtual_247_stropt
Processed: LT-CuTiTe/stropt/LT-CuTiTe_virtual_247_stropt.cif
LT-CuTiTe_virtual_162_stropt
Processed: LT-CuTiTe/stropt/LT-CuTiTe_virtual_162_stropt.cif
LT-CuTiTe_virtual_121_stropt
Processed: LT-CuTiTe/stropt/LT-CuTiTe_virtual_121_stropt.cif
LT-CuTiTe_virtual_379_stropt
Processed: LT-CuTiTe/stropt/LT-CuTiTe_virtual_379_stropt.cif
LT-CuTiTe_virtual_350_stropt
Processed: LT-CuTiTe/stropt/LT-CuTiTe_virtual_350_stropt.cif
LT-CuTiTe_virtual_373_stropt
Processed: LT-CuTiTe/stropt/LT-CuTiTe_virtual_373_stropt.cif
LT-CuTiTe_virtual_21_stropt
Processed: LT-CuTiTe/stropt/LT-CuTiTe_virtual_21_stropt.cif
LT-CuTiTe_virtual_22_stropt
Processed: LT-CuTiTe/stropt/LT-CuTiTe_virtual_22_stropt.cif
LT-CuTiTe_virtual_156_stropt
Processed: LT-CuTiTe/stropt/LT-CuTiTe_virtual_156_stropt.cif
LT-CuTiTe_virtual_361_stropt
Processed: LT-CuTiTe/stropt/LT-CuTiTe_virtual_361_stropt.cif
LT-CuTiTe_virtual_391_stropt
Processed: LT-CuTiTe/stropt/LT-CuTiTe_virtual_391_stropt.cif
LT-CuTiTe_virtual_142_stropt
Processed: LT-CuTiTe/stropt/LT-CuTiTe_virtual_142_stropt.cif
LT-CuTiTe_virtual_20_stropt
Processed: LT-CuTiTe/stropt/LT-CuTiTe_virtual_20_stropt.cif
LT-CuTiTe_virtual_185_stropt
Processed: LT-CuTiTe/stropt/LT-CuTiTe_virtual_185_stropt.cif
LT-CuTiTe_virtual_291_stropt
Processed: LT-CuTiTe/stropt/LT-CuTiTe_virtual_291_stropt.cif
LT-CuTiTe_virtual_364_stropt
Processed: LT-CuTiTe/stropt/LT-CuTiTe_virtual_364_stropt.cif
LT-CuTiTe_virtual_232_stropt
Processed: LT-CuTiTe/stropt/LT-CuTiTe_virtual_232_stropt.cif
LT-CuTiTe_virtual_253_stropt
Processed: LT-CuTiTe/stropt/LT-CuTiTe_virtual_253_stropt.cif
LT-CuTiTe_virtual_3_stropt
Processed: LT-CuTiTe/stropt/LT-CuTiTe_virtual_3_stropt.cif
LT-CuTiTe_virtual_147_stropt
Processed: LT-CuTiTe/stropt/LT-CuTiTe_virtual_147_stropt.cif
LT-CuTiTe_virtual_358_stropt
Processed: LT-CuTiTe/stropt/LT-CuTiTe_virtual_358_stropt.cif
LT-CuTiTe_virtual_46_stropt
Processed: LT-CuTiTe/stropt/LT-CuTiTe_virtual_46_stropt.cif
LT-CuTiTe_virtual_187_stropt
Processed: LT-CuTiTe/stropt/LT-CuTiTe_virtual_187_stropt.cif
LT-CuTiTe_virtual_102_stropt
Processed: LT-CuTiTe/stropt/LT-CuTiTe_virtual_102_stropt.cif
LT-CuTiTe_virtual_131_stropt
Processed: LT-CuTiTe/stropt/LT-CuTiTe_virtual_131_stropt.cif
LT-CuTiTe_virtual_81_stropt
Processed: LT-CuTiTe/stropt/LT-CuTiTe_virtual_81_stropt.cif
LT-CuTiTe_virtual_106_stropt
Processed: LT-CuTiTe/stropt/LT-CuTiTe_virtual_106_stropt.cif
LT-CuTiTe_virtual_176_stropt
Processed: LT-CuTiTe/stropt/LT-CuTiTe_virtual_176_stropt.cif
LT-CuTiTe_virtual_91_stropt
Processed: LT-CuTiTe/stropt/LT-CuTiTe_virtual_91_stropt.cif
LT-CuTiTe_virtual_386_stropt
Processed: LT-CuTiTe/stropt/LT-CuTiTe_virtual_386_stropt.cif
LT-CuTiTe_virtual_298_stropt
Processed: LT-CuTiTe/stropt/LT-CuTiTe_virtual_298_stropt.cif
LT-CuTiTe_virtual_375_stropt
Processed: LT-CuTiTe/stropt/LT-CuTiTe_virtual_375_stropt.cif
LT-CuTiTe_virtual_117_stropt
Processed: LT-CuTiTe/stropt/LT-CuTiTe_virtual_117_stropt.cif
LT-CuTiTe_virtual_332_stropt
Processed: LT-CuTiTe/stropt/LT-CuTiTe_virtual_332_stropt.cif
LT-CuTiTe_virtual_17_stropt
Processed: LT-CuTiTe/stropt/LT-CuTiTe_virtual_17_stropt.cif
LT-CuTiTe_virtual_248_stropt
Processed: LT-CuTiTe/stropt/LT-CuTiTe_virtual_248_stropt.cif
LT-CuTiTe_virtual_245_stropt
Processed: LT-CuTiTe/stropt/LT-CuTiTe_virtual_245_stropt.cif
LT-CuTiTe_virtual_39_stropt
Processed: LT-CuTiTe/stropt/LT-CuTiTe_virtual_39_stropt.cif
LT-CuTiTe_virtual_260_stropt
Processed: LT-CuTiTe/stropt/LT-CuTiTe_virtual_260_stropt.cif
LT-CuTiTe_virtual_96_stropt
Processed: LT-CuTiTe/stropt/LT-CuTiTe_virtual_96_stropt.cif
LT-CuTiTe_virtual_9_stropt
Processed: LT-CuTiTe/stropt/LT-CuTiTe_virtual_9_stropt.cif
LT-CuTiTe_virtual_200_stropt
Processed: LT-CuTiTe/stropt/LT-CuTiTe_virtual_200_stropt.cif
LT-CuTiTe_virtual_70_stropt
Processed: LT-CuTiTe/stropt/LT-CuTiTe_virtual_70_stropt.cif
LT-CuTiTe_virtual_222_stropt
Processed: LT-CuTiTe/stropt/LT-CuTiTe_virtual_222_stropt.cif
LT-CuTiTe_virtual_258_stropt
Processed: LT-CuTiTe/stropt/LT-CuTiTe_virtual_258_stropt.cif
LT-CuTiTe_virtual_105_stropt
Processed: LT-CuTiTe/stropt/LT-CuTiTe_virtual_105_stropt.cif
LT-CuTiTe_virtual_53_stropt
Processed: LT-CuTiTe/stropt/LT-CuTiTe_virtual_53_stropt.cif
LT-CuTiTe_virtual_325_stropt
Processed: LT-CuTiTe/stropt/LT-CuTiTe_virtual_325_stropt.cif
LT-CuTiTe_virtual_25_stropt
Processed: LT-CuTiTe/stropt/LT-CuTiTe_virtual_25_stropt.cif
LT-CuTiTe_virtual_37_stropt
Processed: LT-CuTiTe/stropt/LT-CuTiTe_virtual_37_stropt.cif
LT-CuTiTe_virtual_177_stropt
Processed: LT-CuTiTe/stropt/LT-CuTiTe_virtual_177_stropt.cif
LT-CuTiTe_virtual_129_stropt
Processed: LT-CuTiTe/stropt/LT-CuTiTe_virtual_129_stropt.cif
LT-CuTiTe_virtual_296_stropt
Processed: LT-CuTiTe/stropt/LT-CuTiTe_virtual_296_stropt.cif
LT-CuTiTe_virtual_149_stropt
Processed: LT-CuTiTe/stropt/LT-CuTiTe_virtual_149_stropt.cif
LT-CuTiTe_virtual_226_stropt
Processed: LT-CuTiTe/stropt/LT-CuTiTe_virtual_226_stropt.cif
LT-CuTiTe_virtual_219_stropt
Processed: LT-CuTiTe/stropt/LT-CuTiTe_virtual_219_stropt.cif
LT-CuTiTe_virtual_264_stropt
Processed: LT-CuTiTe/stropt/LT-CuTiTe_virtual_264_stropt.cif
LT-CuTiTe_virtual_144_stropt
Processed: LT-CuTiTe/stropt/LT-CuTiTe_virtual_144_stropt.cif
LT-CuTiTe_virtual_180_stropt
Processed: LT-CuTiTe/stropt/LT-CuTiTe_virtual_180_stropt.cif
LT-CuTiTe_virtual_353_stropt
Processed: LT-CuTiTe/stropt/LT-CuTiTe_virtual_353_stropt.cif
LT-CuTiTe_virtual_189_stropt
Processed: LT-CuTiTe/stropt/LT-CuTiTe_virtual_189_stropt.cif
LT-CuTiTe_virtual_301_stropt
Processed: LT-CuTiTe/stropt/LT-CuTiTe_virtual_301_stropt.cif
LT-CuTiTe_virtual_218_stropt
Processed: LT-CuTiTe/stropt/LT-CuTiTe_virtual_218_stropt.cif
LT-CuTiTe_virtual_7_stropt
Processed: LT-CuTiTe/stropt/LT-CuTiTe_virtual_7_stropt.cif
LT-CuTiTe_virtual_161_stropt
Processed: LT-CuTiTe/stropt/LT-CuTiTe_virtual_161_stropt.cif
LT-CuTiTe_virtual_313_stropt
Processed: LT-CuTiTe/stropt/LT-CuTiTe_virtual_313_stropt.cif
LT-CuTiTe_virtual_151_stropt
Processed: LT-CuTiTe/stropt/LT-CuTiTe_virtual_151_stropt.cif
LT-CuTiTe_virtual_388_stropt
Processed: LT-CuTiTe/stropt/LT-CuTiTe_virtual_388_stropt.cif
LT-CuTiTe_virtual_322_stropt
Processed: LT-CuTiTe/stropt/LT-CuTiTe_virtual_322_stropt.cif
LT-CuTiTe_virtual_209_stropt
Processed: LT-CuTiTe/stropt/LT-CuTiTe_virtual_209_stropt.cif
LT-CuTiTe_virtual_92_stropt
Processed: LT-CuTiTe/stropt/LT-CuTiTe_virtual_92_stropt.cif
LT-CuTiTe_virtual_67_stropt
Processed: LT-CuTiTe/stropt/LT-CuTiTe_virtual_67_stropt.cif
LT-CuTiTe_virtual_275_stropt
Processed: LT-CuTiTe/stropt/LT-CuTiTe_virtual_275_stropt.cif
LT-CuTiTe_virtual_237_stropt
Processed: LT-CuTiTe/stropt/LT-CuTiTe_virtual_237_stropt.cif
LT-CuTiTe_virtual_318_stropt
Processed: LT-CuTiTe/stropt/LT-CuTiTe_virtual_318_stropt.cif
LT-CuTiTe_virtual_285_stropt
Processed: LT-CuTiTe/stropt/LT-CuTiTe_virtual_285_stropt.cif
LT-CuTiTe_virtual_0_stropt
Processed: LT-CuTiTe/stropt/LT-CuTiTe_virtual_0_stropt.cif
LT-CuTiTe_virtual_138_stropt
Processed: LT-CuTiTe/stropt/LT-CuTiTe_virtual_138_stropt.cif
LT-CuTiTe_virtual_113_stropt
Processed: LT-CuTiTe/stropt/LT-CuTiTe_virtual_113_stropt.cif
LT-CuTiTe_virtual_328_stropt
Processed: LT-CuTiTe/stropt/LT-CuTiTe_virtual_328_stropt.cif
LT-CuTiTe_virtual_393_stropt
Processed: LT-CuTiTe/stropt/LT-CuTiTe_virtual_393_stropt.cif
LT-CuTiTe_virtual_23_stropt
Processed: LT-CuTiTe/stropt/LT-CuTiTe_virtual_23_stropt.cif
LT-CuTiTe_virtual_152_stropt
Processed: LT-CuTiTe/stropt/LT-CuTiTe_virtual_152_stropt.cif
LT-CuTiTe_virtual_145_stropt
Processed: LT-CuTiTe/stropt/LT-CuTiTe_virtual_145_stropt.cif
LT-CuTiTe_virtual_310_stropt
Processed: LT-CuTiTe/stropt/LT-CuTiTe_virtual_310_stropt.cif
LT-CuTiTe_virtual_224_stropt
Processed: LT-CuTiTe/stropt/LT-CuTiTe_virtual_224_stropt.cif
LT-CuTiTe_virtual_197_stropt
Processed: LT-CuTiTe/stropt/LT-CuTiTe_virtual_197_stropt.cif
LT-CuTiTe_virtual_357_stropt
Processed: LT-CuTiTe/stropt/LT-CuTiTe_virtual_357_stropt.cif
LT-CuTiTe_virtual_381_stropt
Processed: LT-CuTiTe/stropt/LT-CuTiTe_virtual_381_stropt.cif
LT-CuTiTe_virtual_188_stropt
Processed: LT-CuTiTe/stropt/LT-CuTiTe_virtual_188_stropt.cif
LT-CuTiTe_virtual_126_stropt
Processed: LT-CuTiTe/stropt/LT-CuTiTe_virtual_126_stropt.cif
LT-CuTiTe_virtual_51_stropt
Processed: LT-CuTiTe/stropt/LT-CuTiTe_virtual_51_stropt.cif
LT-CuTiTe_virtual_1_stropt
Processed: LT-CuTiTe/stropt/LT-CuTiTe_virtual_1_stropt.cif
LT-CuTiTe_virtual_27_stropt
Processed: LT-CuTiTe/stropt/LT-CuTiTe_virtual_27_stropt.cif
LT-CuTiTe_virtual_396_stropt
Processed: LT-CuTiTe/stropt/LT-CuTiTe_virtual_396_stropt.cif
LT-CuTiTe_virtual_77_stropt
Processed: LT-CuTiTe/stropt/LT-CuTiTe_virtual_77_stropt.cif
LT-CuTiTe_virtual_270_stropt
Processed: LT-CuTiTe/stropt/LT-CuTiTe_virtual_270_stropt.cif
LT-CuTiTe_virtual_392_stropt
Processed: LT-CuTiTe/stropt/LT-CuTiTe_virtual_392_stropt.cif
LT-CuTiTe_virtual_283_stropt
Processed: LT-CuTiTe/stropt/LT-CuTiTe_virtual_283_stropt.cif
LT-CuTiTe_virtual_308_stropt
Processed: LT-CuTiTe/stropt/LT-CuTiTe_virtual_308_stropt.cif
LT-CuTiTe_virtual_300_stropt
Processed: LT-CuTiTe/stropt/LT-CuTiTe_virtual_300_stropt.cif
LT-CuTiTe_virtual_304_stropt
Processed: LT-CuTiTe/stropt/LT-CuTiTe_virtual_304_stropt.cif
LT-CuTiTe_virtual_19_stropt
Processed: LT-CuTiTe/stropt/LT-CuTiTe_virtual_19_stropt.cif
LT-CuTiTe_virtual_63_stropt
Processed: LT-CuTiTe/stropt/LT-CuTiTe_virtual_63_stropt.cif
LT-CuTiTe_virtual_338_stropt
Processed: LT-CuTiTe/stropt/LT-CuTiTe_virtual_338_stropt.cif
LT-CuTiTe_virtual_395_stropt
Processed: LT-CuTiTe/stropt/LT-CuTiTe_virtual_395_stropt.cif
LT-CuTiTe_virtual_377_stropt
Processed: LT-CuTiTe/stropt/LT-CuTiTe_virtual_377_stropt.cif
LT-CuTiTe_virtual_307_stropt
Processed: LT-CuTiTe/stropt/LT-CuTiTe_virtual_307_stropt.cif
LT-CuTiTe_virtual_362_stropt
Processed: LT-CuTiTe/stropt/LT-CuTiTe_virtual_362_stropt.cif
LT-CuTiTe_virtual_36_stropt
Processed: LT-CuTiTe/stropt/LT-CuTiTe_virtual_36_stropt.cif
LT-CuTiTe_virtual_4_stropt
Processed: LT-CuTiTe/stropt/LT-CuTiTe_virtual_4_stropt.cif
LT-CuTiTe_virtual_359_stropt
Processed: LT-CuTiTe/stropt/LT-CuTiTe_virtual_359_stropt.cif
LT-CuTiTe_virtual_49_stropt
Processed: LT-CuTiTe/stropt/LT-CuTiTe_virtual_49_stropt.cif
LT-CuTiTe_virtual_347_stropt
Processed: LT-CuTiTe/stropt/LT-CuTiTe_virtual_347_stropt.cif
LT-CuTiTe_virtual_203_stropt
Processed: LT-CuTiTe/stropt/LT-CuTiTe_virtual_203_stropt.cif
LT-CuTiTe_virtual_109_stropt
Processed: LT-CuTiTe/stropt/LT-CuTiTe_virtual_109_stropt.cif
LT-CuTiTe_virtual_372_stropt
Processed: LT-CuTiTe/stropt/LT-CuTiTe_virtual_372_stropt.cif
LT-CuTiTe_virtual_367_stropt
Processed: LT-CuTiTe/stropt/LT-CuTiTe_virtual_367_stropt.cif
LT-CuTiTe_virtual_390_stropt
Processed: LT-CuTiTe/stropt/LT-CuTiTe_virtual_390_stropt.cif
LT-CuTiTe_virtual_175_stropt
Processed: LT-CuTiTe/stropt/LT-CuTiTe_virtual_175_stropt.cif
LT-CuTiTe_virtual_268_stropt
Processed: LT-CuTiTe/stropt/LT-CuTiTe_virtual_268_stropt.cif
LT-CuTiTe_virtual_87_stropt
Processed: LT-CuTiTe/stropt/LT-CuTiTe_virtual_87_stropt.cif
LT-CuTiTe_virtual_365_stropt
Processed: LT-CuTiTe/stropt/LT-CuTiTe_virtual_365_stropt.cif
LT-CuTiTe_virtual_134_stropt
Processed: LT-CuTiTe/stropt/LT-CuTiTe_virtual_134_stropt.cif
LT-CuTiTe_virtual_137_stropt
Processed: LT-CuTiTe/stropt/LT-CuTiTe_virtual_137_stropt.cif
LT-CuTiTe_virtual_251_stropt
Processed: LT-CuTiTe/stropt/LT-CuTiTe_virtual_251_stropt.cif
LT-CuTiTe_virtual_110_stropt
Processed: LT-CuTiTe/stropt/LT-CuTiTe_virtual_110_stropt.cif
LT-CuTiTe_virtual_28_stropt
Processed: LT-CuTiTe/stropt/LT-CuTiTe_virtual_28_stropt.cif
LT-CuTiTe_virtual_83_stropt
Processed: LT-CuTiTe/stropt/LT-CuTiTe_virtual_83_stropt.cif
LT-CuTiTe_virtual_354_stropt
Processed: LT-CuTiTe/stropt/LT-CuTiTe_virtual_354_stropt.cif
LT-CuTiTe_virtual_141_stropt
Processed: LT-CuTiTe/stropt/LT-CuTiTe_virtual_141_stropt.cif
LT-CuTiTe_virtual_30_stropt
Processed: LT-CuTiTe/stropt/LT-CuTiTe_virtual_30_stropt.cif
LT-CuTiTe_virtual_75_stropt
Processed: LT-CuTiTe/stropt/LT-CuTiTe_virtual_75_stropt.cif
LT-CuTiTe_virtual_276_stropt
Processed: LT-CuTiTe/stropt/LT-CuTiTe_virtual_276_stropt.cif
LT-CuTiTe_virtual_360_stropt
Processed: LT-CuTiTe/stropt/LT-CuTiTe_virtual_360_stropt.cif
LT-CuTiTe_virtual_173_stropt
Processed: LT-CuTiTe/stropt/LT-CuTiTe_virtual_173_stropt.cif
LT-CuTiTe_virtual_243_stropt
Processed: LT-CuTiTe/stropt/LT-CuTiTe_virtual_243_stropt.cif
LT-CuTiTe_virtual_282_stropt
Processed: LT-CuTiTe/stropt/LT-CuTiTe_virtual_282_stropt.cif
LT-CuTiTe_virtual_315_stropt
Processed: LT-CuTiTe/stropt/LT-CuTiTe_virtual_315_stropt.cif
LT-CuTiTe_virtual_41_stropt
Processed: LT-CuTiTe/stropt/LT-CuTiTe_virtual_41_stropt.cif
LT-CuTiTe_virtual_208_stropt
Processed: LT-CuTiTe/stropt/LT-CuTiTe_virtual_208_stropt.cif
LT-CuTiTe_virtual_321_stropt
Processed: LT-CuTiTe/stropt/LT-CuTiTe_virtual_321_stropt.cif
LT-CuTiTe_virtual_216_stropt
Processed: LT-CuTiTe/stropt/LT-CuTiTe_virtual_216_stropt.cif
LT-CuTiTe_virtual_45_stropt
Processed: LT-CuTiTe/stropt/LT-CuTiTe_virtual_45_stropt.cif
LT-CuTiTe_virtual_64_stropt
Processed: LT-CuTiTe/stropt/LT-CuTiTe_virtual_64_stropt.cif
LT-CuTiTe_virtual_29_stropt
Processed: LT-CuTiTe/stropt/LT-CuTiTe_virtual_29_stropt.cif
LT-CuTiTe_virtual_72_stropt
Processed: LT-CuTiTe/stropt/LT-CuTiTe_virtual_72_stropt.cif
LT-CuTiTe_virtual_249_stropt
Processed: LT-CuTiTe/stropt/LT-CuTiTe_virtual_249_stropt.cif
LT-CuTiTe_virtual_252_stropt
Processed: LT-CuTiTe/stropt/LT-CuTiTe_virtual_252_stropt.cif
LT-CuTiTe_virtual_158_stropt
Processed: LT-CuTiTe/stropt/LT-CuTiTe_virtual_158_stropt.cif
LT-CuTiTe_virtual_330_stropt
Processed: LT-CuTiTe/stropt/LT-CuTiTe_virtual_330_stropt.cif
LT-CuTiTe_virtual_100_stropt
Processed: LT-CuTiTe/stropt/LT-CuTiTe_virtual_100_stropt.cif
LT-CuTiTe_virtual_167_stropt
Processed: LT-CuTiTe/stropt/LT-CuTiTe_virtual_167_stropt.cif
LT-CuTiTe_virtual_74_stropt
Processed: LT-CuTiTe/stropt/LT-CuTiTe_virtual_74_stropt.cif
LT-CuTiTe_virtual_266_stropt
Processed: LT-CuTiTe/stropt/LT-CuTiTe_virtual_266_stropt.cif
LT-CuTiTe_virtual_363_stropt
Processed: LT-CuTiTe/stropt/LT-CuTiTe_virtual_363_stropt.cif
LT-CuTiTe_virtual_235_stropt
Processed: LT-CuTiTe/stropt/LT-CuTiTe_virtual_235_stropt.cif
LT-CuTiTe_virtual_327_stropt
Processed: LT-CuTiTe/stropt/LT-CuTiTe_virtual_327_stropt.cif
LT-CuTiTe_virtual_86_stropt
Processed: LT-CuTiTe/stropt/LT-CuTiTe_virtual_86_stropt.cif
LT-CuTiTe_virtual_97_stropt
Processed: LT-CuTiTe/stropt/LT-CuTiTe_virtual_97_stropt.cif
LT-CuTiTe_virtual_108_stropt
Processed: LT-CuTiTe/stropt/LT-CuTiTe_virtual_108_stropt.cif
LT-CuTiTe_virtual_351_stropt
Processed: LT-CuTiTe/stropt/LT-CuTiTe_virtual_351_stropt.cif
LT-CuTiTe_virtual_387_stropt
Processed: LT-CuTiTe/stropt/LT-CuTiTe_virtual_387_stropt.cif
LT-CuTiTe_virtual_165_stropt
Processed: LT-CuTiTe/stropt/LT-CuTiTe_virtual_165_stropt.cif
LT-CuTiTe_virtual_16_stropt
Processed: LT-CuTiTe/stropt/LT-CuTiTe_virtual_16_stropt.cif
LT-CuTiTe_virtual_255_stropt
Processed: LT-CuTiTe/stropt/LT-CuTiTe_virtual_255_stropt.cif
LT-CuTiTe_virtual_326_stropt
Processed: LT-CuTiTe/stropt/LT-CuTiTe_virtual_326_stropt.cif
LT-CuTiTe_virtual_55_stropt
Processed: LT-CuTiTe/stropt/LT-CuTiTe_virtual_55_stropt.cif
LT-CuTiTe_virtual_297_stropt
Processed: LT-CuTiTe/stropt/LT-CuTiTe_virtual_297_stropt.cif
LT-CuTiTe_virtual_24_stropt
Processed: LT-CuTiTe/stropt/LT-CuTiTe_virtual_24_stropt.cif
LT-CuTiTe_virtual_368_stropt
Processed: LT-CuTiTe/stropt/LT-CuTiTe_virtual_368_stropt.cif
LT-CuTiTe_virtual_345_stropt
Processed: LT-CuTiTe/stropt/LT-CuTiTe_virtual_345_stropt.cif
LT-CuTiTe_virtual_287_stropt
Processed: LT-CuTiTe/stropt/LT-CuTiTe_virtual_287_stropt.cif
LT-CuTiTe_virtual_337_stropt
Processed: LT-CuTiTe/stropt/LT-CuTiTe_virtual_337_stropt.cif
LT-CuTiTe_virtual_317_stropt
Processed: LT-CuTiTe/stropt/LT-CuTiTe_virtual_317_stropt.cif
LT-CuTiTe_virtual_215_stropt
Processed: LT-CuTiTe/stropt/LT-CuTiTe_virtual_215_stropt.cif
LT-CuTiTe_virtual_229_stropt
Processed: LT-CuTiTe/stropt/LT-CuTiTe_virtual_229_stropt.cif
LT-CuTiTe_virtual_38_stropt
Processed: LT-CuTiTe/stropt/LT-CuTiTe_virtual_38_stropt.cif
LT-CuTiTe_virtual_136_stropt
Processed: LT-CuTiTe/stropt/LT-CuTiTe_virtual_136_stropt.cif
LT-CuTiTe_virtual_103_stropt
Processed: LT-CuTiTe/stropt/LT-CuTiTe_virtual_103_stropt.cif
LT-CuTiTe_virtual_50_stropt
Processed: LT-CuTiTe/stropt/LT-CuTiTe_virtual_50_stropt.cif
LT-CuTiTe_virtual_342_stropt
Processed: LT-CuTiTe/stropt/LT-CuTiTe_virtual_342_stropt.cif
LT-CuTiTe_virtual_272_stropt
Processed: LT-CuTiTe/stropt/LT-CuTiTe_virtual_272_stropt.cif
LT-CuTiTe_virtual_44_stropt
Processed: LT-CuTiTe/stropt/LT-CuTiTe_virtual_44_stropt.cif
LT-CuTiTe_virtual_93_stropt
Processed: LT-CuTiTe/stropt/LT-CuTiTe_virtual_93_stropt.cif
LT-CuTiTe_virtual_238_stropt
Processed: LT-CuTiTe/stropt/LT-CuTiTe_virtual_238_stropt.cif
LT-CuTiTe_virtual_122_stropt
Processed: LT-CuTiTe/stropt/LT-CuTiTe_virtual_122_stropt.cif
LT-CuTiTe_virtual_76_stropt
Processed: LT-CuTiTe/stropt/LT-CuTiTe_virtual_76_stropt.cif
LT-CuTiTe_virtual_125_stropt
Processed: LT-CuTiTe/stropt/LT-CuTiTe_virtual_125_stropt.cif
LT-CuTiTe_virtual_199_stropt
Processed: LT-CuTiTe/stropt/LT-CuTiTe_virtual_199_stropt.cif
LT-CuTiTe_virtual_319_stropt
Processed: LT-CuTiTe/stropt/LT-CuTiTe_virtual_319_stropt.cif
LT-CuTiTe_virtual_132_stropt
Processed: LT-CuTiTe/stropt/LT-CuTiTe_virtual_132_stropt.cif
LT-CuTiTe_virtual_157_stropt
Processed: LT-CuTiTe/stropt/LT-CuTiTe_virtual_157_stropt.cif
LT-CuTiTe_virtual_33_stropt
Processed: LT-CuTiTe/stropt/LT-CuTiTe_virtual_33_stropt.cif
LT-CuTiTe_virtual_339_stropt
Processed: LT-CuTiTe/stropt/LT-CuTiTe_virtual_339_stropt.cif
LT-CuTiTe_virtual_273_stropt
Processed: LT-CuTiTe/stropt/LT-CuTiTe_virtual_273_stropt.cif
LT-CuTiTe_virtual_314_stropt
Processed: LT-CuTiTe/stropt/LT-CuTiTe_virtual_314_stropt.cif
LT-CuTiTe_virtual_169_stropt
Processed: LT-CuTiTe/stropt/LT-CuTiTe_virtual_169_stropt.cif
LT-CuTiTe_virtual_60_stropt
Processed: LT-CuTiTe/stropt/LT-CuTiTe_virtual_60_stropt.cif
LT-CuTiTe_virtual_143_stropt
Processed: LT-CuTiTe/stropt/LT-CuTiTe_virtual_143_stropt.cif
LT-CuTiTe_virtual_154_stropt
Processed: LT-CuTiTe/stropt/LT-CuTiTe_virtual_154_stropt.cif
LT-CuTiTe_virtual_323_stropt
Processed: LT-CuTiTe/stropt/LT-CuTiTe_virtual_323_stropt.cif
LT-CuTiTe_virtual_163_stropt
Processed: LT-CuTiTe/stropt/LT-CuTiTe_virtual_163_stropt.cif
LT-CuTiTe_virtual_160_stropt
Processed: LT-CuTiTe/stropt/LT-CuTiTe_virtual_160_stropt.cif
LT-CuTiTe_virtual_369_stropt
Processed: LT-CuTiTe/stropt/LT-CuTiTe_virtual_369_stropt.cif
LT-CuTiTe_virtual_164_stropt
Processed: LT-CuTiTe/stropt/LT-CuTiTe_virtual_164_stropt.cif
LT-CuTiTe_virtual_159_stropt
Processed: LT-CuTiTe/stropt/LT-CuTiTe_virtual_159_stropt.cif
LT-CuTiTe_virtual_47_stropt
Processed: LT-CuTiTe/stropt/LT-CuTiTe_virtual_47_stropt.cif
LT-CuTiTe_virtual_380_stropt
Processed: LT-CuTiTe/stropt/LT-CuTiTe_virtual_380_stropt.cif
LT-CuTiTe_virtual_85_stropt
Processed: LT-CuTiTe/stropt/LT-CuTiTe_virtual_85_stropt.cif
LT-CuTiTe_virtual_171_stropt
Processed: LT-CuTiTe/stropt/LT-CuTiTe_virtual_171_stropt.cif
LT-CuTiTe_virtual_35_stropt
Processed: LT-CuTiTe/stropt/LT-CuTiTe_virtual_35_stropt.cif
LT-CuTiTe_virtual_242_stropt
Processed: LT-CuTiTe/stropt/LT-CuTiTe_virtual_242_stropt.cif
LT-CuTiTe_virtual_192_stropt
Processed: LT-CuTiTe/stropt/LT-CuTiTe_virtual_192_stropt.cif
LT-CuTiTe_virtual_207_stropt
Processed: LT-CuTiTe/stropt/LT-CuTiTe_virtual_207_stropt.cif
LT-CuTiTe_virtual_250_stropt
Processed: LT-CuTiTe/stropt/LT-CuTiTe_virtual_250_stropt.cif
LT-CuTiTe_virtual_230_stropt
Processed: LT-CuTiTe/stropt/LT-CuTiTe_virtual_230_stropt.cif
LT-CuTiTe_virtual_288_stropt
Processed: LT-CuTiTe/stropt/LT-CuTiTe_virtual_288_stropt.cif
LT-CuTiTe_virtual_355_stropt
Processed: LT-CuTiTe/stropt/LT-CuTiTe_virtual_355_stropt.cif
LT-CuTiTe_virtual_261_stropt
Processed: LT-CuTiTe/stropt/LT-CuTiTe_virtual_261_stropt.cif
LT-CuTiTe_virtual_309_stropt
Processed: LT-CuTiTe/stropt/LT-CuTiTe_virtual_309_stropt.cif
LT-CuTiTe_virtual_254_stropt
Processed: LT-CuTiTe/stropt/LT-CuTiTe_virtual_254_stropt.cif
LT-CuTiTe_virtual_112_stropt
Processed: LT-CuTiTe/stropt/LT-CuTiTe_virtual_112_stropt.cif
LT-CuTiTe_virtual_5_stropt
Processed: LT-CuTiTe/stropt/LT-CuTiTe_virtual_5_stropt.cif
LT-CuTiTe_virtual_127_stropt
Processed: LT-CuTiTe/stropt/LT-CuTiTe_virtual_127_stropt.cif
LT-CuTiTe_virtual_293_stropt
Processed: LT-CuTiTe/stropt/LT-CuTiTe_virtual_293_stropt.cif
LT-CuTiTe_virtual_179_stropt
Processed: LT-CuTiTe/stropt/LT-CuTiTe_virtual_179_stropt.cif
LT-CuTiTe_virtual_174_stropt
Processed: LT-CuTiTe/stropt/LT-CuTiTe_virtual_174_stropt.cif
LT-CuTiTe_virtual_172_stropt
Processed: LT-CuTiTe/stropt/LT-CuTiTe_virtual_172_stropt.cif
LT-CuTiTe_virtual_11_stropt
Processed: LT-CuTiTe/stropt/LT-CuTiTe_virtual_11_stropt.cif
LT-CuTiTe_virtual_267_stropt
Processed: LT-CuTiTe/stropt/LT-CuTiTe_virtual_267_stropt.cif
LT-CuTiTe_virtual_26_stropt
Processed: LT-CuTiTe/stropt/LT-CuTiTe_virtual_26_stropt.cif
LT-CuTiTe_virtual_278_stropt
Processed: LT-CuTiTe/stropt/LT-CuTiTe_virtual_278_stropt.cif
LT-CuTiTe_virtual_54_stropt
Processed: LT-CuTiTe/stropt/LT-CuTiTe_virtual_54_stropt.cif
LT-CuTiTe_virtual_68_stropt
Processed: LT-CuTiTe/stropt/LT-CuTiTe_virtual_68_stropt.cif
LT-CuTiTe_virtual_204_stropt
Processed: LT-CuTiTe/stropt/LT-CuTiTe_virtual_204_stropt.cif
LT-CuTiTe_virtual_186_stropt
Processed: LT-CuTiTe/stropt/LT-CuTiTe_virtual_186_stropt.cif
LT-CuTiTe_virtual_116_stropt
Processed: LT-CuTiTe/stropt/LT-CuTiTe_virtual_116_stropt.cif
LT-CuTiTe_virtual_198_stropt
Processed: LT-CuTiTe/stropt/LT-CuTiTe_virtual_198_stropt.cif
LT-CuTiTe_virtual_294_stropt
Processed: LT-CuTiTe/stropt/LT-CuTiTe_virtual_294_stropt.cif
LT-CuTiTe_virtual_101_stropt
Processed: LT-CuTiTe/stropt/LT-CuTiTe_virtual_101_stropt.cif
LT-CuTiTe_virtual_168_stropt
Processed: LT-CuTiTe/stropt/LT-CuTiTe_virtual_168_stropt.cif
LT-CuTiTe_virtual_277_stropt
Processed: LT-CuTiTe/stropt/LT-CuTiTe_virtual_277_stropt.cif
LT-CuTiTe_virtual_352_stropt
Processed: LT-CuTiTe/stropt/LT-CuTiTe_virtual_352_stropt.cif
LT-CuTiTe_virtual_62_stropt
Processed: LT-CuTiTe/stropt/LT-CuTiTe_virtual_62_stropt.cif
LT-CuTiTe_virtual_240_stropt
Processed: LT-CuTiTe/stropt/LT-CuTiTe_virtual_240_stropt.cif
LT-CuTiTe_virtual_10_stropt
Processed: LT-CuTiTe/stropt/LT-CuTiTe_virtual_10_stropt.cif
LT-CuTiTe_virtual_111_stropt
Processed: LT-CuTiTe/stropt/LT-CuTiTe_virtual_111_stropt.cif
LT-CuTiTe_virtual_286_stropt
Processed: LT-CuTiTe/stropt/LT-CuTiTe_virtual_286_stropt.cif
LT-CuTiTe_virtual_150_stropt
Processed: LT-CuTiTe/stropt/LT-CuTiTe_virtual_150_stropt.cif
LT-CuTiTe_virtual_183_stropt
Processed: LT-CuTiTe/stropt/LT-CuTiTe_virtual_183_stropt.cif
LT-CuTiTe_virtual_246_stropt
Processed: LT-CuTiTe/stropt/LT-CuTiTe_virtual_246_stropt.cif
LT-CuTiTe_virtual_52_stropt
Processed: LT-CuTiTe/stropt/LT-CuTiTe_virtual_52_stropt.cif
LT-CuTiTe_virtual_370_stropt
Processed: LT-CuTiTe/stropt/LT-CuTiTe_virtual_370_stropt.cif
LT-CuTiTe_virtual_382_stropt
Processed: LT-CuTiTe/stropt/LT-CuTiTe_virtual_382_stropt.cif
LT-CuTiTe_virtual_336_stropt
Processed: LT-CuTiTe/stropt/LT-CuTiTe_virtual_336_stropt.cif
LT-CuTiTe_virtual_98_stropt
Processed: LT-CuTiTe/stropt/LT-CuTiTe_virtual_98_stropt.cif
LT-CuTiTe_virtual_231_stropt
Processed: LT-CuTiTe/stropt/LT-CuTiTe_virtual_231_stropt.cif
LT-CuTiTe_virtual_61_stropt
Processed: LT-CuTiTe/stropt/LT-CuTiTe_virtual_61_stropt.cif
LT-CuTiTe_virtual_57_stropt
Processed: LT-CuTiTe/stropt/LT-CuTiTe_virtual_57_stropt.cif
LT-CuTiTe_virtual_329_stropt
Processed: LT-CuTiTe/stropt/LT-CuTiTe_virtual_329_stropt.cif
LT-CuTiTe_virtual_343_stropt
Processed: LT-CuTiTe/stropt/LT-CuTiTe_virtual_343_stropt.cif
LT-CuTiTe_virtual_82_stropt
Processed: LT-CuTiTe/stropt/LT-CuTiTe_virtual_82_stropt.cif
LT-CuTiTe_virtual_115_stropt
Processed: LT-CuTiTe/stropt/LT-CuTiTe_virtual_115_stropt.cif
LT-CuTiTe_virtual_78_stropt
Processed: LT-CuTiTe/stropt/LT-CuTiTe_virtual_78_stropt.cif
LT-CuTiTe_virtual_302_stropt
Processed: LT-CuTiTe/stropt/LT-CuTiTe_virtual_302_stropt.cif
LT-CuTiTe_virtual_341_stropt
Processed: LT-CuTiTe/stropt/LT-CuTiTe_virtual_341_stropt.cif
LT-CuTiTe_virtual_120_stropt
Processed: LT-CuTiTe/stropt/LT-CuTiTe_virtual_120_stropt.cif
LT-CuTiTe_virtual_262_stropt
Processed: LT-CuTiTe/stropt/LT-CuTiTe_virtual_262_stropt.cif
LT-CuTiTe_virtual_335_stropt
Processed: LT-CuTiTe/stropt/LT-CuTiTe_virtual_335_stropt.cif
LT-CuTiTe_virtual_378_stropt
Processed: LT-CuTiTe/stropt/LT-CuTiTe_virtual_378_stropt.cif
LT-CuTiTe_virtual_43_stropt
Processed: LT-CuTiTe/stropt/LT-CuTiTe_virtual_43_stropt.cif
LT-CuTiTe_virtual_210_stropt
Processed: LT-CuTiTe/stropt/LT-CuTiTe_virtual_210_stropt.cif
LT-CuTiTe_virtual_155_stropt
Processed: LT-CuTiTe/stropt/LT-CuTiTe_virtual_155_stropt.cif
LT-CuTiTe_virtual_280_stropt
Processed: LT-CuTiTe/stropt/LT-CuTiTe_virtual_280_stropt.cif
LT-CuTiTe_virtual_374_stropt
Processed: LT-CuTiTe/stropt/LT-CuTiTe_virtual_374_stropt.cif
LT-CuTiTe_virtual_71_stropt
Processed: LT-CuTiTe/stropt/LT-CuTiTe_virtual_71_stropt.cif
LT-CuTiTe_virtual_119_stropt
Processed: LT-CuTiTe/stropt/LT-CuTiTe_virtual_119_stropt.cif
LT-CuTiTe_virtual_214_stropt
Processed: LT-CuTiTe/stropt/LT-CuTiTe_virtual_214_stropt.cif
LT-CuTiTe_virtual_48_stropt
Processed: LT-CuTiTe/stropt/LT-CuTiTe_virtual_48_stropt.cif
LT-CuTiTe_virtual_212_stropt
Processed: LT-CuTiTe/stropt/LT-CuTiTe_virtual_212_stropt.cif
LT-CuTiTe_virtual_89_stropt
Processed: LT-CuTiTe/stropt/LT-CuTiTe_virtual_89_stropt.cif
LT-CuTiTe_virtual_58_stropt
Processed: LT-CuTiTe/stropt/LT-CuTiTe_virtual_58_stropt.cif
LT-CuTiTe_virtual_202_stropt
Processed: LT-CuTiTe/stropt/LT-CuTiTe_virtual_202_stropt.cif
LT-CuTiTe_virtual_398_stropt
Processed: LT-CuTiTe/stropt/LT-CuTiTe_virtual_398_stropt.cif
Results saved to LT-CuTiTe/virtual_properties.csv
CHGNet v0.3.0 initialized with 412,525 parameters
CHGNet will run on cuda
RT-CuTiTe_virtual_130_stropt
Processed: RT-CuTiTe/stropt/RT-CuTiTe_virtual_130_stropt.cif
RT-CuTiTe_virtual_186_stropt
Processed: RT-CuTiTe/stropt/RT-CuTiTe_virtual_186_stropt.cif
RT-CuTiTe_virtual_144_stropt
Processed: RT-CuTiTe/stropt/RT-CuTiTe_virtual_144_stropt.cif
RT-CuTiTe_virtual_251_stropt
Processed: RT-CuTiTe/stropt/RT-CuTiTe_virtual_251_stropt.cif
RT-CuTiTe_virtual_368_stropt
Processed: RT-CuTiTe/stropt/RT-CuTiTe_virtual_368_stropt.cif
RT-CuTiTe_virtual_44_stropt
Processed: RT-CuTiTe/stropt/RT-CuTiTe_virtual_44_stropt.cif
RT-CuTiTe_virtual_230_stropt
Processed: RT-CuTiTe/stropt/RT-CuTiTe_virtual_230_stropt.cif
RT-CuTiTe_virtual_181_stropt
Processed: RT-CuTiTe/stropt/RT-CuTiTe_virtual_181_stropt.cif
RT-CuTiTe_virtual_197_stropt
Processed: RT-CuTiTe/stropt/RT-CuTiTe_virtual_197_stropt.cif
RT-CuTiTe_virtual_161_stropt
Processed: RT-CuTiTe/stropt/RT-CuTiTe_virtual_161_stropt.cif
RT-CuTiTe_virtual_238_stropt
Processed: RT-CuTiTe/stropt/RT-CuTiTe_virtual_238_stropt.cif
RT-CuTiTe_virtual_57_stropt
Processed: RT-CuTiTe/stropt/RT-CuTiTe_virtual_57_stropt.cif
RT-CuTiTe_virtual_47_stropt
Processed: RT-CuTiTe/stropt/RT-CuTiTe_virtual_47_stropt.cif
RT-CuTiTe_virtual_175_stropt
Processed: RT-CuTiTe/stropt/RT-CuTiTe_virtual_175_stropt.cif
RT-CuTiTe_virtual_14_stropt
Processed: RT-CuTiTe/stropt/RT-CuTiTe_virtual_14_stropt.cif
RT-CuTiTe_virtual_259_stropt
Processed: RT-CuTiTe/stropt/RT-CuTiTe_virtual_259_stropt.cif
RT-CuTiTe_virtual_211_stropt
Processed: RT-CuTiTe/stropt/RT-CuTiTe_virtual_211_stropt.cif
RT-CuTiTe_virtual_248_stropt
Processed: RT-CuTiTe/stropt/RT-CuTiTe_virtual_248_stropt.cif
RT-CuTiTe_virtual_318_stropt
Processed: RT-CuTiTe/stropt/RT-CuTiTe_virtual_318_stropt.cif
RT-CuTiTe_virtual_80_stropt
Processed: RT-CuTiTe/stropt/RT-CuTiTe_virtual_80_stropt.cif
RT-CuTiTe_virtual_127_stropt
Processed: RT-CuTiTe/stropt/RT-CuTiTe_virtual_127_stropt.cif
RT-CuTiTe_virtual_363_stropt
Processed: RT-CuTiTe/stropt/RT-CuTiTe_virtual_363_stropt.cif
RT-CuTiTe_virtual_170_stropt
Processed: RT-CuTiTe/stropt/RT-CuTiTe_virtual_170_stropt.cif
RT-CuTiTe_virtual_139_stropt
Processed: RT-CuTiTe/stropt/RT-CuTiTe_virtual_139_stropt.cif
RT-CuTiTe_virtual_62_stropt
Processed: RT-CuTiTe/stropt/RT-CuTiTe_virtual_62_stropt.cif
RT-CuTiTe_virtual_249_stropt
Processed: RT-CuTiTe/stropt/RT-CuTiTe_virtual_249_stropt.cif
RT-CuTiTe_virtual_262_stropt
Processed: RT-CuTiTe/stropt/RT-CuTiTe_virtual_262_stropt.cif
RT-CuTiTe_virtual_94_stropt
Processed: RT-CuTiTe/stropt/RT-CuTiTe_virtual_94_stropt.cif
RT-CuTiTe_virtual_189_stropt
Processed: RT-CuTiTe/stropt/RT-CuTiTe_virtual_189_stropt.cif
RT-CuTiTe_virtual_198_stropt
Processed: RT-CuTiTe/stropt/RT-CuTiTe_virtual_198_stropt.cif
RT-CuTiTe_virtual_119_stropt
Processed: RT-CuTiTe/stropt/RT-CuTiTe_virtual_119_stropt.cif
RT-CuTiTe_virtual_65_stropt
Processed: RT-CuTiTe/stropt/RT-CuTiTe_virtual_65_stropt.cif
RT-CuTiTe_virtual_41_stropt
Processed: RT-CuTiTe/stropt/RT-CuTiTe_virtual_41_stropt.cif
RT-CuTiTe_virtual_241_stropt
Processed: RT-CuTiTe/stropt/RT-CuTiTe_virtual_241_stropt.cif
RT-CuTiTe_virtual_287_stropt
Processed: RT-CuTiTe/stropt/RT-CuTiTe_virtual_287_stropt.cif
RT-CuTiTe_virtual_131_stropt
Processed: RT-CuTiTe/stropt/RT-CuTiTe_virtual_131_stropt.cif
RT-CuTiTe_virtual_375_stropt
Processed: RT-CuTiTe/stropt/RT-CuTiTe_virtual_375_stropt.cif
RT-CuTiTe_virtual_306_stropt
Processed: RT-CuTiTe/stropt/RT-CuTiTe_virtual_306_stropt.cif
RT-CuTiTe_virtual_294_stropt
Processed: RT-CuTiTe/stropt/RT-CuTiTe_virtual_294_stropt.cif
RT-CuTiTe_virtual_33_stropt
Processed: RT-CuTiTe/stropt/RT-CuTiTe_virtual_33_stropt.cif
RT-CuTiTe_virtual_100_stropt
Processed: RT-CuTiTe/stropt/RT-CuTiTe_virtual_100_stropt.cif
RT-CuTiTe_virtual_378_stropt
Processed: RT-CuTiTe/stropt/RT-CuTiTe_virtual_378_stropt.cif
RT-CuTiTe_virtual_179_stropt
Processed: RT-CuTiTe/stropt/RT-CuTiTe_virtual_179_stropt.cif
RT-CuTiTe_virtual_172_stropt
Processed: RT-CuTiTe/stropt/RT-CuTiTe_virtual_172_stropt.cif
RT-CuTiTe_virtual_188_stropt
Processed: RT-CuTiTe/stropt/RT-CuTiTe_virtual_188_stropt.cif
RT-CuTiTe_virtual_5_stropt
Processed: RT-CuTiTe/stropt/RT-CuTiTe_virtual_5_stropt.cif
RT-CuTiTe_virtual_21_stropt
Processed: RT-CuTiTe/stropt/RT-CuTiTe_virtual_21_stropt.cif
RT-CuTiTe_virtual_386_stropt
Processed: RT-CuTiTe/stropt/RT-CuTiTe_virtual_386_stropt.cif
RT-CuTiTe_virtual_150_stropt
Processed: RT-CuTiTe/stropt/RT-CuTiTe_virtual_150_stropt.cif
RT-CuTiTe_virtual_380_stropt
Processed: RT-CuTiTe/stropt/RT-CuTiTe_virtual_380_stropt.cif
RT-CuTiTe_virtual_120_stropt
Processed: RT-CuTiTe/stropt/RT-CuTiTe_virtual_120_stropt.cif
RT-CuTiTe_virtual_225_stropt
Processed: RT-CuTiTe/stropt/RT-CuTiTe_virtual_225_stropt.cif
RT-CuTiTe_virtual_283_stropt
Processed: RT-CuTiTe/stropt/RT-CuTiTe_virtual_283_stropt.cif
RT-CuTiTe_virtual_129_stropt
Processed: RT-CuTiTe/stropt/RT-CuTiTe_virtual_129_stropt.cif
RT-CuTiTe_virtual_151_stropt
Processed: RT-CuTiTe/stropt/RT-CuTiTe_virtual_151_stropt.cif
RT-CuTiTe_virtual_228_stropt
Processed: RT-CuTiTe/stropt/RT-CuTiTe_virtual_228_stropt.cif
RT-CuTiTe_virtual_223_stropt
Processed: RT-CuTiTe/stropt/RT-CuTiTe_virtual_223_stropt.cif
RT-CuTiTe_virtual_218_stropt
Processed: RT-CuTiTe/stropt/RT-CuTiTe_virtual_218_stropt.cif
RT-CuTiTe_virtual_101_stropt
Processed: RT-CuTiTe/stropt/RT-CuTiTe_virtual_101_stropt.cif
RT-CuTiTe_virtual_212_stropt
Processed: RT-CuTiTe/stropt/RT-CuTiTe_virtual_212_stropt.cif
RT-CuTiTe_virtual_50_stropt
Processed: RT-CuTiTe/stropt/RT-CuTiTe_virtual_50_stropt.cif
RT-CuTiTe_virtual_117_stropt
Processed: RT-CuTiTe/stropt/RT-CuTiTe_virtual_117_stropt.cif
RT-CuTiTe_virtual_20_stropt
Processed: RT-CuTiTe/stropt/RT-CuTiTe_virtual_20_stropt.cif
RT-CuTiTe_virtual_91_stropt
Processed: RT-CuTiTe/stropt/RT-CuTiTe_virtual_91_stropt.cif
RT-CuTiTe_virtual_15_stropt
Processed: RT-CuTiTe/stropt/RT-CuTiTe_virtual_15_stropt.cif
RT-CuTiTe_virtual_280_stropt
Processed: RT-CuTiTe/stropt/RT-CuTiTe_virtual_280_stropt.cif
RT-CuTiTe_virtual_304_stropt
Processed: RT-CuTiTe/stropt/RT-CuTiTe_virtual_304_stropt.cif
RT-CuTiTe_virtual_302_stropt
Processed: RT-CuTiTe/stropt/RT-CuTiTe_virtual_302_stropt.cif
RT-CuTiTe_virtual_216_stropt
Processed: RT-CuTiTe/stropt/RT-CuTiTe_virtual_216_stropt.cif
RT-CuTiTe_virtual_140_stropt
Processed: RT-CuTiTe/stropt/RT-CuTiTe_virtual_140_stropt.cif
RT-CuTiTe_virtual_264_stropt
Processed: RT-CuTiTe/stropt/RT-CuTiTe_virtual_264_stropt.cif
RT-CuTiTe_virtual_317_stropt
Processed: RT-CuTiTe/stropt/RT-CuTiTe_virtual_317_stropt.cif
RT-CuTiTe_virtual_96_stropt
Processed: RT-CuTiTe/stropt/RT-CuTiTe_virtual_96_stropt.cif
RT-CuTiTe_virtual_85_stropt
Processed: RT-CuTiTe/stropt/RT-CuTiTe_virtual_85_stropt.cif
RT-CuTiTe_virtual_396_stropt
Processed: RT-CuTiTe/stropt/RT-CuTiTe_virtual_396_stropt.cif
RT-CuTiTe_virtual_387_stropt
Processed: RT-CuTiTe/stropt/RT-CuTiTe_virtual_387_stropt.cif
RT-CuTiTe_virtual_220_stropt
Processed: RT-CuTiTe/stropt/RT-CuTiTe_virtual_220_stropt.cif
RT-CuTiTe_virtual_295_stropt
Processed: RT-CuTiTe/stropt/RT-CuTiTe_virtual_295_stropt.cif
RT-CuTiTe_virtual_89_stropt
Processed: RT-CuTiTe/stropt/RT-CuTiTe_virtual_89_stropt.cif
RT-CuTiTe_virtual_237_stropt
Processed: RT-CuTiTe/stropt/RT-CuTiTe_virtual_237_stropt.cif
RT-CuTiTe_virtual_196_stropt
Processed: RT-CuTiTe/stropt/RT-CuTiTe_virtual_196_stropt.cif
RT-CuTiTe_virtual_109_stropt
Processed: RT-CuTiTe/stropt/RT-CuTiTe_virtual_109_stropt.cif
RT-CuTiTe_virtual_320_stropt
Processed: RT-CuTiTe/stropt/RT-CuTiTe_virtual_320_stropt.cif
RT-CuTiTe_virtual_133_stropt
Processed: RT-CuTiTe/stropt/RT-CuTiTe_virtual_133_stropt.cif
RT-CuTiTe_virtual_97_stropt
Processed: RT-CuTiTe/stropt/RT-CuTiTe_virtual_97_stropt.cif
RT-CuTiTe_virtual_39_stropt
Processed: RT-CuTiTe/stropt/RT-CuTiTe_virtual_39_stropt.cif
RT-CuTiTe_virtual_118_stropt
Processed: RT-CuTiTe/stropt/RT-CuTiTe_virtual_118_stropt.cif
RT-CuTiTe_virtual_35_stropt
Processed: RT-CuTiTe/stropt/RT-CuTiTe_virtual_35_stropt.cif
RT-CuTiTe_virtual_87_stropt
Processed: RT-CuTiTe/stropt/RT-CuTiTe_virtual_87_stropt.cif
RT-CuTiTe_virtual_199_stropt
Processed: RT-CuTiTe/stropt/RT-CuTiTe_virtual_199_stropt.cif
RT-CuTiTe_virtual_19_stropt
Processed: RT-CuTiTe/stropt/RT-CuTiTe_virtual_19_stropt.cif
RT-CuTiTe_virtual_183_stropt
Processed: RT-CuTiTe/stropt/RT-CuTiTe_virtual_183_stropt.cif
RT-CuTiTe_virtual_358_stropt
Processed: RT-CuTiTe/stropt/RT-CuTiTe_virtual_358_stropt.cif
RT-CuTiTe_virtual_392_stropt
Processed: RT-CuTiTe/stropt/RT-CuTiTe_virtual_392_stropt.cif
RT-CuTiTe_virtual_110_stropt
Processed: RT-CuTiTe/stropt/RT-CuTiTe_virtual_110_stropt.cif
RT-CuTiTe_virtual_17_stropt
Processed: RT-CuTiTe/stropt/RT-CuTiTe_virtual_17_stropt.cif
RT-CuTiTe_virtual_152_stropt
Processed: RT-CuTiTe/stropt/RT-CuTiTe_virtual_152_stropt.cif
RT-CuTiTe_virtual_67_stropt
Processed: RT-CuTiTe/stropt/RT-CuTiTe_virtual_67_stropt.cif
RT-CuTiTe_virtual_222_stropt
Processed: RT-CuTiTe/stropt/RT-CuTiTe_virtual_222_stropt.cif
RT-CuTiTe_virtual_224_stropt
Processed: RT-CuTiTe/stropt/RT-CuTiTe_virtual_224_stropt.cif
RT-CuTiTe_virtual_244_stropt
Processed: RT-CuTiTe/stropt/RT-CuTiTe_virtual_244_stropt.cif
RT-CuTiTe_virtual_390_stropt
Processed: RT-CuTiTe/stropt/RT-CuTiTe_virtual_390_stropt.cif
RT-CuTiTe_virtual_231_stropt
Processed: RT-CuTiTe/stropt/RT-CuTiTe_virtual_231_stropt.cif
RT-CuTiTe_virtual_250_stropt
Processed: RT-CuTiTe/stropt/RT-CuTiTe_virtual_250_stropt.cif
RT-CuTiTe_virtual_324_stropt
Processed: RT-CuTiTe/stropt/RT-CuTiTe_virtual_324_stropt.cif
RT-CuTiTe_virtual_191_stropt
Processed: RT-CuTiTe/stropt/RT-CuTiTe_virtual_191_stropt.cif
RT-CuTiTe_virtual_381_stropt
Processed: RT-CuTiTe/stropt/RT-CuTiTe_virtual_381_stropt.cif
RT-CuTiTe_virtual_142_stropt
Processed: RT-CuTiTe/stropt/RT-CuTiTe_virtual_142_stropt.cif
RT-CuTiTe_virtual_219_stropt
Processed: RT-CuTiTe/stropt/RT-CuTiTe_virtual_219_stropt.cif
RT-CuTiTe_virtual_132_stropt
Processed: RT-CuTiTe/stropt/RT-CuTiTe_virtual_132_stropt.cif
RT-CuTiTe_virtual_204_stropt
Processed: RT-CuTiTe/stropt/RT-CuTiTe_virtual_204_stropt.cif
RT-CuTiTe_virtual_98_stropt
Processed: RT-CuTiTe/stropt/RT-CuTiTe_virtual_98_stropt.cif
RT-CuTiTe_virtual_95_stropt
Processed: RT-CuTiTe/stropt/RT-CuTiTe_virtual_95_stropt.cif
RT-CuTiTe_virtual_361_stropt
Processed: RT-CuTiTe/stropt/RT-CuTiTe_virtual_361_stropt.cif
RT-CuTiTe_virtual_48_stropt
Processed: RT-CuTiTe/stropt/RT-CuTiTe_virtual_48_stropt.cif
RT-CuTiTe_virtual_334_stropt
Processed: RT-CuTiTe/stropt/RT-CuTiTe_virtual_334_stropt.cif
RT-CuTiTe_virtual_271_stropt
Processed: RT-CuTiTe/stropt/RT-CuTiTe_virtual_271_stropt.cif
RT-CuTiTe_virtual_217_stropt
Processed: RT-CuTiTe/stropt/RT-CuTiTe_virtual_217_stropt.cif
RT-CuTiTe_virtual_355_stropt
Processed: RT-CuTiTe/stropt/RT-CuTiTe_virtual_355_stropt.cif
RT-CuTiTe_virtual_342_stropt
Processed: RT-CuTiTe/stropt/RT-CuTiTe_virtual_342_stropt.cif
RT-CuTiTe_virtual_253_stropt
Processed: RT-CuTiTe/stropt/RT-CuTiTe_virtual_253_stropt.cif
RT-CuTiTe_virtual_272_stropt
Processed: RT-CuTiTe/stropt/RT-CuTiTe_virtual_272_stropt.cif
RT-CuTiTe_virtual_312_stropt
Processed: RT-CuTiTe/stropt/RT-CuTiTe_virtual_312_stropt.cif
RT-CuTiTe_virtual_233_stropt
Processed: RT-CuTiTe/stropt/RT-CuTiTe_virtual_233_stropt.cif
RT-CuTiTe_virtual_176_stropt
Processed: RT-CuTiTe/stropt/RT-CuTiTe_virtual_176_stropt.cif
RT-CuTiTe_virtual_146_stropt
Processed: RT-CuTiTe/stropt/RT-CuTiTe_virtual_146_stropt.cif
RT-CuTiTe_virtual_260_stropt
Processed: RT-CuTiTe/stropt/RT-CuTiTe_virtual_260_stropt.cif
RT-CuTiTe_virtual_292_stropt
Processed: RT-CuTiTe/stropt/RT-CuTiTe_virtual_292_stropt.cif
RT-CuTiTe_virtual_148_stropt
Processed: RT-CuTiTe/stropt/RT-CuTiTe_virtual_148_stropt.cif
RT-CuTiTe_virtual_63_stropt
Processed: RT-CuTiTe/stropt/RT-CuTiTe_virtual_63_stropt.cif
RT-CuTiTe_virtual_299_stropt
Processed: RT-CuTiTe/stropt/RT-CuTiTe_virtual_299_stropt.cif
RT-CuTiTe_virtual_374_stropt
Processed: RT-CuTiTe/stropt/RT-CuTiTe_virtual_374_stropt.cif
RT-CuTiTe_virtual_52_stropt
Processed: RT-CuTiTe/stropt/RT-CuTiTe_virtual_52_stropt.cif
RT-CuTiTe_virtual_184_stropt
Processed: RT-CuTiTe/stropt/RT-CuTiTe_virtual_184_stropt.cif
RT-CuTiTe_virtual_325_stropt
Processed: RT-CuTiTe/stropt/RT-CuTiTe_virtual_325_stropt.cif
RT-CuTiTe_virtual_255_stropt
Processed: RT-CuTiTe/stropt/RT-CuTiTe_virtual_255_stropt.cif
RT-CuTiTe_virtual_1_stropt
Processed: RT-CuTiTe/stropt/RT-CuTiTe_virtual_1_stropt.cif
RT-CuTiTe_virtual_3_stropt
Processed: RT-CuTiTe/stropt/RT-CuTiTe_virtual_3_stropt.cif
RT-CuTiTe_virtual_258_stropt
Processed: RT-CuTiTe/stropt/RT-CuTiTe_virtual_258_stropt.cif
RT-CuTiTe_virtual_340_stropt
Processed: RT-CuTiTe/stropt/RT-CuTiTe_virtual_340_stropt.cif
RT-CuTiTe_virtual_282_stropt
Processed: RT-CuTiTe/stropt/RT-CuTiTe_virtual_282_stropt.cif
RT-CuTiTe_virtual_265_stropt
Processed: RT-CuTiTe/stropt/RT-CuTiTe_virtual_265_stropt.cif
RT-CuTiTe_virtual_93_stropt
Processed: RT-CuTiTe/stropt/RT-CuTiTe_virtual_93_stropt.cif
RT-CuTiTe_virtual_281_stropt
Processed: RT-CuTiTe/stropt/RT-CuTiTe_virtual_281_stropt.cif
RT-CuTiTe_virtual_45_stropt
Processed: RT-CuTiTe/stropt/RT-CuTiTe_virtual_45_stropt.cif
RT-CuTiTe_virtual_372_stropt
Processed: RT-CuTiTe/stropt/RT-CuTiTe_virtual_372_stropt.cif
RT-CuTiTe_virtual_388_stropt
Processed: RT-CuTiTe/stropt/RT-CuTiTe_virtual_388_stropt.cif
RT-CuTiTe_virtual_114_stropt
Processed: RT-CuTiTe/stropt/RT-CuTiTe_virtual_114_stropt.cif
RT-CuTiTe_virtual_108_stropt
Processed: RT-CuTiTe/stropt/RT-CuTiTe_virtual_108_stropt.cif
RT-CuTiTe_virtual_58_stropt
Processed: RT-CuTiTe/stropt/RT-CuTiTe_virtual_58_stropt.cif
RT-CuTiTe_virtual_138_stropt
Processed: RT-CuTiTe/stropt/RT-CuTiTe_virtual_138_stropt.cif
RT-CuTiTe_virtual_13_stropt
Processed: RT-CuTiTe/stropt/RT-CuTiTe_virtual_13_stropt.cif
RT-CuTiTe_virtual_111_stropt
Processed: RT-CuTiTe/stropt/RT-CuTiTe_virtual_111_stropt.cif
RT-CuTiTe_virtual_308_stropt
Processed: RT-CuTiTe/stropt/RT-CuTiTe_virtual_308_stropt.cif
RT-CuTiTe_virtual_297_stropt
Processed: RT-CuTiTe/stropt/RT-CuTiTe_virtual_297_stropt.cif
RT-CuTiTe_virtual_382_stropt
Processed: RT-CuTiTe/stropt/RT-CuTiTe_virtual_382_stropt.cif
RT-CuTiTe_virtual_203_stropt
Processed: RT-CuTiTe/stropt/RT-CuTiTe_virtual_203_stropt.cif
RT-CuTiTe_virtual_333_stropt
Processed: RT-CuTiTe/stropt/RT-CuTiTe_virtual_333_stropt.cif
RT-CuTiTe_virtual_346_stropt
Processed: RT-CuTiTe/stropt/RT-CuTiTe_virtual_346_stropt.cif
RT-CuTiTe_virtual_209_stropt
Processed: RT-CuTiTe/stropt/RT-CuTiTe_virtual_209_stropt.cif
RT-CuTiTe_virtual_256_stropt
Processed: RT-CuTiTe/stropt/RT-CuTiTe_virtual_256_stropt.cif
RT-CuTiTe_virtual_321_stropt
Processed: RT-CuTiTe/stropt/RT-CuTiTe_virtual_321_stropt.cif
RT-CuTiTe_virtual_38_stropt
Processed: RT-CuTiTe/stropt/RT-CuTiTe_virtual_38_stropt.cif
RT-CuTiTe_virtual_257_stropt
Processed: RT-CuTiTe/stropt/RT-CuTiTe_virtual_257_stropt.cif
RT-CuTiTe_virtual_247_stropt
Processed: RT-CuTiTe/stropt/RT-CuTiTe_virtual_247_stropt.cif
RT-CuTiTe_virtual_201_stropt
Processed: RT-CuTiTe/stropt/RT-CuTiTe_virtual_201_stropt.cif
RT-CuTiTe_virtual_42_stropt
Processed: RT-CuTiTe/stropt/RT-CuTiTe_virtual_42_stropt.cif
RT-CuTiTe_virtual_356_stropt
Processed: RT-CuTiTe/stropt/RT-CuTiTe_virtual_356_stropt.cif
RT-CuTiTe_virtual_104_stropt
Processed: RT-CuTiTe/stropt/RT-CuTiTe_virtual_104_stropt.cif
RT-CuTiTe_virtual_384_stropt
Processed: RT-CuTiTe/stropt/RT-CuTiTe_virtual_384_stropt.cif
RT-CuTiTe_virtual_34_stropt
Processed: RT-CuTiTe/stropt/RT-CuTiTe_virtual_34_stropt.cif
RT-CuTiTe_virtual_232_stropt
Processed: RT-CuTiTe/stropt/RT-CuTiTe_virtual_232_stropt.cif
RT-CuTiTe_virtual_162_stropt
Processed: RT-CuTiTe/stropt/RT-CuTiTe_virtual_162_stropt.cif
RT-CuTiTe_virtual_2_stropt
Processed: RT-CuTiTe/stropt/RT-CuTiTe_virtual_2_stropt.cif
RT-CuTiTe_virtual_311_stropt
Processed: RT-CuTiTe/stropt/RT-CuTiTe_virtual_311_stropt.cif
RT-CuTiTe_virtual_347_stropt
Processed: RT-CuTiTe/stropt/RT-CuTiTe_virtual_347_stropt.cif
RT-CuTiTe_virtual_328_stropt
Processed: RT-CuTiTe/stropt/RT-CuTiTe_virtual_328_stropt.cif
RT-CuTiTe_virtual_72_stropt
Processed: RT-CuTiTe/stropt/RT-CuTiTe_virtual_72_stropt.cif
RT-CuTiTe_virtual_296_stropt
Processed: RT-CuTiTe/stropt/RT-CuTiTe_virtual_296_stropt.cif
RT-CuTiTe_virtual_121_stropt
Processed: RT-CuTiTe/stropt/RT-CuTiTe_virtual_121_stropt.cif
RT-CuTiTe_virtual_159_stropt
Processed: RT-CuTiTe/stropt/RT-CuTiTe_virtual_159_stropt.cif
RT-CuTiTe_virtual_298_stropt
Processed: RT-CuTiTe/stropt/RT-CuTiTe_virtual_298_stropt.cif
RT-CuTiTe_virtual_12_stropt
Processed: RT-CuTiTe/stropt/RT-CuTiTe_virtual_12_stropt.cif
RT-CuTiTe_virtual_68_stropt
Processed: RT-CuTiTe/stropt/RT-CuTiTe_virtual_68_stropt.cif
RT-CuTiTe_virtual_309_stropt
Processed: RT-CuTiTe/stropt/RT-CuTiTe_virtual_309_stropt.cif
RT-CuTiTe_virtual_141_stropt
Processed: RT-CuTiTe/stropt/RT-CuTiTe_virtual_141_stropt.cif
RT-CuTiTe_virtual_54_stropt
Processed: RT-CuTiTe/stropt/RT-CuTiTe_virtual_54_stropt.cif
RT-CuTiTe_virtual_25_stropt
Processed: RT-CuTiTe/stropt/RT-CuTiTe_virtual_25_stropt.cif
RT-CuTiTe_virtual_310_stropt
Processed: RT-CuTiTe/stropt/RT-CuTiTe_virtual_310_stropt.cif
RT-CuTiTe_virtual_28_stropt
Processed: RT-CuTiTe/stropt/RT-CuTiTe_virtual_28_stropt.cif
RT-CuTiTe_virtual_102_stropt
Processed: RT-CuTiTe/stropt/RT-CuTiTe_virtual_102_stropt.cif
RT-CuTiTe_virtual_79_stropt
Processed: RT-CuTiTe/stropt/RT-CuTiTe_virtual_79_stropt.cif
RT-CuTiTe_virtual_377_stropt
Processed: RT-CuTiTe/stropt/RT-CuTiTe_virtual_377_stropt.cif
RT-CuTiTe_virtual_245_stropt
Processed: RT-CuTiTe/stropt/RT-CuTiTe_virtual_245_stropt.cif
RT-CuTiTe_virtual_107_stropt
Processed: RT-CuTiTe/stropt/RT-CuTiTe_virtual_107_stropt.cif
RT-CuTiTe_virtual_112_stropt
Processed: RT-CuTiTe/stropt/RT-CuTiTe_virtual_112_stropt.cif
RT-CuTiTe_virtual_339_stropt
Processed: RT-CuTiTe/stropt/RT-CuTiTe_virtual_339_stropt.cif
RT-CuTiTe_virtual_113_stropt
Processed: RT-CuTiTe/stropt/RT-CuTiTe_virtual_113_stropt.cif
RT-CuTiTe_virtual_315_stropt
Processed: RT-CuTiTe/stropt/RT-CuTiTe_virtual_315_stropt.cif
RT-CuTiTe_virtual_157_stropt
Processed: RT-CuTiTe/stropt/RT-CuTiTe_virtual_157_stropt.cif
RT-CuTiTe_virtual_345_stropt
Processed: RT-CuTiTe/stropt/RT-CuTiTe_virtual_345_stropt.cif
RT-CuTiTe_virtual_46_stropt
Processed: RT-CuTiTe/stropt/RT-CuTiTe_virtual_46_stropt.cif
RT-CuTiTe_virtual_338_stropt
Processed: RT-CuTiTe/stropt/RT-CuTiTe_virtual_338_stropt.cif
RT-CuTiTe_virtual_391_stropt
Processed: RT-CuTiTe/stropt/RT-CuTiTe_virtual_391_stropt.cif
RT-CuTiTe_virtual_192_stropt
Processed: RT-CuTiTe/stropt/RT-CuTiTe_virtual_192_stropt.cif
RT-CuTiTe_virtual_357_stropt
Processed: RT-CuTiTe/stropt/RT-CuTiTe_virtual_357_stropt.cif
RT-CuTiTe_virtual_74_stropt
Processed: RT-CuTiTe/stropt/RT-CuTiTe_virtual_74_stropt.cif
RT-CuTiTe_virtual_147_stropt
Processed: RT-CuTiTe/stropt/RT-CuTiTe_virtual_147_stropt.cif
RT-CuTiTe_virtual_128_stropt
Processed: RT-CuTiTe/stropt/RT-CuTiTe_virtual_128_stropt.cif
RT-CuTiTe_virtual_214_stropt
Processed: RT-CuTiTe/stropt/RT-CuTiTe_virtual_214_stropt.cif
RT-CuTiTe_virtual_125_stropt
Processed: RT-CuTiTe/stropt/RT-CuTiTe_virtual_125_stropt.cif
RT-CuTiTe_virtual_398_stropt
Processed: RT-CuTiTe/stropt/RT-CuTiTe_virtual_398_stropt.cif
RT-CuTiTe_virtual_40_stropt
Processed: RT-CuTiTe/stropt/RT-CuTiTe_virtual_40_stropt.cif
RT-CuTiTe_virtual_301_stropt
Processed: RT-CuTiTe/stropt/RT-CuTiTe_virtual_301_stropt.cif
RT-CuTiTe_virtual_165_stropt
Processed: RT-CuTiTe/stropt/RT-CuTiTe_virtual_165_stropt.cif
RT-CuTiTe_virtual_370_stropt
Processed: RT-CuTiTe/stropt/RT-CuTiTe_virtual_370_stropt.cif
RT-CuTiTe_virtual_240_stropt
Processed: RT-CuTiTe/stropt/RT-CuTiTe_virtual_240_stropt.cif
RT-CuTiTe_virtual_190_stropt
Processed: RT-CuTiTe/stropt/RT-CuTiTe_virtual_190_stropt.cif
RT-CuTiTe_virtual_205_stropt
Processed: RT-CuTiTe/stropt/RT-CuTiTe_virtual_205_stropt.cif
RT-CuTiTe_virtual_171_stropt
Processed: RT-CuTiTe/stropt/RT-CuTiTe_virtual_171_stropt.cif
RT-CuTiTe_virtual_349_stropt
Processed: RT-CuTiTe/stropt/RT-CuTiTe_virtual_349_stropt.cif
RT-CuTiTe_virtual_341_stropt
Processed: RT-CuTiTe/stropt/RT-CuTiTe_virtual_341_stropt.cif
RT-CuTiTe_virtual_182_stropt
Processed: RT-CuTiTe/stropt/RT-CuTiTe_virtual_182_stropt.cif
RT-CuTiTe_virtual_6_stropt
Processed: RT-CuTiTe/stropt/RT-CuTiTe_virtual_6_stropt.cif
RT-CuTiTe_virtual_229_stropt
Processed: RT-CuTiTe/stropt/RT-CuTiTe_virtual_229_stropt.cif
RT-CuTiTe_virtual_145_stropt
Processed: RT-CuTiTe/stropt/RT-CuTiTe_virtual_145_stropt.cif
RT-CuTiTe_virtual_53_stropt
Processed: RT-CuTiTe/stropt/RT-CuTiTe_virtual_53_stropt.cif
RT-CuTiTe_virtual_316_stropt
Processed: RT-CuTiTe/stropt/RT-CuTiTe_virtual_316_stropt.cif
RT-CuTiTe_virtual_352_stropt
Processed: RT-CuTiTe/stropt/RT-CuTiTe_virtual_352_stropt.cif
RT-CuTiTe_virtual_82_stropt
Processed: RT-CuTiTe/stropt/RT-CuTiTe_virtual_82_stropt.cif
RT-CuTiTe_virtual_23_stropt
Processed: RT-CuTiTe/stropt/RT-CuTiTe_virtual_23_stropt.cif
RT-CuTiTe_virtual_178_stropt
Processed: RT-CuTiTe/stropt/RT-CuTiTe_virtual_178_stropt.cif
RT-CuTiTe_virtual_389_stropt
Processed: RT-CuTiTe/stropt/RT-CuTiTe_virtual_389_stropt.cif
RT-CuTiTe_virtual_369_stropt
Processed: RT-CuTiTe/stropt/RT-CuTiTe_virtual_369_stropt.cif
RT-CuTiTe_virtual_164_stropt
Processed: RT-CuTiTe/stropt/RT-CuTiTe_virtual_164_stropt.cif
RT-CuTiTe_virtual_166_stropt
Processed: RT-CuTiTe/stropt/RT-CuTiTe_virtual_166_stropt.cif
RT-CuTiTe_virtual_343_stropt
Processed: RT-CuTiTe/stropt/RT-CuTiTe_virtual_343_stropt.cif
RT-CuTiTe_virtual_275_stropt
Processed: RT-CuTiTe/stropt/RT-CuTiTe_virtual_275_stropt.cif
RT-CuTiTe_virtual_116_stropt
Processed: RT-CuTiTe/stropt/RT-CuTiTe_virtual_116_stropt.cif
RT-CuTiTe_virtual_332_stropt
Processed: RT-CuTiTe/stropt/RT-CuTiTe_virtual_332_stropt.cif
RT-CuTiTe_virtual_55_stropt
Processed: RT-CuTiTe/stropt/RT-CuTiTe_virtual_55_stropt.cif
RT-CuTiTe_virtual_126_stropt
Processed: RT-CuTiTe/stropt/RT-CuTiTe_virtual_126_stropt.cif
RT-CuTiTe_virtual_0_stropt
Processed: RT-CuTiTe/stropt/RT-CuTiTe_virtual_0_stropt.cif
RT-CuTiTe_virtual_252_stropt
Processed: RT-CuTiTe/stropt/RT-CuTiTe_virtual_252_stropt.cif
RT-CuTiTe_virtual_59_stropt
Processed: RT-CuTiTe/stropt/RT-CuTiTe_virtual_59_stropt.cif
RT-CuTiTe_virtual_344_stropt
Processed: RT-CuTiTe/stropt/RT-CuTiTe_virtual_344_stropt.cif
RT-CuTiTe_virtual_288_stropt
Processed: RT-CuTiTe/stropt/RT-CuTiTe_virtual_288_stropt.cif
RT-CuTiTe_virtual_235_stropt
Processed: RT-CuTiTe/stropt/RT-CuTiTe_virtual_235_stropt.cif
RT-CuTiTe_virtual_263_stropt
Processed: RT-CuTiTe/stropt/RT-CuTiTe_virtual_263_stropt.cif
RT-CuTiTe_virtual_18_stropt
Processed: RT-CuTiTe/stropt/RT-CuTiTe_virtual_18_stropt.cif
RT-CuTiTe_virtual_155_stropt
Processed: RT-CuTiTe/stropt/RT-CuTiTe_virtual_155_stropt.cif
RT-CuTiTe_virtual_270_stropt
Processed: RT-CuTiTe/stropt/RT-CuTiTe_virtual_270_stropt.cif
RT-CuTiTe_virtual_234_stropt
Processed: RT-CuTiTe/stropt/RT-CuTiTe_virtual_234_stropt.cif
RT-CuTiTe_virtual_193_stropt
Processed: RT-CuTiTe/stropt/RT-CuTiTe_virtual_193_stropt.cif
RT-CuTiTe_virtual_51_stropt
Processed: RT-CuTiTe/stropt/RT-CuTiTe_virtual_51_stropt.cif
RT-CuTiTe_virtual_322_stropt
Processed: RT-CuTiTe/stropt/RT-CuTiTe_virtual_322_stropt.cif
RT-CuTiTe_virtual_149_stropt
Processed: RT-CuTiTe/stropt/RT-CuTiTe_virtual_149_stropt.cif
RT-CuTiTe_virtual_77_stropt
Processed: RT-CuTiTe/stropt/RT-CuTiTe_virtual_77_stropt.cif
RT-CuTiTe_virtual_367_stropt
Processed: RT-CuTiTe/stropt/RT-CuTiTe_virtual_367_stropt.cif
RT-CuTiTe_virtual_226_stropt
Processed: RT-CuTiTe/stropt/RT-CuTiTe_virtual_226_stropt.cif
RT-CuTiTe_virtual_351_stropt
Processed: RT-CuTiTe/stropt/RT-CuTiTe_virtual_351_stropt.cif
RT-CuTiTe_virtual_383_stropt
Processed: RT-CuTiTe/stropt/RT-CuTiTe_virtual_383_stropt.cif
RT-CuTiTe_virtual_83_stropt
Processed: RT-CuTiTe/stropt/RT-CuTiTe_virtual_83_stropt.cif
RT-CuTiTe_virtual_242_stropt
Processed: RT-CuTiTe/stropt/RT-CuTiTe_virtual_242_stropt.cif
RT-CuTiTe_virtual_10_stropt
Processed: RT-CuTiTe/stropt/RT-CuTiTe_virtual_10_stropt.cif
RT-CuTiTe_virtual_9_stropt
Processed: RT-CuTiTe/stropt/RT-CuTiTe_virtual_9_stropt.cif
RT-CuTiTe_virtual_32_stropt
Processed: RT-CuTiTe/stropt/RT-CuTiTe_virtual_32_stropt.cif
RT-CuTiTe_virtual_395_stropt
Processed: RT-CuTiTe/stropt/RT-CuTiTe_virtual_395_stropt.cif
RT-CuTiTe_virtual_366_stropt
Processed: RT-CuTiTe/stropt/RT-CuTiTe_virtual_366_stropt.cif
RT-CuTiTe_virtual_394_stropt
Processed: RT-CuTiTe/stropt/RT-CuTiTe_virtual_394_stropt.cif
RT-CuTiTe_virtual_290_stropt
Processed: RT-CuTiTe/stropt/RT-CuTiTe_virtual_290_stropt.cif
RT-CuTiTe_virtual_276_stropt
Processed: RT-CuTiTe/stropt/RT-CuTiTe_virtual_276_stropt.cif
RT-CuTiTe_virtual_397_stropt
Processed: RT-CuTiTe/stropt/RT-CuTiTe_virtual_397_stropt.cif
RT-CuTiTe_virtual_29_stropt
Processed: RT-CuTiTe/stropt/RT-CuTiTe_virtual_29_stropt.cif
RT-CuTiTe_virtual_348_stropt
Processed: RT-CuTiTe/stropt/RT-CuTiTe_virtual_348_stropt.cif
RT-CuTiTe_virtual_360_stropt
Processed: RT-CuTiTe/stropt/RT-CuTiTe_virtual_360_stropt.cif
RT-CuTiTe_virtual_76_stropt
Processed: RT-CuTiTe/stropt/RT-CuTiTe_virtual_76_stropt.cif
RT-CuTiTe_virtual_99_stropt
Processed: RT-CuTiTe/stropt/RT-CuTiTe_virtual_99_stropt.cif
RT-CuTiTe_virtual_61_stropt
Processed: RT-CuTiTe/stropt/RT-CuTiTe_virtual_61_stropt.cif
RT-CuTiTe_virtual_335_stropt
Processed: RT-CuTiTe/stropt/RT-CuTiTe_virtual_335_stropt.cif
RT-CuTiTe_virtual_268_stropt
Processed: RT-CuTiTe/stropt/RT-CuTiTe_virtual_268_stropt.cif
RT-CuTiTe_virtual_11_stropt
Processed: RT-CuTiTe/stropt/RT-CuTiTe_virtual_11_stropt.cif
RT-CuTiTe_virtual_169_stropt
Processed: RT-CuTiTe/stropt/RT-CuTiTe_virtual_169_stropt.cif
RT-CuTiTe_virtual_86_stropt
Processed: RT-CuTiTe/stropt/RT-CuTiTe_virtual_86_stropt.cif
RT-CuTiTe_virtual_239_stropt
Processed: RT-CuTiTe/stropt/RT-CuTiTe_virtual_239_stropt.cif
RT-CuTiTe_virtual_36_stropt
Processed: RT-CuTiTe/stropt/RT-CuTiTe_virtual_36_stropt.cif
RT-CuTiTe_virtual_195_stropt
Processed: RT-CuTiTe/stropt/RT-CuTiTe_virtual_195_stropt.cif
RT-CuTiTe_virtual_286_stropt
Processed: RT-CuTiTe/stropt/RT-CuTiTe_virtual_286_stropt.cif
RT-CuTiTe_virtual_291_stropt
Processed: RT-CuTiTe/stropt/RT-CuTiTe_virtual_291_stropt.cif
RT-CuTiTe_virtual_379_stropt
Processed: RT-CuTiTe/stropt/RT-CuTiTe_virtual_379_stropt.cif
RT-CuTiTe_virtual_24_stropt
Processed: RT-CuTiTe/stropt/RT-CuTiTe_virtual_24_stropt.cif
RT-CuTiTe_virtual_66_stropt
Processed: RT-CuTiTe/stropt/RT-CuTiTe_virtual_66_stropt.cif
RT-CuTiTe_virtual_376_stropt
Processed: RT-CuTiTe/stropt/RT-CuTiTe_virtual_376_stropt.cif
RT-CuTiTe_virtual_221_stropt
Processed: RT-CuTiTe/stropt/RT-CuTiTe_virtual_221_stropt.cif
RT-CuTiTe_virtual_254_stropt
Processed: RT-CuTiTe/stropt/RT-CuTiTe_virtual_254_stropt.cif
RT-CuTiTe_virtual_336_stropt
Processed: RT-CuTiTe/stropt/RT-CuTiTe_virtual_336_stropt.cif
RT-CuTiTe_virtual_207_stropt
Processed: RT-CuTiTe/stropt/RT-CuTiTe_virtual_207_stropt.cif
RT-CuTiTe_virtual_326_stropt
Processed: RT-CuTiTe/stropt/RT-CuTiTe_virtual_326_stropt.cif
RT-CuTiTe_virtual_4_stropt
Processed: RT-CuTiTe/stropt/RT-CuTiTe_virtual_4_stropt.cif
RT-CuTiTe_virtual_365_stropt
Processed: RT-CuTiTe/stropt/RT-CuTiTe_virtual_365_stropt.cif
RT-CuTiTe_virtual_385_stropt
Processed: RT-CuTiTe/stropt/RT-CuTiTe_virtual_385_stropt.cif
RT-CuTiTe_virtual_284_stropt
Processed: RT-CuTiTe/stropt/RT-CuTiTe_virtual_284_stropt.cif
RT-CuTiTe_virtual_92_stropt
Processed: RT-CuTiTe/stropt/RT-CuTiTe_virtual_92_stropt.cif
RT-CuTiTe_virtual_323_stropt
Processed: RT-CuTiTe/stropt/RT-CuTiTe_virtual_323_stropt.cif
RT-CuTiTe_virtual_26_stropt
Processed: RT-CuTiTe/stropt/RT-CuTiTe_virtual_26_stropt.cif
RT-CuTiTe_virtual_227_stropt
Processed: RT-CuTiTe/stropt/RT-CuTiTe_virtual_227_stropt.cif
RT-CuTiTe_virtual_213_stropt
Processed: RT-CuTiTe/stropt/RT-CuTiTe_virtual_213_stropt.cif
RT-CuTiTe_virtual_267_stropt
Processed: RT-CuTiTe/stropt/RT-CuTiTe_virtual_267_stropt.cif
RT-CuTiTe_virtual_200_stropt
Processed: RT-CuTiTe/stropt/RT-CuTiTe_virtual_200_stropt.cif
RT-CuTiTe_virtual_122_stropt
Processed: RT-CuTiTe/stropt/RT-CuTiTe_virtual_122_stropt.cif
RT-CuTiTe_virtual_134_stropt
Processed: RT-CuTiTe/stropt/RT-CuTiTe_virtual_134_stropt.cif
RT-CuTiTe_virtual_274_stropt
Processed: RT-CuTiTe/stropt/RT-CuTiTe_virtual_274_stropt.cif
RT-CuTiTe_virtual_75_stropt
Processed: RT-CuTiTe/stropt/RT-CuTiTe_virtual_75_stropt.cif
RT-CuTiTe_virtual_88_stropt
Processed: RT-CuTiTe/stropt/RT-CuTiTe_virtual_88_stropt.cif
RT-CuTiTe_virtual_337_stropt
Processed: RT-CuTiTe/stropt/RT-CuTiTe_virtual_337_stropt.cif
RT-CuTiTe_virtual_180_stropt
Processed: RT-CuTiTe/stropt/RT-CuTiTe_virtual_180_stropt.cif
RT-CuTiTe_virtual_158_stropt
Processed: RT-CuTiTe/stropt/RT-CuTiTe_virtual_158_stropt.cif
RT-CuTiTe_virtual_73_stropt
Processed: RT-CuTiTe/stropt/RT-CuTiTe_virtual_73_stropt.cif
RT-CuTiTe_virtual_84_stropt
Processed: RT-CuTiTe/stropt/RT-CuTiTe_virtual_84_stropt.cif
RT-CuTiTe_virtual_279_stropt
Processed: RT-CuTiTe/stropt/RT-CuTiTe_virtual_279_stropt.cif
RT-CuTiTe_virtual_359_stropt
Processed: RT-CuTiTe/stropt/RT-CuTiTe_virtual_359_stropt.cif
RT-CuTiTe_virtual_71_stropt
Processed: RT-CuTiTe/stropt/RT-CuTiTe_virtual_71_stropt.cif
RT-CuTiTe_virtual_236_stropt
Processed: RT-CuTiTe/stropt/RT-CuTiTe_virtual_236_stropt.cif
RT-CuTiTe_virtual_353_stropt
Processed: RT-CuTiTe/stropt/RT-CuTiTe_virtual_353_stropt.cif
RT-CuTiTe_virtual_173_stropt
Processed: RT-CuTiTe/stropt/RT-CuTiTe_virtual_173_stropt.cif
RT-CuTiTe_virtual_69_stropt
Processed: RT-CuTiTe/stropt/RT-CuTiTe_virtual_69_stropt.cif
RT-CuTiTe_virtual_135_stropt
Processed: RT-CuTiTe/stropt/RT-CuTiTe_virtual_135_stropt.cif
RT-CuTiTe_virtual_60_stropt
Processed: RT-CuTiTe/stropt/RT-CuTiTe_virtual_60_stropt.cif
RT-CuTiTe_virtual_174_stropt
Processed: RT-CuTiTe/stropt/RT-CuTiTe_virtual_174_stropt.cif
RT-CuTiTe_virtual_303_stropt
Processed: RT-CuTiTe/stropt/RT-CuTiTe_virtual_303_stropt.cif
RT-CuTiTe_virtual_124_stropt
Processed: RT-CuTiTe/stropt/RT-CuTiTe_virtual_124_stropt.cif
RT-CuTiTe_virtual_27_stropt
Processed: RT-CuTiTe/stropt/RT-CuTiTe_virtual_27_stropt.cif
RT-CuTiTe_virtual_90_stropt
Processed: RT-CuTiTe/stropt/RT-CuTiTe_virtual_90_stropt.cif
RT-CuTiTe_virtual_64_stropt
Processed: RT-CuTiTe/stropt/RT-CuTiTe_virtual_64_stropt.cif
RT-CuTiTe_virtual_293_stropt
Processed: RT-CuTiTe/stropt/RT-CuTiTe_virtual_293_stropt.cif
RT-CuTiTe_virtual_7_stropt
Processed: RT-CuTiTe/stropt/RT-CuTiTe_virtual_7_stropt.cif
RT-CuTiTe_virtual_177_stropt
Processed: RT-CuTiTe/stropt/RT-CuTiTe_virtual_177_stropt.cif
RT-CuTiTe_virtual_153_stropt
Processed: RT-CuTiTe/stropt/RT-CuTiTe_virtual_153_stropt.cif
RT-CuTiTe_virtual_273_stropt
Processed: RT-CuTiTe/stropt/RT-CuTiTe_virtual_273_stropt.cif
RT-CuTiTe_virtual_350_stropt
Processed: RT-CuTiTe/stropt/RT-CuTiTe_virtual_350_stropt.cif
RT-CuTiTe_virtual_215_stropt
Processed: RT-CuTiTe/stropt/RT-CuTiTe_virtual_215_stropt.cif
RT-CuTiTe_virtual_362_stropt
Processed: RT-CuTiTe/stropt/RT-CuTiTe_virtual_362_stropt.cif
RT-CuTiTe_virtual_56_stropt
Processed: RT-CuTiTe/stropt/RT-CuTiTe_virtual_56_stropt.cif
RT-CuTiTe_virtual_266_stropt
Processed: RT-CuTiTe/stropt/RT-CuTiTe_virtual_266_stropt.cif
RT-CuTiTe_virtual_168_stropt
Processed: RT-CuTiTe/stropt/RT-CuTiTe_virtual_168_stropt.cif
RT-CuTiTe_virtual_399_stropt
Processed: RT-CuTiTe/stropt/RT-CuTiTe_virtual_399_stropt.cif
RT-CuTiTe_virtual_327_stropt
Processed: RT-CuTiTe/stropt/RT-CuTiTe_virtual_327_stropt.cif
RT-CuTiTe_virtual_305_stropt
Processed: RT-CuTiTe/stropt/RT-CuTiTe_virtual_305_stropt.cif
RT-CuTiTe_virtual_70_stropt
Processed: RT-CuTiTe/stropt/RT-CuTiTe_virtual_70_stropt.cif
RT-CuTiTe_virtual_49_stropt
Processed: RT-CuTiTe/stropt/RT-CuTiTe_virtual_49_stropt.cif
RT-CuTiTe_virtual_371_stropt
Processed: RT-CuTiTe/stropt/RT-CuTiTe_virtual_371_stropt.cif
RT-CuTiTe_virtual_285_stropt
Processed: RT-CuTiTe/stropt/RT-CuTiTe_virtual_285_stropt.cif
RT-CuTiTe_virtual_167_stropt
Processed: RT-CuTiTe/stropt/RT-CuTiTe_virtual_167_stropt.cif
RT-CuTiTe_virtual_364_stropt
Processed: RT-CuTiTe/stropt/RT-CuTiTe_virtual_364_stropt.cif
RT-CuTiTe_virtual_300_stropt
Processed: RT-CuTiTe/stropt/RT-CuTiTe_virtual_300_stropt.cif
RT-CuTiTe_virtual_160_stropt
Processed: RT-CuTiTe/stropt/RT-CuTiTe_virtual_160_stropt.cif
RT-CuTiTe_virtual_78_stropt
Processed: RT-CuTiTe/stropt/RT-CuTiTe_virtual_78_stropt.cif
RT-CuTiTe_virtual_243_stropt
Processed: RT-CuTiTe/stropt/RT-CuTiTe_virtual_243_stropt.cif
RT-CuTiTe_virtual_123_stropt
Processed: RT-CuTiTe/stropt/RT-CuTiTe_virtual_123_stropt.cif
RT-CuTiTe_virtual_187_stropt
Processed: RT-CuTiTe/stropt/RT-CuTiTe_virtual_187_stropt.cif
RT-CuTiTe_virtual_103_stropt
Processed: RT-CuTiTe/stropt/RT-CuTiTe_virtual_103_stropt.cif
RT-CuTiTe_virtual_16_stropt
Processed: RT-CuTiTe/stropt/RT-CuTiTe_virtual_16_stropt.cif
RT-CuTiTe_virtual_313_stropt
Processed: RT-CuTiTe/stropt/RT-CuTiTe_virtual_313_stropt.cif
RT-CuTiTe_virtual_208_stropt
Processed: RT-CuTiTe/stropt/RT-CuTiTe_virtual_208_stropt.cif
RT-CuTiTe_virtual_22_stropt
Processed: RT-CuTiTe/stropt/RT-CuTiTe_virtual_22_stropt.cif
RT-CuTiTe_virtual_278_stropt
Processed: RT-CuTiTe/stropt/RT-CuTiTe_virtual_278_stropt.cif
RT-CuTiTe_virtual_246_stropt
Processed: RT-CuTiTe/stropt/RT-CuTiTe_virtual_246_stropt.cif
RT-CuTiTe_virtual_329_stropt
Processed: RT-CuTiTe/stropt/RT-CuTiTe_virtual_329_stropt.cif
RT-CuTiTe_virtual_210_stropt
Processed: RT-CuTiTe/stropt/RT-CuTiTe_virtual_210_stropt.cif
RT-CuTiTe_virtual_330_stropt
Processed: RT-CuTiTe/stropt/RT-CuTiTe_virtual_330_stropt.cif
RT-CuTiTe_virtual_31_stropt
Processed: RT-CuTiTe/stropt/RT-CuTiTe_virtual_31_stropt.cif
RT-CuTiTe_virtual_105_stropt
Processed: RT-CuTiTe/stropt/RT-CuTiTe_virtual_105_stropt.cif
RT-CuTiTe_virtual_319_stropt
Processed: RT-CuTiTe/stropt/RT-CuTiTe_virtual_319_stropt.cif
RT-CuTiTe_virtual_30_stropt
Processed: RT-CuTiTe/stropt/RT-CuTiTe_virtual_30_stropt.cif
RT-CuTiTe_virtual_8_stropt
Processed: RT-CuTiTe/stropt/RT-CuTiTe_virtual_8_stropt.cif
RT-CuTiTe_virtual_269_stropt
Processed: RT-CuTiTe/stropt/RT-CuTiTe_virtual_269_stropt.cif
RT-CuTiTe_virtual_206_stropt
Processed: RT-CuTiTe/stropt/RT-CuTiTe_virtual_206_stropt.cif
RT-CuTiTe_virtual_277_stropt
Processed: RT-CuTiTe/stropt/RT-CuTiTe_virtual_277_stropt.cif
RT-CuTiTe_virtual_314_stropt
Processed: RT-CuTiTe/stropt/RT-CuTiTe_virtual_314_stropt.cif
RT-CuTiTe_virtual_289_stropt
Processed: RT-CuTiTe/stropt/RT-CuTiTe_virtual_289_stropt.cif
RT-CuTiTe_virtual_136_stropt
Processed: RT-CuTiTe/stropt/RT-CuTiTe_virtual_136_stropt.cif
RT-CuTiTe_virtual_156_stropt
Processed: RT-CuTiTe/stropt/RT-CuTiTe_virtual_156_stropt.cif
RT-CuTiTe_virtual_106_stropt
Processed: RT-CuTiTe/stropt/RT-CuTiTe_virtual_106_stropt.cif
RT-CuTiTe_virtual_163_stropt
Processed: RT-CuTiTe/stropt/RT-CuTiTe_virtual_163_stropt.cif
RT-CuTiTe_virtual_261_stropt
Processed: RT-CuTiTe/stropt/RT-CuTiTe_virtual_261_stropt.cif
RT-CuTiTe_virtual_43_stropt
Processed: RT-CuTiTe/stropt/RT-CuTiTe_virtual_43_stropt.cif
RT-CuTiTe_virtual_373_stropt
Processed: RT-CuTiTe/stropt/RT-CuTiTe_virtual_373_stropt.cif
RT-CuTiTe_virtual_185_stropt
Processed: RT-CuTiTe/stropt/RT-CuTiTe_virtual_185_stropt.cif
RT-CuTiTe_virtual_143_stropt
Processed: RT-CuTiTe/stropt/RT-CuTiTe_virtual_143_stropt.cif
RT-CuTiTe_virtual_37_stropt
Processed: RT-CuTiTe/stropt/RT-CuTiTe_virtual_37_stropt.cif
RT-CuTiTe_virtual_154_stropt
Processed: RT-CuTiTe/stropt/RT-CuTiTe_virtual_154_stropt.cif
RT-CuTiTe_virtual_354_stropt
Processed: RT-CuTiTe/stropt/RT-CuTiTe_virtual_354_stropt.cif
RT-CuTiTe_virtual_81_stropt
Processed: RT-CuTiTe/stropt/RT-CuTiTe_virtual_81_stropt.cif
RT-CuTiTe_virtual_331_stropt
Processed: RT-CuTiTe/stropt/RT-CuTiTe_virtual_331_stropt.cif
RT-CuTiTe_virtual_202_stropt
Processed: RT-CuTiTe/stropt/RT-CuTiTe_virtual_202_stropt.cif
RT-CuTiTe_virtual_137_stropt
Processed: RT-CuTiTe/stropt/RT-CuTiTe_virtual_137_stropt.cif
RT-CuTiTe_virtual_115_stropt
Processed: RT-CuTiTe/stropt/RT-CuTiTe_virtual_115_stropt.cif
RT-CuTiTe_virtual_307_stropt
Processed: RT-CuTiTe/stropt/RT-CuTiTe_virtual_307_stropt.cif
RT-CuTiTe_virtual_393_stropt
Processed: RT-CuTiTe/stropt/RT-CuTiTe_virtual_393_stropt.cif
RT-CuTiTe_virtual_194_stropt
Processed: RT-CuTiTe/stropt/RT-CuTiTe_virtual_194_stropt.cif
Results saved to RT-CuTiTe/virtual_properties.csv
